# JRE version: OpenJDK Runtime Environment (17.0.6) (build 17.0.6+0-b2043.56-10027231)
# Java VM: OpenJDK 64-Bit Server VM (17.0.6+0-b2043.56-10027231, mixed mode, tiered, compressed oops, compressed class ptrs, g1 gc, windows-amd64)
GC Precious Log:
 CPUs: 8 total, 8 available
 Memory: 16167M
 Large Page Support: Disabled
 NUMA Support: Disabled
 Compressed Oops: Enabled (Zero based)
 Heap Region Size: 2M
 Heap Min Capacity: 8M
 Heap Initial Capacity: 254M
 Heap Max Capacity: 4042M
 Pre-touch: Disabled
 Parallel Workers: 8
 Concurrent Workers: 2
 Concurrent Refinement Workers: 8
 Periodic GC: Disabled
Heap:
 garbage-first heap   total 303104K, used 112836K [0x0000000703600000, 0x0000000800000000)
  region size 2048K, 32 young (65536K), 3 survivors (6144K)
 Metaspace       used 81566K, committed 81856K, reserved 1122304K
  class space    used 9267K, committed 9408K, reserved 1048576K
GC Heap History (20 events):
Event: 2.760 GC heap before
{Heap before GC invocations=6 (full 0):
 garbage-first heap   total 40960K, used 23715K [0x0000000703600000, 0x0000000800000000)
  region size 2048K, 6 young (12288K), 1 survivors (2048K)
 Metaspace       used 35864K, committed 36096K, reserved 1081344K
  class space    used 4539K, committed 4672K, reserved 1048576K
}
Event: 2.765 GC heap after
{Heap after GC invocations=7 (full 0):
 garbage-first heap   total 40960K, used 16742K [0x0000000703600000, 0x0000000800000000)
  region size 2048K, 1 young (2048K), 1 survivors (2048K)
 Metaspace       used 35864K, committed 36096K, reserved 1081344K
  class space    used 4539K, committed 4672K, reserved 1048576K
}
Event: 2.956 GC heap before
{Heap before GC invocations=8 (full 0):
 garbage-first heap   total 40960K, used 26982K [0x0000000703600000, 0x0000000800000000)
  region size 2048K, 7 young (14336K), 1 survivors (2048K)
 Metaspace       used 38303K, committed 38528K, reserved 1089536K
  class space    used 4772K, committed 4864K, reserved 1048576K
}
Event: 2.960 GC heap after
{Heap after GC invocations=9 (full 0):
 garbage-first heap   total 40960K, used 17921K [0x0000000703600000, 0x0000000800000000)
  region size 2048K, 1 young (2048K), 1 survivors (2048K)
 Metaspace       used 38303K, committed 38528K, reserved 1089536K
  class space    used 4772K, committed 4864K, reserved 1048576K
}
Event: 2.982 GC heap before
{Heap before GC invocations=9 (full 0):
 garbage-first heap   total 40960K, used 19969K [0x0000000703600000, 0x0000000800000000)
  region size 2048K, 2 young (4096K), 1 survivors (2048K)
 Metaspace       used 38652K, committed 38912K, reserved 1089536K
  class space    used 4792K, committed 4928K, reserved 1048576K
}
Event: 2.990 GC heap after
{Heap after GC invocations=10 (full 0):
 garbage-first heap   total 40960K, used 17871K [0x0000000703600000, 0x0000000800000000)
  region size 2048K, 1 young (2048K), 1 survivors (2048K)
 Metaspace       used 38652K, committed 38912K, reserved 1089536K
  class space    used 4792K, committed 4928K, reserved 1048576K
}
Event: 3.172 GC heap before
{Heap before GC invocations=10 (full 0):
 garbage-first heap   total 40960K, used 28111K [0x0000000703600000, 0x0000000800000000)
  region size 2048K, 6 young (12288K), 1 survivors (2048K)
 Metaspace       used 40683K, committed 40896K, reserved 1089536K
  class space    used 4994K, committed 5120K, reserved 1048576K
}
Event: 3.175 GC heap after
{Heap after GC invocations=11 (full 0):
 garbage-first heap   total 151552K, used 18390K [0x0000000703600000, 0x0000000800000000)
  region size 2048K, 1 young (2048K), 1 survivors (2048K)
 Metaspace       used 40683K, committed 40896K, reserved 1089536K
  class space    used 4994K, committed 5120K, reserved 1048576K
}
Event: 5.108 GC heap before
{Heap before GC invocations=11 (full 0):
 garbage-first heap   total 151552K, used 104406K [0x0000000703600000, 0x0000000800000000)
  region size 2048K, 42 young (86016K), 1 survivors (2048K)
 Metaspace       used 53419K, committed 53632K, reserved 1097728K
  class space    used 6434K, committed 6528K, reserved 1048576K
}
Event: 5.119 GC heap after
{Heap after GC invocations=12 (full 0):
 garbage-first heap   total 151552K, used 29778K [0x0000000703600000, 0x0000000800000000)
  region size 2048K, 5 young (10240K), 5 survivors (10240K)
 Metaspace       used 53419K, committed 53632K, reserved 1097728K
  class space    used 6434K, committed 6528K, reserved 1048576K
}
Event: 6.049 GC heap before
{Heap before GC invocations=12 (full 0):
 garbage-first heap   total 151552K, used 97362K [0x0000000703600000, 0x0000000800000000)
  region size 2048K, 38 young (77824K), 5 survivors (10240K)
 Metaspace       used 55934K, committed 56128K, reserved 1105920K
  class space    used 6620K, committed 6720K, reserved 1048576K
}
Event: 6.068 GC heap after
{Heap after GC invocations=13 (full 0):
 garbage-first heap   total 151552K, used 40158K [0x0000000703600000, 0x0000000800000000)
  region size 2048K, 5 young (10240K), 5 survivors (10240K)
 Metaspace       used 55934K, committed 56128K, reserved 1105920K
  class space    used 6620K, committed 6720K, reserved 1048576K
}
Event: 8.012 GC heap before
{Heap before GC invocations=13 (full 0):
 garbage-first heap   total 151552K, used 87262K [0x0000000703600000, 0x0000000800000000)
  region size 2048K, 29 young (59392K), 5 survivors (10240K)
 Metaspace       used 60280K, committed 60480K, reserved 1105920K
  class space    used 6953K, committed 7040K, reserved 1048576K
}
Event: 8.035 GC heap after
{Heap after GC invocations=14 (full 0):
 garbage-first heap   total 151552K, used 45633K [0x0000000703600000, 0x0000000800000000)
  region size 2048K, 3 young (6144K), 3 survivors (6144K)
 Metaspace       used 60280K, committed 60480K, reserved 1105920K
  class space    used 6953K, committed 7040K, reserved 1048576K
}
Event: 10.477 GC heap before
{Heap before GC invocations=15 (full 0):
 garbage-first heap   total 151552K, used 107073K [0x0000000703600000, 0x0000000800000000)
  region size 2048K, 33 young (67584K), 3 survivors (6144K)
 Metaspace       used 69571K, committed 69888K, reserved 1114112K
  class space    used 8095K, committed 8256K, reserved 1048576K
}
Event: 10.502 GC heap after
{Heap after GC invocations=16 (full 0):
 garbage-first heap   total 151552K, used 50556K [0x0000000703600000, 0x0000000800000000)
  region size 2048K, 5 young (10240K), 5 survivors (10240K)
 Metaspace       used 69571K, committed 69888K, reserved 1114112K
  class space    used 8095K, committed 8256K, reserved 1048576K
}
Event: 10.557 GC heap before
{Heap before GC invocations=16 (full 0):
 garbage-first heap   total 151552K, used 52604K [0x0000000703600000, 0x0000000800000000)
  region size 2048K, 6 young (12288K), 5 survivors (10240K)
 Metaspace       used 70086K, committed 70464K, reserved 1114112K
  class space    used 8143K, committed 8320K, reserved 1048576K
}
Event: 10.591 GC heap after
{Heap after GC invocations=17 (full 0):
 garbage-first heap   total 151552K, used 51358K [0x0000000703600000, 0x0000000800000000)
  region size 2048K, 1 young (2048K), 1 survivors (2048K)
 Metaspace       used 70086K, committed 70464K, reserved 1114112K
  class space    used 8143K, committed 8320K, reserved 1048576K
}
Event: 11.862 GC heap before
{Heap before GC invocations=17 (full 0):
 garbage-first heap   total 151552K, used 112798K [0x0000000703600000, 0x0000000800000000)
  region size 2048K, 31 young (63488K), 1 survivors (2048K)
 Metaspace       used 78753K, committed 79104K, reserved 1122304K
  class space    used 8999K, committed 9152K, reserved 1048576K
}
Event: 11.873 GC heap after
{Heap after GC invocations=18 (full 0):
 garbage-first heap   total 303104K, used 55492K [0x0000000703600000, 0x0000000800000000)
  region size 2048K, 3 young (6144K), 3 survivors (6144K)
 Metaspace       used 78753K, committed 79104K, reserved 1122304K
  class space    used 8999K, committed 9152K, reserved 1048576K
}

