# JRE version: OpenJDK Runtime Environment (17.0.6) (build 17.0.6+0-b2043.56-10027231)
# Java VM: OpenJDK 64-Bit Server VM (17.0.6+0-b2043.56-10027231, mixed mode, tiered, compressed oops, compressed class ptrs, g1 gc, windows-amd64)
GC Precious Log:
 CPUs: 8 total, 8 available
 Memory: 16167M
 Large Page Support: Disabled
 NUMA Support: Disabled
 Compressed Oops: Enabled (32-bit)
 Heap Region Size: 1M
 Heap Min Capacity: 8M
 Heap Initial Capacity: 254M
 Heap Max Capacity: 2G
 Pre-touch: Disabled
 Parallel Workers: 8
 Concurrent Workers: 2
 Concurrent Refinement Workers: 8
 Periodic GC: Disabled
Heap:
 garbage-first heap   total 449536K, used 377086K [0x0000000080000000, 0x0000000100000000)
  region size 1024K, 83 young (84992K), 11 survivors (11264K)
 Metaspace       used 130327K, committed 131264K, reserved 1163264K
  class space    used 17522K, committed 17984K, reserved 1048576K
GC Heap History (20 events):
Event: 11.915 GC heap before
{Heap before GC invocations=41 (full 0):
 garbage-first heap   total 217088K, used 149411K [0x0000000080000000, 0x0000000100000000)
  region size 1024K, 27 young (27648K), 4 survivors (4096K)
 Metaspace       used 104455K, committed 105216K, reserved 1146880K
  class space    used 14198K, committed 14592K, reserved 1048576K
}
Event: 11.921 GC heap after
{Heap after GC invocations=42 (full 0):
 garbage-first heap   total 217088K, used 130669K [0x0000000080000000, 0x0000000100000000)
  region size 1024K, 4 young (4096K), 4 survivors (4096K)
 Metaspace       used 104455K, committed 105216K, reserved 1146880K
  class space    used 14198K, committed 14592K, reserved 1048576K
}
Event: 12.021 GC heap before
{Heap before GC invocations=42 (full 0):
 garbage-first heap   total 217088K, used 153197K [0x0000000080000000, 0x0000000100000000)
  region size 1024K, 10 young (10240K), 4 survivors (4096K)
 Metaspace       used 104660K, committed 105408K, reserved 1146880K
  class space    used 14213K, committed 14592K, reserved 1048576K
}
Event: 12.026 GC heap after
{Heap after GC invocations=43 (full 0):
 garbage-first heap   total 434176K, used 132220K [0x0000000080000000, 0x0000000100000000)
  region size 1024K, 2 young (2048K), 2 survivors (2048K)
 Metaspace       used 104660K, committed 105408K, reserved 1146880K
  class space    used 14213K, committed 14592K, reserved 1048576K
}
Event: 13.121 GC heap before
{Heap before GC invocations=43 (full 0):
 garbage-first heap   total 434176K, used 327804K [0x0000000080000000, 0x0000000100000000)
  region size 1024K, 194 young (198656K), 2 survivors (2048K)
 Metaspace       used 110544K, committed 111296K, reserved 1146880K
  class space    used 14715K, committed 15040K, reserved 1048576K
}
Event: 13.125 GC heap after
{Heap after GC invocations=44 (full 0):
 garbage-first heap   total 434176K, used 134007K [0x0000000080000000, 0x0000000100000000)
  region size 1024K, 4 young (4096K), 4 survivors (4096K)
 Metaspace       used 110544K, committed 111296K, reserved 1146880K
  class space    used 14715K, committed 15040K, reserved 1048576K
}
Event: 13.981 GC heap before
{Heap before GC invocations=44 (full 0):
 garbage-first heap   total 434176K, used 256887K [0x0000000080000000, 0x0000000100000000)
  region size 1024K, 88 young (90112K), 4 survivors (4096K)
 Metaspace       used 113584K, committed 114368K, reserved 1155072K
  class space    used 15077K, committed 15424K, reserved 1048576K
}
Event: 13.992 GC heap after
{Heap after GC invocations=45 (full 0):
 garbage-first heap   total 434176K, used 179332K [0x0000000080000000, 0x0000000100000000)
  region size 1024K, 11 young (11264K), 11 survivors (11264K)
 Metaspace       used 113584K, committed 114368K, reserved 1155072K
  class space    used 15077K, committed 15424K, reserved 1048576K
}
Event: 14.723 GC heap before
{Heap before GC invocations=45 (full 0):
 garbage-first heap   total 434176K, used 327812K [0x0000000080000000, 0x0000000100000000)
  region size 1024K, 112 young (114688K), 11 survivors (11264K)
 Metaspace       used 117981K, committed 118848K, reserved 1155072K
  class space    used 15686K, committed 16128K, reserved 1048576K
}
Event: 14.732 GC heap after
{Heap after GC invocations=46 (full 0):
 garbage-first heap   total 434176K, used 200037K [0x0000000080000000, 0x0000000100000000)
  region size 1024K, 23 young (23552K), 23 survivors (23552K)
 Metaspace       used 117981K, committed 118848K, reserved 1155072K
  class space    used 15686K, committed 16128K, reserved 1048576K
}
Event: 15.342 GC heap before
{Heap before GC invocations=47 (full 0):
 garbage-first heap   total 434176K, used 360805K [0x0000000080000000, 0x0000000100000000)
  region size 1024K, 174 young (178176K), 23 survivors (23552K)
 Metaspace       used 121124K, committed 121984K, reserved 1155072K
  class space    used 16298K, committed 16704K, reserved 1048576K
}
Event: 15.406 GC heap after
{Heap after GC invocations=48 (full 0):
 garbage-first heap   total 449536K, used 252373K [0x0000000080000000, 0x0000000100000000)
  region size 1024K, 22 young (22528K), 22 survivors (22528K)
 Metaspace       used 121124K, committed 121984K, reserved 1155072K
  class space    used 16298K, committed 16704K, reserved 1048576K
}
Event: 15.440 GC heap before
{Heap before GC invocations=48 (full 0):
 garbage-first heap   total 449536K, used 253397K [0x0000000080000000, 0x0000000100000000)
  region size 1024K, 23 young (23552K), 22 survivors (22528K)
 Metaspace       used 121124K, committed 121984K, reserved 1155072K
  class space    used 16298K, committed 16704K, reserved 1048576K
}
Event: 15.472 GC heap after
{Heap after GC invocations=49 (full 0):
 garbage-first heap   total 449536K, used 252414K [0x0000000080000000, 0x0000000100000000)
  region size 1024K, 1 young (1024K), 1 survivors (1024K)
 Metaspace       used 121124K, committed 121984K, reserved 1155072K
  class space    used 16298K, committed 16704K, reserved 1048576K
}
Event: 16.317 GC heap before
{Heap before GC invocations=49 (full 0):
 garbage-first heap   total 449536K, used 340478K [0x0000000080000000, 0x0000000100000000)
  region size 1024K, 88 young (90112K), 1 survivors (1024K)
 Metaspace       used 125557K, committed 126400K, reserved 1163264K
  class space    used 16918K, committed 17344K, reserved 1048576K
}
Event: 16.328 GC heap after
{Heap after GC invocations=50 (full 0):
 garbage-first heap   total 449536K, used 261767K [0x0000000080000000, 0x0000000100000000)
  region size 1024K, 11 young (11264K), 11 survivors (11264K)
 Metaspace       used 125557K, committed 126400K, reserved 1163264K
  class space    used 16918K, committed 17344K, reserved 1048576K
}
Event: 16.889 GC heap before
{Heap before GC invocations=50 (full 0):
 garbage-first heap   total 449536K, used 359047K [0x0000000080000000, 0x0000000100000000)
  region size 1024K, 96 young (98304K), 11 survivors (11264K)
 Metaspace       used 126435K, committed 127360K, reserved 1163264K
  class space    used 17023K, committed 17472K, reserved 1048576K
}
Event: 16.901 GC heap after
{Heap after GC invocations=51 (full 0):
 garbage-first heap   total 449536K, used 276657K [0x0000000080000000, 0x0000000100000000)
  region size 1024K, 5 young (5120K), 5 survivors (5120K)
 Metaspace       used 126435K, committed 127360K, reserved 1163264K
  class space    used 17023K, committed 17472K, reserved 1048576K
}
Event: 17.637 GC heap before
{Heap before GC invocations=51 (full 0):
 garbage-first heap   total 449536K, used 365745K [0x0000000080000000, 0x0000000100000000)
  region size 1024K, 87 young (89088K), 5 survivors (5120K)
 Metaspace       used 130075K, committed 131008K, reserved 1163264K
  class space    used 17497K, committed 17984K, reserved 1048576K
}
Event: 17.650 GC heap after
{Heap after GC invocations=52 (full 0):
 garbage-first heap   total 449536K, used 290046K [0x0000000080000000, 0x0000000100000000)
  region size 1024K, 11 young (11264K), 11 survivors (11264K)
 Metaspace       used 130075K, committed 131008K, reserved 1163264K
  class space    used 17497K, committed 17984K, reserved 1048576K
}

