# JRE version: OpenJDK Runtime Environment (17.0.6) (build 17.0.6+0-b2043.56-10027231)
# Java VM: OpenJDK 64-Bit Server VM (17.0.6+0-b2043.56-10027231, mixed mode, tiered, compressed oops, compressed class ptrs, g1 gc, windows-amd64)
GC Precious Log:
 CPUs: 8 total, 8 available
 Memory: 16167M
 Large Page Support: Disabled
 NUMA Support: Disabled
 Compressed Oops: Enabled (32-bit)
 Heap Region Size: 1M
 Heap Min Capacity: 8M
 Heap Initial Capacity: 254M
 Heap Max Capacity: 2G
 Pre-touch: Disabled
 Parallel Workers: 8
 Concurrent Workers: 2
 Concurrent Refinement Workers: 8
 Periodic GC: Disabled
Heap:
 garbage-first heap   total 388096K, used 227455K [0x0000000080000000, 0x0000000100000000)
  region size 1024K, 4 young (4096K), 4 survivors (4096K)
 Metaspace       used 113392K, committed 114112K, reserved 1146880K
  class space    used 15669K, committed 16000K, reserved 1048576K
GC Heap History (20 events):
Event: 17.196 GC heap after
{Heap after GC invocations=47 (full 0):
 garbage-first heap   total 184320K, used 102434K [0x0000000080000000, 0x0000000100000000)
  region size 1024K, 2 young (2048K), 2 survivors (2048K)
 Metaspace       used 100271K, committed 100992K, reserved 1138688K
  class space    used 13764K, committed 14080K, reserved 1048576K
}
Event: 18.141 GC heap before
{Heap before GC invocations=47 (full 0):
 garbage-first heap   total 184320K, used 164898K [0x0000000080000000, 0x0000000100000000)
  region size 1024K, 48 young (49152K), 2 survivors (2048K)
 Metaspace       used 105193K, committed 105920K, reserved 1146880K
  class space    used 14385K, committed 14720K, reserved 1048576K
}
Event: 18.146 GC heap after
{Heap after GC invocations=48 (full 0):
 garbage-first heap   total 388096K, used 120781K [0x0000000080000000, 0x0000000100000000)
  region size 1024K, 7 young (7168K), 7 survivors (7168K)
 Metaspace       used 105193K, committed 105920K, reserved 1146880K
  class space    used 14385K, committed 14720K, reserved 1048576K
}
Event: 18.149 GC heap before
{Heap before GC invocations=48 (full 0):
 garbage-first heap   total 388096K, used 123853K [0x0000000080000000, 0x0000000100000000)
  region size 1024K, 8 young (8192K), 7 survivors (7168K)
 Metaspace       used 105193K, committed 105920K, reserved 1146880K
  class space    used 14385K, committed 14720K, reserved 1048576K
}
Event: 18.153 GC heap after
{Heap after GC invocations=49 (full 0):
 garbage-first heap   total 388096K, used 123218K [0x0000000080000000, 0x0000000100000000)
  region size 1024K, 7 young (7168K), 7 survivors (7168K)
 Metaspace       used 105193K, committed 105920K, reserved 1146880K
  class space    used 14385K, committed 14720K, reserved 1048576K
}
Event: 18.159 GC heap before
{Heap before GC invocations=49 (full 0):
 garbage-first heap   total 388096K, used 127314K [0x0000000080000000, 0x0000000100000000)
  region size 1024K, 12 young (12288K), 7 survivors (7168K)
 Metaspace       used 105196K, committed 105920K, reserved 1146880K
  class space    used 14385K, committed 14720K, reserved 1048576K
}
Event: 18.163 GC heap after
{Heap after GC invocations=50 (full 0):
 garbage-first heap   total 388096K, used 125112K [0x0000000080000000, 0x0000000100000000)
  region size 1024K, 9 young (9216K), 9 survivors (9216K)
 Metaspace       used 105196K, committed 105920K, reserved 1146880K
  class space    used 14385K, committed 14720K, reserved 1048576K
}
Event: 19.574 GC heap before
{Heap before GC invocations=51 (full 0):
 garbage-first heap   total 388096K, used 278712K [0x0000000080000000, 0x0000000100000000)
  region size 1024K, 139 young (142336K), 9 survivors (9216K)
 Metaspace       used 108179K, committed 108928K, reserved 1146880K
  class space    used 14961K, committed 15296K, reserved 1048576K
}
Event: 19.640 GC heap after
{Heap after GC invocations=52 (full 0):
 garbage-first heap   total 388096K, used 189747K [0x0000000080000000, 0x0000000100000000)
  region size 1024K, 18 young (18432K), 18 survivors (18432K)
 Metaspace       used 108179K, committed 108928K, reserved 1146880K
  class space    used 14961K, committed 15296K, reserved 1048576K
}
Event: 19.683 GC heap before
{Heap before GC invocations=52 (full 0):
 garbage-first heap   total 388096K, used 190771K [0x0000000080000000, 0x0000000100000000)
  region size 1024K, 19 young (19456K), 18 survivors (18432K)
 Metaspace       used 108181K, committed 108928K, reserved 1146880K
  class space    used 14961K, committed 15296K, reserved 1048576K
}
Event: 19.711 GC heap after
{Heap after GC invocations=53 (full 0):
 garbage-first heap   total 388096K, used 191708K [0x0000000080000000, 0x0000000100000000)
  region size 1024K, 2 young (2048K), 2 survivors (2048K)
 Metaspace       used 108181K, committed 108928K, reserved 1146880K
  class space    used 14961K, committed 15296K, reserved 1048576K
}
Event: 21.005 GC heap before
{Heap before GC invocations=53 (full 0):
 garbage-first heap   total 388096K, used 274652K [0x0000000080000000, 0x0000000100000000)
  region size 1024K, 83 young (84992K), 2 survivors (2048K)
 Metaspace       used 112240K, committed 113024K, reserved 1146880K
  class space    used 15535K, committed 15872K, reserved 1048576K
}
Event: 21.025 GC heap after
{Heap after GC invocations=54 (full 0):
 garbage-first heap   total 388096K, used 208843K [0x0000000080000000, 0x0000000100000000)
  region size 1024K, 11 young (11264K), 11 survivors (11264K)
 Metaspace       used 112240K, committed 113024K, reserved 1146880K
  class space    used 15535K, committed 15872K, reserved 1048576K
}
Event: 21.560 GC heap before
{Heap before GC invocations=54 (full 0):
 garbage-first heap   total 388096K, used 239563K [0x0000000080000000, 0x0000000100000000)
  region size 1024K, 43 young (44032K), 11 survivors (11264K)
 Metaspace       used 112677K, committed 113472K, reserved 1146880K
  class space    used 15588K, committed 15936K, reserved 1048576K
}
Event: 21.581 GC heap after
{Heap after GC invocations=55 (full 0):
 garbage-first heap   total 388096K, used 212091K [0x0000000080000000, 0x0000000100000000)
  region size 1024K, 3 young (3072K), 3 survivors (3072K)
 Metaspace       used 112677K, committed 113472K, reserved 1146880K
  class space    used 15588K, committed 15936K, reserved 1048576K
}
Event: 24.509 GC heap before
{Heap before GC invocations=56 (full 0):
 garbage-first heap   total 388096K, used 304251K [0x0000000080000000, 0x0000000100000000)
  region size 1024K, 83 young (84992K), 3 survivors (3072K)
 Metaspace       used 113288K, committed 114048K, reserved 1146880K
  class space    used 15658K, committed 16000K, reserved 1048576K
}
Event: 24.526 GC heap after
{Heap after GC invocations=57 (full 0):
 garbage-first heap   total 388096K, used 227492K [0x0000000080000000, 0x0000000100000000)
  region size 1024K, 8 young (8192K), 8 survivors (8192K)
 Metaspace       used 113288K, committed 114048K, reserved 1146880K
  class space    used 15658K, committed 16000K, reserved 1048576K
}
Event: 24.701 GC heap before
{Heap before GC invocations=57 (full 0):
 garbage-first heap   total 388096K, used 237732K [0x0000000080000000, 0x0000000100000000)
  region size 1024K, 18 young (18432K), 8 survivors (8192K)
 Metaspace       used 113384K, committed 114112K, reserved 1146880K
  class space    used 15668K, committed 16000K, reserved 1048576K
}
Event: 24.721 GC heap after
{Heap after GC invocations=58 (full 0):
 garbage-first heap   total 388096K, used 227393K [0x0000000080000000, 0x0000000100000000)
  region size 1024K, 3 young (3072K), 3 survivors (3072K)
 Metaspace       used 113384K, committed 114112K, reserved 1146880K
  class space    used 15668K, committed 16000K, reserved 1048576K
}
Event: 25.028 GC heap before
{Heap before GC invocations=58 (full 0):
 garbage-first heap   total 388096K, used 262209K [0x0000000080000000, 0x0000000100000000)
  region size 1024K, 38 young (38912K), 3 survivors (3072K)
 Metaspace       used 113392K, committed 114112K, reserved 1146880K
  class space    used 15669K, committed 16000K, reserved 1048576K
}

