# JRE version: OpenJDK Runtime Environment (17.0.6) (build 17.0.6+0-b2043.56-10027231)
# Java VM: OpenJDK 64-Bit Server VM (17.0.6+0-b2043.56-10027231, mixed mode, tiered, compressed oops, compressed class ptrs, g1 gc, windows-amd64)
GC Precious Log:
 CPUs: 8 total, 8 available
 Memory: 16167M
 Large Page Support: Disabled
 NUMA Support: Disabled
 Compressed Oops: Enabled (32-bit)
 Heap Region Size: 1M
 Heap Min Capacity: 8M
 Heap Initial Capacity: 254M
 Heap Max Capacity: 2G
 Pre-touch: Disabled
 Parallel Workers: 8
 Concurrent Workers: 2
 Concurrent Refinement Workers: 8
 Periodic GC: Disabled
Heap:
 garbage-first heap   total 329728K, used 251392K [0x0000000080000000, 0x0000000100000000)
  region size 1024K, 5 young (5120K), 5 survivors (5120K)
 Metaspace       used 123557K, committed 124352K, reserved 1163264K
  class space    used 16625K, committed 17024K, reserved 1048576K
GC Heap History (20 events):
Event: 14.612 GC heap after
{Heap after GC invocations=44 (full 0):
 garbage-first heap   total 311296K, used 90600K [0x0000000080000000, 0x0000000100000000)
  region size 1024K, 1 young (1024K), 1 survivors (1024K)
 Metaspace       used 97972K, committed 98624K, reserved 1138688K
  class space    used 13430K, committed 13696K, reserved 1048576K
}
Event: 16.953 GC heap before
{Heap before GC invocations=44 (full 0):
 garbage-first heap   total 311296K, used 254440K [0x0000000080000000, 0x0000000100000000)
  region size 1024K, 145 young (148480K), 1 survivors (1024K)
 Metaspace       used 102106K, committed 102848K, reserved 1138688K
  class space    used 13870K, committed 14208K, reserved 1048576K
}
Event: 16.972 GC heap after
{Heap after GC invocations=45 (full 0):
 garbage-first heap   total 311296K, used 122839K [0x0000000080000000, 0x0000000100000000)
  region size 1024K, 19 young (19456K), 19 survivors (19456K)
 Metaspace       used 102106K, committed 102848K, reserved 1138688K
  class space    used 13870K, committed 14208K, reserved 1048576K
}
Event: 17.992 GC heap before
{Heap before GC invocations=45 (full 0):
 garbage-first heap   total 311296K, used 217047K [0x0000000080000000, 0x0000000100000000)
  region size 1024K, 95 young (97280K), 19 survivors (19456K)
 Metaspace       used 107516K, committed 108224K, reserved 1146880K
  class space    used 14456K, committed 14784K, reserved 1048576K
}
Event: 18.014 GC heap after
{Heap after GC invocations=46 (full 0):
 garbage-first heap   total 311296K, used 133719K [0x0000000080000000, 0x0000000100000000)
  region size 1024K, 10 young (10240K), 10 survivors (10240K)
 Metaspace       used 107516K, committed 108224K, reserved 1146880K
  class space    used 14456K, committed 14784K, reserved 1048576K
}
Event: 18.376 GC heap before
{Heap before GC invocations=46 (full 0):
 garbage-first heap   total 311296K, used 195159K [0x0000000080000000, 0x0000000100000000)
  region size 1024K, 61 young (62464K), 10 survivors (10240K)
 Metaspace       used 108632K, committed 109312K, reserved 1146880K
  class space    used 14530K, committed 14848K, reserved 1048576K
}
Event: 18.383 GC heap after
{Heap after GC invocations=47 (full 0):
 garbage-first heap   total 311296K, used 147145K [0x0000000080000000, 0x0000000100000000)
  region size 1024K, 3 young (3072K), 3 survivors (3072K)
 Metaspace       used 108632K, committed 109312K, reserved 1146880K
  class space    used 14530K, committed 14848K, reserved 1048576K
}
Event: 19.025 GC heap before
{Heap before GC invocations=48 (full 0):
 garbage-first heap   total 329728K, used 291529K [0x0000000080000000, 0x0000000100000000)
  region size 1024K, 85 young (87040K), 3 survivors (3072K)
 Metaspace       used 110258K, committed 111040K, reserved 1146880K
  class space    used 14688K, committed 15040K, reserved 1048576K
}
Event: 19.033 GC heap after
{Heap after GC invocations=49 (full 0):
 garbage-first heap   total 329728K, used 137885K [0x0000000080000000, 0x0000000100000000)
  region size 1024K, 6 young (6144K), 6 survivors (6144K)
 Metaspace       used 110258K, committed 111040K, reserved 1146880K
  class space    used 14688K, committed 15040K, reserved 1048576K
}
Event: 19.145 GC heap before
{Heap before GC invocations=49 (full 0):
 garbage-first heap   total 329728K, used 147101K [0x0000000080000000, 0x0000000100000000)
  region size 1024K, 16 young (16384K), 6 survivors (6144K)
 Metaspace       used 110400K, committed 111168K, reserved 1146880K
  class space    used 14696K, committed 15040K, reserved 1048576K
}
Event: 19.152 GC heap after
{Heap after GC invocations=50 (full 0):
 garbage-first heap   total 329728K, used 135140K [0x0000000080000000, 0x0000000100000000)
  region size 1024K, 2 young (2048K), 2 survivors (2048K)
 Metaspace       used 110400K, committed 111168K, reserved 1146880K
  class space    used 14696K, committed 15040K, reserved 1048576K
}
Event: 20.544 GC heap before
{Heap before GC invocations=50 (full 0):
 garbage-first heap   total 329728K, used 249828K [0x0000000080000000, 0x0000000100000000)
  region size 1024K, 114 young (116736K), 2 survivors (2048K)
 Metaspace       used 113382K, committed 114112K, reserved 1155072K
  class space    used 15038K, committed 15360K, reserved 1048576K
}
Event: 20.552 GC heap after
{Heap after GC invocations=51 (full 0):
 garbage-first heap   total 329728K, used 143247K [0x0000000080000000, 0x0000000100000000)
  region size 1024K, 10 young (10240K), 10 survivors (10240K)
 Metaspace       used 113382K, committed 114112K, reserved 1155072K
  class space    used 15038K, committed 15360K, reserved 1048576K
}
Event: 21.555 GC heap before
{Heap before GC invocations=51 (full 0):
 garbage-first heap   total 329728K, used 294799K [0x0000000080000000, 0x0000000100000000)
  region size 1024K, 119 young (121856K), 10 survivors (10240K)
 Metaspace       used 118091K, committed 118976K, reserved 1155072K
  class space    used 15701K, committed 16128K, reserved 1048576K
}
Event: 21.573 GC heap after
{Heap after GC invocations=52 (full 0):
 garbage-first heap   total 329728K, used 189022K [0x0000000080000000, 0x0000000100000000)
  region size 1024K, 15 young (15360K), 15 survivors (15360K)
 Metaspace       used 118091K, committed 118976K, reserved 1155072K
  class space    used 15701K, committed 16128K, reserved 1048576K
}
Event: 22.035 GC heap before
{Heap before GC invocations=52 (full 0):
 garbage-first heap   total 329728K, used 258654K [0x0000000080000000, 0x0000000100000000)
  region size 1024K, 83 young (84992K), 15 survivors (15360K)
 Metaspace       used 120816K, committed 121600K, reserved 1155072K
  class space    used 16251K, committed 16640K, reserved 1048576K
}
Event: 22.071 GC heap after
{Heap after GC invocations=53 (full 0):
 garbage-first heap   total 329728K, used 220412K [0x0000000080000000, 0x0000000100000000)
  region size 1024K, 11 young (11264K), 11 survivors (11264K)
 Metaspace       used 120816K, committed 121600K, reserved 1155072K
  class space    used 16251K, committed 16640K, reserved 1048576K
}
Event: 22.260 GC heap before
{Heap before GC invocations=53 (full 0):
 garbage-first heap   total 329728K, used 260348K [0x0000000080000000, 0x0000000100000000)
  region size 1024K, 51 young (52224K), 11 survivors (11264K)
 Metaspace       used 120848K, committed 121664K, reserved 1155072K
  class space    used 16251K, committed 16640K, reserved 1048576K
}
Event: 22.292 GC heap after
{Heap after GC invocations=54 (full 0):
 garbage-first heap   total 329728K, used 242176K [0x0000000080000000, 0x0000000100000000)
  region size 1024K, 7 young (7168K), 7 survivors (7168K)
 Metaspace       used 120848K, committed 121664K, reserved 1155072K
  class space    used 16251K, committed 16640K, reserved 1048576K
}
Event: 22.625 GC heap before
{Heap before GC invocations=54 (full 0):
 garbage-first heap   total 329728K, used 267776K [0x0000000080000000, 0x0000000100000000)
  region size 1024K, 33 young (33792K), 7 survivors (7168K)
 Metaspace       used 123557K, committed 124352K, reserved 1163264K
  class space    used 16625K, committed 17024K, reserved 1048576K
}

