# JRE version: OpenJDK Runtime Environment (17.0.6) (build 17.0.6+0-b2043.56-10027231)
# Java VM: OpenJDK 64-Bit Server VM (17.0.6+0-b2043.56-10027231, mixed mode, tiered, compressed oops, compressed class ptrs, g1 gc, windows-amd64)
GC Precious Log:
 CPUs: 8 total, 8 available
 Memory: 16167M
 Large Page Support: Disabled
 NUMA Support: Disabled
 Compressed Oops: Enabled (32-bit)
 Heap Region Size: 1M
 Heap Min Capacity: 8M
 Heap Initial Capacity: 254M
 Heap Max Capacity: 2G
 Pre-touch: Disabled
 Parallel Workers: 8
 Concurrent Workers: 2
 Concurrent Refinement Workers: 8
 Periodic GC: Disabled
Heap:
 garbage-first heap   total 368640K, used 273139K [0x0000000080000000, 0x0000000100000000)
  region size 1024K, 123 young (125952K), 19 survivors (19456K)
 Metaspace       used 120879K, committed 121664K, reserved 1155072K
  class space    used 16265K, committed 16640K, reserved 1048576K
GC Heap History (20 events):
Event: 9.455 GC heap before
{Heap before GC invocations=39 (full 0):
 garbage-first heap   total 147456K, used 118866K [0x0000000080000000, 0x0000000100000000)
  region size 1024K, 44 young (45056K), 1 survivors (1024K)
 Metaspace       used 93516K, committed 94144K, reserved 1130496K
  class space    used 12809K, committed 13120K, reserved 1048576K
}
Event: 9.460 GC heap after
{Heap after GC invocations=40 (full 0):
 garbage-first heap   total 147456K, used 77785K [0x0000000080000000, 0x0000000100000000)
  region size 1024K, 4 young (4096K), 4 survivors (4096K)
 Metaspace       used 93516K, committed 94144K, reserved 1130496K
  class space    used 12809K, committed 13120K, reserved 1048576K
}
Event: 9.745 GC heap before
{Heap before GC invocations=41 (full 0):
 garbage-first heap   total 147456K, used 119769K [0x0000000080000000, 0x0000000100000000)
  region size 1024K, 45 young (46080K), 4 survivors (4096K)
 Metaspace       used 93922K, committed 94528K, reserved 1130496K
  class space    used 12845K, committed 13120K, reserved 1048576K
}
Event: 9.751 GC heap after
{Heap after GC invocations=42 (full 0):
 garbage-first heap   total 147456K, used 83865K [0x0000000080000000, 0x0000000100000000)
  region size 1024K, 6 young (6144K), 6 survivors (6144K)
 Metaspace       used 93922K, committed 94528K, reserved 1130496K
  class space    used 12845K, committed 13120K, reserved 1048576K
}
Event: 9.758 GC heap before
{Heap before GC invocations=42 (full 0):
 garbage-first heap   total 147456K, used 84889K [0x0000000080000000, 0x0000000100000000)
  region size 1024K, 7 young (7168K), 6 survivors (6144K)
 Metaspace       used 93922K, committed 94528K, reserved 1130496K
  class space    used 12845K, committed 13120K, reserved 1048576K
}
Event: 9.763 GC heap after
{Heap after GC invocations=43 (full 0):
 garbage-first heap   total 147456K, used 84663K [0x0000000080000000, 0x0000000100000000)
  region size 1024K, 1 young (1024K), 1 survivors (1024K)
 Metaspace       used 93922K, committed 94528K, reserved 1130496K
  class space    used 12845K, committed 13120K, reserved 1048576K
}
Event: 10.372 GC heap before
{Heap before GC invocations=43 (full 0):
 garbage-first heap   total 147456K, used 102071K [0x0000000080000000, 0x0000000100000000)
  region size 1024K, 20 young (20480K), 1 survivors (1024K)
 Metaspace       used 95092K, committed 95680K, reserved 1138688K
  class space    used 13085K, committed 13376K, reserved 1048576K
}
Event: 10.377 GC heap after
{Heap after GC invocations=44 (full 0):
 garbage-first heap   total 368640K, used 86605K [0x0000000080000000, 0x0000000100000000)
  region size 1024K, 3 young (3072K), 3 survivors (3072K)
 Metaspace       used 95092K, committed 95680K, reserved 1138688K
  class space    used 13085K, committed 13376K, reserved 1048576K
}
Event: 12.912 GC heap before
{Heap before GC invocations=44 (full 0):
 garbage-first heap   total 368640K, used 287309K [0x0000000080000000, 0x0000000100000000)
  region size 1024K, 182 young (186368K), 3 survivors (3072K)
 Metaspace       used 103507K, committed 104320K, reserved 1138688K
  class space    used 14091K, committed 14464K, reserved 1048576K
}
Event: 12.934 GC heap after
{Heap after GC invocations=45 (full 0):
 garbage-first heap   total 368640K, used 121759K [0x0000000080000000, 0x0000000100000000)
  region size 1024K, 23 young (23552K), 23 survivors (23552K)
 Metaspace       used 103507K, committed 104320K, reserved 1138688K
  class space    used 14091K, committed 14464K, reserved 1048576K
}
Event: 13.967 GC heap before
{Heap before GC invocations=45 (full 0):
 garbage-first heap   total 368640K, used 258975K [0x0000000080000000, 0x0000000100000000)
  region size 1024K, 140 young (143360K), 23 survivors (23552K)
 Metaspace       used 108230K, committed 108992K, reserved 1146880K
  class space    used 14495K, committed 14848K, reserved 1048576K
}
Event: 13.984 GC heap after
{Heap after GC invocations=46 (full 0):
 garbage-first heap   total 368640K, used 133221K [0x0000000080000000, 0x0000000100000000)
  region size 1024K, 11 young (11264K), 11 survivors (11264K)
 Metaspace       used 108230K, committed 108992K, reserved 1146880K
  class space    used 14495K, committed 14848K, reserved 1048576K
}
Event: 14.167 GC heap before
{Heap before GC invocations=46 (full 0):
 garbage-first heap   total 368640K, used 203877K [0x0000000080000000, 0x0000000100000000)
  region size 1024K, 47 young (48128K), 11 survivors (11264K)
 Metaspace       used 109037K, committed 109760K, reserved 1146880K
  class space    used 14576K, committed 14912K, reserved 1048576K
}
Event: 14.173 GC heap after
{Heap after GC invocations=47 (full 0):
 garbage-first heap   total 368640K, used 170205K [0x0000000080000000, 0x0000000100000000)
  region size 1024K, 4 young (4096K), 4 survivors (4096K)
 Metaspace       used 109037K, committed 109760K, reserved 1146880K
  class space    used 14576K, committed 14912K, reserved 1048576K
}
Event: 15.052 GC heap before
{Heap before GC invocations=48 (full 0):
 garbage-first heap   total 368640K, used 301277K [0x0000000080000000, 0x0000000100000000)
  region size 1024K, 107 young (109568K), 4 survivors (4096K)
 Metaspace       used 111857K, committed 112576K, reserved 1146880K
  class space    used 14877K, committed 15232K, reserved 1048576K
}
Event: 15.063 GC heap after
{Heap after GC invocations=49 (full 0):
 garbage-first heap   total 368640K, used 127271K [0x0000000080000000, 0x0000000100000000)
  region size 1024K, 8 young (8192K), 8 survivors (8192K)
 Metaspace       used 111857K, committed 112576K, reserved 1146880K
  class space    used 14877K, committed 15232K, reserved 1048576K
}
Event: 15.168 GC heap before
{Heap before GC invocations=49 (full 0):
 garbage-first heap   total 368640K, used 136487K [0x0000000080000000, 0x0000000100000000)
  region size 1024K, 18 young (18432K), 8 survivors (8192K)
 Metaspace       used 111985K, committed 112704K, reserved 1146880K
  class space    used 14885K, committed 15232K, reserved 1048576K
}
Event: 15.175 GC heap after
{Heap after GC invocations=50 (full 0):
 garbage-first heap   total 368640K, used 124116K [0x0000000080000000, 0x0000000100000000)
  region size 1024K, 2 young (2048K), 2 survivors (2048K)
 Metaspace       used 111985K, committed 112704K, reserved 1146880K
  class space    used 14885K, committed 15232K, reserved 1048576K
}
Event: 16.347 GC heap before
{Heap before GC invocations=50 (full 0):
 garbage-first heap   total 368640K, used 317652K [0x0000000080000000, 0x0000000100000000)
  region size 1024K, 152 young (155648K), 2 survivors (2048K)
 Metaspace       used 118021K, committed 118912K, reserved 1155072K
  class space    used 15694K, committed 16128K, reserved 1048576K
}
Event: 16.361 GC heap after
{Heap after GC invocations=51 (full 0):
 garbage-first heap   total 368640K, used 166643K [0x0000000080000000, 0x0000000100000000)
  region size 1024K, 19 young (19456K), 19 survivors (19456K)
 Metaspace       used 118021K, committed 118912K, reserved 1155072K
  class space    used 15694K, committed 16128K, reserved 1048576K
}

