# JRE version: OpenJDK Runtime Environment (17.0.6) (build 17.0.6+0-b2043.56-10027231)
# Java VM: OpenJDK 64-Bit Server VM (17.0.6+0-b2043.56-10027231, mixed mode, tiered, compressed oops, compressed class ptrs, g1 gc, windows-amd64)
GC Precious Log:
 CPUs: 8 total, 8 available
 Memory: 16167M
 Large Page Support: Disabled
 NUMA Support: Disabled
 Compressed Oops: Enabled (32-bit)
 Heap Region Size: 1M
 Heap Min Capacity: 8M
 Heap Initial Capacity: 254M
 Heap Max Capacity: 2G
 Pre-touch: Disabled
 Parallel Workers: 8
 Concurrent Workers: 2
 Concurrent Refinement Workers: 8
 Periodic GC: Disabled
Heap:
 garbage-first heap   total 307200K, used 207360K [0x0000000080000000, 0x0000000100000000)
  region size 1024K, 2 young (2048K), 2 survivors (2048K)
 Metaspace       used 105683K, committed 106432K, reserved 1146880K
  class space    used 14603K, committed 14976K, reserved 1048576K
GC Heap History (20 events):
Event: 9.275 GC heap after
{Heap after GC invocations=26 (full 0):
 garbage-first heap   total 159744K, used 93465K [0x0000000080000000, 0x0000000100000000)
  region size 1024K, 4 young (4096K), 4 survivors (4096K)
 Metaspace       used 96270K, committed 96896K, reserved 1138688K
  class space    used 13271K, committed 13568K, reserved 1048576K
}
Event: 9.551 GC heap before
{Heap before GC invocations=27 (full 0):
 garbage-first heap   total 171008K, used 130329K [0x0000000080000000, 0x0000000100000000)
  region size 1024K, 41 young (41984K), 4 survivors (4096K)
 Metaspace       used 96755K, committed 97472K, reserved 1138688K
  class space    used 13300K, committed 13632K, reserved 1048576K
}
Event: 9.556 GC heap after
{Heap after GC invocations=28 (full 0):
 garbage-first heap   total 171008K, used 95481K [0x0000000080000000, 0x0000000100000000)
  region size 1024K, 6 young (6144K), 6 survivors (6144K)
 Metaspace       used 96755K, committed 97472K, reserved 1138688K
  class space    used 13300K, committed 13632K, reserved 1048576K
}
Event: 9.701 GC heap before
{Heap before GC invocations=28 (full 0):
 garbage-first heap   total 171008K, used 123129K [0x0000000080000000, 0x0000000100000000)
  region size 1024K, 35 young (35840K), 6 survivors (6144K)
 Metaspace       used 97115K, committed 97792K, reserved 1138688K
  class space    used 13364K, committed 13696K, reserved 1048576K
}
Event: 9.705 GC heap after
{Heap after GC invocations=29 (full 0):
 garbage-first heap   total 171008K, used 98543K [0x0000000080000000, 0x0000000100000000)
  region size 1024K, 6 young (6144K), 6 survivors (6144K)
 Metaspace       used 97115K, committed 97792K, reserved 1138688K
  class space    used 13364K, committed 13696K, reserved 1048576K
}
Event: 10.064 GC heap before
{Heap before GC invocations=30 (full 0):
 garbage-first heap   total 178176K, used 140527K [0x0000000080000000, 0x0000000100000000)
  region size 1024K, 47 young (48128K), 6 survivors (6144K)
 Metaspace       used 98908K, committed 99648K, reserved 1138688K
  class space    used 13515K, committed 13824K, reserved 1048576K
}
Event: 10.069 GC heap after
{Heap after GC invocations=31 (full 0):
 garbage-first heap   total 178176K, used 101592K [0x0000000080000000, 0x0000000100000000)
  region size 1024K, 6 young (6144K), 6 survivors (6144K)
 Metaspace       used 98908K, committed 99648K, reserved 1138688K
  class space    used 13515K, committed 13824K, reserved 1048576K
}
Event: 10.310 GC heap before
{Heap before GC invocations=31 (full 0):
 garbage-first heap   total 178176K, used 131288K [0x0000000080000000, 0x0000000100000000)
  region size 1024K, 37 young (37888K), 6 survivors (6144K)
 Metaspace       used 99322K, committed 100096K, reserved 1138688K
  class space    used 13561K, committed 13952K, reserved 1048576K
}
Event: 10.316 GC heap after
{Heap after GC invocations=32 (full 0):
 garbage-first heap   total 214016K, used 103764K [0x0000000080000000, 0x0000000100000000)
  region size 1024K, 3 young (3072K), 3 survivors (3072K)
 Metaspace       used 99322K, committed 100096K, reserved 1138688K
  class space    used 13561K, committed 13952K, reserved 1048576K
}
Event: 10.867 GC heap before
{Heap before GC invocations=33 (full 0):
 garbage-first heap   total 214016K, used 202068K [0x0000000080000000, 0x0000000100000000)
  region size 1024K, 62 young (63488K), 3 survivors (3072K)
 Metaspace       used 102919K, committed 103680K, reserved 1138688K
  class space    used 14071K, committed 14464K, reserved 1048576K
}
Event: 10.894 GC heap after
{Heap after GC invocations=34 (full 0):
 garbage-first heap   total 226304K, used 144994K [0x0000000080000000, 0x0000000100000000)
  region size 1024K, 10 young (10240K), 10 survivors (10240K)
 Metaspace       used 102919K, committed 103680K, reserved 1138688K
  class space    used 14071K, committed 14464K, reserved 1048576K
}
Event: 10.906 GC heap before
{Heap before GC invocations=34 (full 0):
 garbage-first heap   total 226304K, used 146018K [0x0000000080000000, 0x0000000100000000)
  region size 1024K, 11 young (11264K), 10 survivors (10240K)
 Metaspace       used 102919K, committed 103680K, reserved 1138688K
  class space    used 14071K, committed 14464K, reserved 1048576K
}
Event: 10.915 GC heap after
{Heap after GC invocations=35 (full 0):
 garbage-first heap   total 226304K, used 145964K [0x0000000080000000, 0x0000000100000000)
  region size 1024K, 1 young (1024K), 1 survivors (1024K)
 Metaspace       used 102919K, committed 103680K, reserved 1138688K
  class space    used 14071K, committed 14464K, reserved 1048576K
}
Event: 11.293 GC heap before
{Heap before GC invocations=35 (full 0):
 garbage-first heap   total 226304K, used 183852K [0x0000000080000000, 0x0000000100000000)
  region size 1024K, 37 young (37888K), 1 survivors (1024K)
 Metaspace       used 105432K, committed 106240K, reserved 1146880K
  class space    used 14589K, committed 14976K, reserved 1048576K
}
Event: 11.307 GC heap after
{Heap after GC invocations=36 (full 0):
 garbage-first heap   total 226304K, used 161234K [0x0000000080000000, 0x0000000100000000)
  region size 1024K, 5 young (5120K), 5 survivors (5120K)
 Metaspace       used 105432K, committed 106240K, reserved 1146880K
  class space    used 14589K, committed 14976K, reserved 1048576K
}
Event: 11.472 GC heap before
{Heap before GC invocations=36 (full 0):
 garbage-first heap   total 307200K, used 184786K [0x0000000080000000, 0x0000000100000000)
  region size 1024K, 28 young (28672K), 5 survivors (5120K)
 Metaspace       used 105557K, committed 106304K, reserved 1146880K
  class space    used 14589K, committed 14976K, reserved 1048576K
}
Event: 11.492 GC heap after
{Heap after GC invocations=37 (full 0):
 garbage-first heap   total 307200K, used 172990K [0x0000000080000000, 0x0000000100000000)
  region size 1024K, 4 young (4096K), 4 survivors (4096K)
 Metaspace       used 105557K, committed 106304K, reserved 1146880K
  class space    used 14589K, committed 14976K, reserved 1048576K
}
Event: 11.775 GC heap before
{Heap before GC invocations=38 (full 0):
 garbage-first heap   total 307200K, used 231358K [0x0000000080000000, 0x0000000100000000)
  region size 1024K, 62 young (63488K), 4 survivors (4096K)
 Metaspace       used 105613K, committed 106368K, reserved 1146880K
  class space    used 14596K, committed 14976K, reserved 1048576K
}
Event: 11.799 GC heap after
{Heap after GC invocations=39 (full 0):
 garbage-first heap   total 307200K, used 203302K [0x0000000080000000, 0x0000000100000000)
  region size 1024K, 8 young (8192K), 8 survivors (8192K)
 Metaspace       used 105613K, committed 106368K, reserved 1146880K
  class space    used 14596K, committed 14976K, reserved 1048576K
}
Event: 11.860 GC heap before
{Heap before GC invocations=39 (full 0):
 garbage-first heap   total 307200K, used 210470K [0x0000000080000000, 0x0000000100000000)
  region size 1024K, 15 young (15360K), 8 survivors (8192K)
 Metaspace       used 105683K, committed 106432K, reserved 1146880K
  class space    used 14603K, committed 14976K, reserved 1048576K
}

