# JRE version: OpenJDK Runtime Environment (17.0.6) (build 17.0.6+0-b2043.56-10027231)
# Java VM: OpenJDK 64-Bit Server VM (17.0.6+0-b2043.56-10027231, mixed mode, tiered, compressed oops, compressed class ptrs, g1 gc, windows-amd64)
GC Precious Log:
 CPUs: 8 total, 8 available
 Memory: 16167M
 Large Page Support: Disabled
 NUMA Support: Disabled
 Compressed Oops: Enabled (32-bit)
 Heap Region Size: 1M
 Heap Min Capacity: 8M
 Heap Initial Capacity: 254M
 Heap Max Capacity: 2G
 Pre-touch: Disabled
 Parallel Workers: 8
 Concurrent Workers: 2
 Concurrent Refinement Workers: 8
 Periodic GC: Disabled
Heap:
 garbage-first heap   total 329728K, used 259584K [0x0000000080000000, 0x0000000100000000)
  region size 1024K, 4 young (4096K), 4 survivors (4096K)
 Metaspace       used 148182K, committed 149248K, reserved 1179648K
  class space    used 19906K, committed 20416K, reserved 1048576K
GC Heap History (20 events):
Event: 1207.211 GC heap after
{Heap after GC invocations=47 (full 0):
 garbage-first heap   total 208896K, used 152344K [0x0000000080000000, 0x0000000100000000)
  region size 1024K, 6 young (6144K), 6 survivors (6144K)
 Metaspace       used 122104K, committed 123072K, reserved 1155072K
  class space    used 16813K, committed 17280K, reserved 1048576K
}
Event: 1953.876 GC heap before
{Heap before GC invocations=48 (full 0):
 garbage-first heap   total 329728K, used 219928K [0x0000000080000000, 0x0000000100000000)
  region size 1024K, 32 young (32768K), 6 survivors (6144K)
 Metaspace       used 122443K, committed 123392K, reserved 1163264K
  class space    used 16855K, committed 17344K, reserved 1048576K
}
Event: 1953.880 GC heap after
{Heap after GC invocations=49 (full 0):
 garbage-first heap   total 329728K, used 134281K [0x0000000080000000, 0x0000000100000000)
  region size 1024K, 2 young (2048K), 2 survivors (2048K)
 Metaspace       used 122443K, committed 123392K, reserved 1163264K
  class space    used 16855K, committed 17344K, reserved 1048576K
}
Event: 1954.013 GC heap before
{Heap before GC invocations=49 (full 0):
 garbage-first heap   total 329728K, used 147593K [0x0000000080000000, 0x0000000100000000)
  region size 1024K, 16 young (16384K), 2 survivors (2048K)
 Metaspace       used 122448K, committed 123392K, reserved 1163264K
  class space    used 16855K, committed 17344K, reserved 1048576K
}
Event: 1954.017 GC heap after
{Heap after GC invocations=50 (full 0):
 garbage-first heap   total 329728K, used 126562K [0x0000000080000000, 0x0000000100000000)
  region size 1024K, 2 young (2048K), 2 survivors (2048K)
 Metaspace       used 122448K, committed 123392K, reserved 1163264K
  class space    used 16855K, committed 17344K, reserved 1048576K
}
Event: 1954.454 GC heap before
{Heap before GC invocations=50 (full 0):
 garbage-first heap   total 329728K, used 178786K [0x0000000080000000, 0x0000000100000000)
  region size 1024K, 54 young (55296K), 2 survivors (2048K)
 Metaspace       used 122736K, committed 123776K, reserved 1163264K
  class space    used 16896K, committed 17408K, reserved 1048576K
}
Event: 1954.461 GC heap after
{Heap after GC invocations=51 (full 0):
 garbage-first heap   total 329728K, used 133404K [0x0000000080000000, 0x0000000100000000)
  region size 1024K, 9 young (9216K), 9 survivors (9216K)
 Metaspace       used 122736K, committed 123776K, reserved 1163264K
  class space    used 16896K, committed 17408K, reserved 1048576K
}
Event: 1957.009 GC heap before
{Heap before GC invocations=52 (full 0):
 garbage-first heap   total 329728K, used 276764K [0x0000000080000000, 0x0000000100000000)
  region size 1024K, 130 young (133120K), 9 survivors (9216K)
 Metaspace       used 131485K, committed 132480K, reserved 1163264K
  class space    used 17926K, committed 18432K, reserved 1048576K
}
Event: 1957.019 GC heap after
{Heap after GC invocations=53 (full 0):
 garbage-first heap   total 329728K, used 141244K [0x0000000080000000, 0x0000000100000000)
  region size 1024K, 17 young (17408K), 17 survivors (17408K)
 Metaspace       used 131485K, committed 132480K, reserved 1163264K
  class space    used 17926K, committed 18432K, reserved 1048576K
}
Event: 1957.022 GC heap before
{Heap before GC invocations=53 (full 0):
 garbage-first heap   total 329728K, used 142268K [0x0000000080000000, 0x0000000100000000)
  region size 1024K, 18 young (18432K), 17 survivors (17408K)
 Metaspace       used 131485K, committed 132480K, reserved 1163264K
  class space    used 17926K, committed 18432K, reserved 1048576K
}
Event: 1957.040 GC heap after
{Heap after GC invocations=54 (full 0):
 garbage-first heap   total 329728K, used 131300K [0x0000000080000000, 0x0000000100000000)
  region size 1024K, 2 young (2048K), 2 survivors (2048K)
 Metaspace       used 131485K, committed 132480K, reserved 1163264K
  class space    used 17926K, committed 18432K, reserved 1048576K
}
Event: 1959.907 GC heap before
{Heap before GC invocations=54 (full 0):
 garbage-first heap   total 329728K, used 195812K [0x0000000080000000, 0x0000000100000000)
  region size 1024K, 67 young (68608K), 2 survivors (2048K)
 Metaspace       used 138634K, committed 139648K, reserved 1171456K
  class space    used 18821K, committed 19264K, reserved 1048576K
}
Event: 1959.911 GC heap after
{Heap after GC invocations=55 (full 0):
 garbage-first heap   total 329728K, used 134835K [0x0000000080000000, 0x0000000100000000)
  region size 1024K, 5 young (5120K), 5 survivors (5120K)
 Metaspace       used 138634K, committed 139648K, reserved 1171456K
  class space    used 18821K, committed 19264K, reserved 1048576K
}
Event: 1961.150 GC heap before
{Heap before GC invocations=56 (full 0):
 garbage-first heap   total 329728K, used 260787K [0x0000000080000000, 0x0000000100000000)
  region size 1024K, 126 young (129024K), 5 survivors (5120K)
 Metaspace       used 147001K, committed 148096K, reserved 1179648K
  class space    used 19802K, committed 20288K, reserved 1048576K
}
Event: 1961.176 GC heap after
{Heap after GC invocations=57 (full 0):
 garbage-first heap   total 329728K, used 196608K [0x0000000080000000, 0x0000000100000000)
  region size 1024K, 16 young (16384K), 16 survivors (16384K)
 Metaspace       used 147001K, committed 148096K, reserved 1179648K
  class space    used 19802K, committed 20288K, reserved 1048576K
}
Event: 1961.187 GC heap before
{Heap before GC invocations=57 (full 0):
 garbage-first heap   total 329728K, used 197632K [0x0000000080000000, 0x0000000100000000)
  region size 1024K, 17 young (17408K), 16 survivors (16384K)
 Metaspace       used 147043K, committed 148096K, reserved 1179648K
  class space    used 19806K, committed 20288K, reserved 1048576K
}
Event: 1961.201 GC heap after
{Heap after GC invocations=58 (full 0):
 garbage-first heap   total 329728K, used 189440K [0x0000000080000000, 0x0000000100000000)
  region size 1024K, 2 young (2048K), 2 survivors (2048K)
 Metaspace       used 147043K, committed 148096K, reserved 1179648K
  class space    used 19806K, committed 20288K, reserved 1048576K
}
Event: 1961.457 GC heap before
{Heap before GC invocations=58 (full 0):
 garbage-first heap   total 329728K, used 248832K [0x0000000080000000, 0x0000000100000000)
  region size 1024K, 60 young (61440K), 2 survivors (2048K)
 Metaspace       used 148102K, committed 149184K, reserved 1179648K
  class space    used 19906K, committed 20416K, reserved 1048576K
}
Event: 1961.476 GC heap after
{Heap after GC invocations=59 (full 0):
 garbage-first heap   total 329728K, used 238592K [0x0000000080000000, 0x0000000100000000)
  region size 1024K, 8 young (8192K), 8 survivors (8192K)
 Metaspace       used 148102K, committed 149184K, reserved 1179648K
  class space    used 19906K, committed 20416K, reserved 1048576K
}
Event: 1961.602 GC heap before
{Heap before GC invocations=59 (full 0):
 garbage-first heap   total 329728K, used 263168K [0x0000000080000000, 0x0000000100000000)
  region size 1024K, 32 young (32768K), 8 survivors (8192K)
 Metaspace       used 148182K, committed 149248K, reserved 1179648K
  class space    used 19906K, committed 20416K, reserved 1048576K
}

