# JRE version: OpenJDK Runtime Environment (17.0.6) (build 17.0.6+0-b2043.56-10027231)
# Java VM: OpenJDK 64-Bit Server VM (17.0.6+0-b2043.56-10027231, mixed mode, tiered, compressed oops, compressed class ptrs, g1 gc, windows-amd64)
GC Precious Log:
 CPUs: 8 total, 8 available
 Memory: 16167M
 Large Page Support: Disabled
 NUMA Support: Disabled
 Compressed Oops: Enabled (32-bit)
 Heap Region Size: 1M
 Heap Min Capacity: 8M
 Heap Initial Capacity: 254M
 Heap Max Capacity: 2G
 Pre-touch: Disabled
 Parallel Workers: 8
 Concurrent Workers: 2
 Concurrent Refinement Workers: 8
 Periodic GC: Disabled
Heap:
 garbage-first heap   total 393216K, used 259517K [0x0000000080000000, 0x0000000100000000)
  region size 1024K, 3 young (3072K), 3 survivors (3072K)
 Metaspace       used 150683K, committed 151616K, reserved 1187840K
  class space    used 19577K, committed 20032K, reserved 1048576K
GC Heap History (20 events):
Event: 4294.648 GC heap after
{Heap after GC invocations=51 (full 0):
 garbage-first heap   total 393216K, used 189306K [0x0000000080000000, 0x0000000100000000)
  region size 1024K, 5 young (5120K), 5 survivors (5120K)
 Metaspace       used 121525K, committed 122368K, reserved 1163264K
  class space    used 16175K, committed 16576K, reserved 1048576K
}
Event: 4294.753 GC heap before
{Heap before GC invocations=51 (full 0):
 garbage-first heap   total 393216K, used 202618K [0x0000000080000000, 0x0000000100000000)
  region size 1024K, 19 young (19456K), 5 survivors (5120K)
 Metaspace       used 123367K, committed 124224K, reserved 1163264K
  class space    used 16329K, committed 16768K, reserved 1048576K
}
Event: 4294.760 GC heap after
{Heap after GC invocations=52 (full 0):
 garbage-first heap   total 393216K, used 188802K [0x0000000080000000, 0x0000000100000000)
  region size 1024K, 2 young (2048K), 2 survivors (2048K)
 Metaspace       used 123367K, committed 124224K, reserved 1163264K
  class space    used 16329K, committed 16768K, reserved 1048576K
}
Event: 4295.410 GC heap before
{Heap before GC invocations=52 (full 0):
 garbage-first heap   total 393216K, used 281986K [0x0000000080000000, 0x0000000100000000)
  region size 1024K, 94 young (96256K), 2 survivors (2048K)
 Metaspace       used 127875K, committed 128768K, reserved 1163264K
  class space    used 16788K, committed 17216K, reserved 1048576K
}
Event: 4295.415 GC heap after
{Heap after GC invocations=53 (full 0):
 garbage-first heap   total 393216K, used 189485K [0x0000000080000000, 0x0000000100000000)
  region size 1024K, 3 young (3072K), 3 survivors (3072K)
 Metaspace       used 127875K, committed 128768K, reserved 1163264K
  class space    used 16788K, committed 17216K, reserved 1048576K
}
Event: 4296.330 GC heap before
{Heap before GC invocations=54 (full 0):
 garbage-first heap   total 393216K, used 282216K [0x0000000080000000, 0x0000000100000000)
  region size 1024K, 103 young (105472K), 3 survivors (3072K)
 Metaspace       used 129566K, committed 130432K, reserved 1163264K
  class space    used 16994K, committed 17408K, reserved 1048576K
}
Event: 4296.337 GC heap after
{Heap after GC invocations=55 (full 0):
 garbage-first heap   total 393216K, used 188782K [0x0000000080000000, 0x0000000100000000)
  region size 1024K, 12 young (12288K), 12 survivors (12288K)
 Metaspace       used 129566K, committed 130432K, reserved 1163264K
  class space    used 16994K, committed 17408K, reserved 1048576K
}
Event: 4296.374 GC heap before
{Heap before GC invocations=55 (full 0):
 garbage-first heap   total 393216K, used 195950K [0x0000000080000000, 0x0000000100000000)
  region size 1024K, 19 young (19456K), 12 survivors (12288K)
 Metaspace       used 129604K, committed 130496K, reserved 1163264K
  class space    used 16999K, committed 17408K, reserved 1048576K
}
Event: 4296.381 GC heap after
{Heap after GC invocations=56 (full 0):
 garbage-first heap   total 393216K, used 180218K [0x0000000080000000, 0x0000000100000000)
  region size 1024K, 2 young (2048K), 2 survivors (2048K)
 Metaspace       used 129604K, committed 130496K, reserved 1163264K
  class space    used 16999K, committed 17408K, reserved 1048576K
}
Event: 4303.391 GC heap before
{Heap before GC invocations=56 (full 0):
 garbage-first heap   total 393216K, used 291834K [0x0000000080000000, 0x0000000100000000)
  region size 1024K, 112 young (114688K), 2 survivors (2048K)
 Metaspace       used 131521K, committed 132352K, reserved 1171456K
  class space    used 17189K, committed 17600K, reserved 1048576K
}
Event: 4303.396 GC heap after
{Heap after GC invocations=57 (full 0):
 garbage-first heap   total 393216K, used 182627K [0x0000000080000000, 0x0000000100000000)
  region size 1024K, 4 young (4096K), 4 survivors (4096K)
 Metaspace       used 131521K, committed 132352K, reserved 1171456K
  class space    used 17189K, committed 17600K, reserved 1048576K
}
Event: 4308.462 GC heap before
{Heap before GC invocations=58 (full 0):
 garbage-first heap   total 393216K, used 302435K [0x0000000080000000, 0x0000000100000000)
  region size 1024K, 120 young (122880K), 4 survivors (4096K)
 Metaspace       used 141376K, committed 142336K, reserved 1179648K
  class space    used 18510K, committed 19008K, reserved 1048576K
}
Event: 4308.475 GC heap after
{Heap after GC invocations=59 (full 0):
 garbage-first heap   total 393216K, used 193778K [0x0000000080000000, 0x0000000100000000)
  region size 1024K, 13 young (13312K), 13 survivors (13312K)
 Metaspace       used 141376K, committed 142336K, reserved 1179648K
  class space    used 18510K, committed 19008K, reserved 1048576K
}
Event: 4308.570 GC heap before
{Heap before GC invocations=59 (full 0):
 garbage-first heap   total 393216K, used 198898K [0x0000000080000000, 0x0000000100000000)
  region size 1024K, 19 young (19456K), 13 survivors (13312K)
 Metaspace       used 141689K, committed 142656K, reserved 1179648K
  class space    used 18543K, committed 19008K, reserved 1048576K
}
Event: 4308.579 GC heap after
{Heap after GC invocations=60 (full 0):
 garbage-first heap   total 393216K, used 192195K [0x0000000080000000, 0x0000000100000000)
  region size 1024K, 3 young (3072K), 3 survivors (3072K)
 Metaspace       used 141689K, committed 142656K, reserved 1179648K
  class space    used 18543K, committed 19008K, reserved 1048576K
}
Event: 4308.652 GC heap before
{Heap before GC invocations=60 (full 0):
 garbage-first heap   total 393216K, used 197315K [0x0000000080000000, 0x0000000100000000)
  region size 1024K, 10 young (10240K), 3 survivors (3072K)
 Metaspace       used 142647K, committed 143552K, reserved 1179648K
  class space    used 18619K, committed 19072K, reserved 1048576K
}
Event: 4308.655 GC heap after
{Heap after GC invocations=61 (full 0):
 garbage-first heap   total 393216K, used 192162K [0x0000000080000000, 0x0000000100000000)
  region size 1024K, 3 young (3072K), 3 survivors (3072K)
 Metaspace       used 142647K, committed 143552K, reserved 1179648K
  class space    used 18619K, committed 19072K, reserved 1048576K
}
Event: 4309.670 GC heap before
{Heap before GC invocations=62 (full 0):
 garbage-first heap   total 393216K, used 306850K [0x0000000080000000, 0x0000000100000000)
  region size 1024K, 113 young (115712K), 3 survivors (3072K)
 Metaspace       used 150683K, committed 151616K, reserved 1187840K
  class space    used 19577K, committed 20032K, reserved 1048576K
}
Event: 4309.697 GC heap after
{Heap after GC invocations=63 (full 0):
 garbage-first heap   total 393216K, used 255729K [0x0000000080000000, 0x0000000100000000)
  region size 1024K, 15 young (15360K), 15 survivors (15360K)
 Metaspace       used 150683K, committed 151616K, reserved 1187840K
  class space    used 19577K, committed 20032K, reserved 1048576K
}
Event: 4309.711 GC heap before
{Heap before GC invocations=63 (full 0):
 garbage-first heap   total 393216K, used 259825K [0x0000000080000000, 0x0000000100000000)
  region size 1024K, 19 young (19456K), 15 survivors (15360K)
 Metaspace       used 150683K, committed 151616K, reserved 1187840K
  class space    used 19577K, committed 20032K, reserved 1048576K
}

