# JRE version: OpenJDK Runtime Environment (17.0.6) (build 17.0.6+0-b2043.56-10027231)
# Java VM: OpenJDK 64-Bit Server VM (17.0.6+0-b2043.56-10027231, mixed mode, tiered, compressed oops, compressed class ptrs, g1 gc, windows-amd64)
GC Precious Log:
 CPUs: 8 total, 8 available
 Memory: 16167M
 Large Page Support: Disabled
 NUMA Support: Disabled
 Compressed Oops: Enabled (32-bit)
 Heap Region Size: 1M
 Heap Min Capacity: 8M
 Heap Initial Capacity: 254M
 Heap Max Capacity: 2G
 Pre-touch: Disabled
 Parallel Workers: 8
 Concurrent Workers: 2
 Concurrent Refinement Workers: 8
 Periodic GC: Disabled
Heap:
 garbage-first heap   total 460800K, used 188062K [0x0000000080000000, 0x0000000100000000)
  region size 1024K, 3 young (3072K), 3 survivors (3072K)
 Metaspace       used 127240K, committed 128128K, reserved 1163264K
  class space    used 17479K, committed 17920K, reserved 1048576K
GC Heap History (20 events):
Event: 10.168 GC heap after
{Heap after GC invocations=36 (full 0):
 garbage-first heap   total 193536K, used 115712K [0x0000000080000000, 0x0000000100000000)
  region size 1024K, 9 young (9216K), 9 survivors (9216K)
 Metaspace       used 104216K, committed 104960K, reserved 1146880K
  class space    used 14236K, committed 14592K, reserved 1048576K
}
Event: 10.172 GC heap before
{Heap before GC invocations=36 (full 0):
 garbage-first heap   total 193536K, used 121856K [0x0000000080000000, 0x0000000100000000)
  region size 1024K, 10 young (10240K), 9 survivors (9216K)
 Metaspace       used 104325K, committed 105024K, reserved 1146880K
  class space    used 14244K, committed 14592K, reserved 1048576K
}
Event: 10.180 GC heap after
{Heap after GC invocations=37 (full 0):
 garbage-first heap   total 193536K, used 118261K [0x0000000080000000, 0x0000000100000000)
  region size 1024K, 1 young (1024K), 1 survivors (1024K)
 Metaspace       used 104325K, committed 105024K, reserved 1146880K
  class space    used 14244K, committed 14592K, reserved 1048576K
}
Event: 10.199 GC heap before
{Heap before GC invocations=37 (full 0):
 garbage-first heap   total 193536K, used 120309K [0x0000000080000000, 0x0000000100000000)
  region size 1024K, 4 young (4096K), 1 survivors (1024K)
 Metaspace       used 104792K, committed 105536K, reserved 1146880K
  class space    used 14323K, committed 14656K, reserved 1048576K
}
Event: 10.203 GC heap after
{Heap after GC invocations=38 (full 0):
 garbage-first heap   total 447488K, used 118121K [0x0000000080000000, 0x0000000100000000)
  region size 1024K, 1 young (1024K), 1 survivors (1024K)
 Metaspace       used 104792K, committed 105536K, reserved 1146880K
  class space    used 14323K, committed 14656K, reserved 1048576K
}
Event: 11.538 GC heap before
{Heap before GC invocations=38 (full 0):
 garbage-first heap   total 447488K, used 382313K [0x0000000080000000, 0x0000000100000000)
  region size 1024K, 235 young (240640K), 1 survivors (1024K)
 Metaspace       used 112275K, committed 113024K, reserved 1146880K
  class space    used 15533K, committed 15872K, reserved 1048576K
}
Event: 11.598 GC heap after
{Heap after GC invocations=39 (full 0):
 garbage-first heap   total 460800K, used 205521K [0x0000000080000000, 0x0000000100000000)
  region size 1024K, 30 young (30720K), 30 survivors (30720K)
 Metaspace       used 112275K, committed 113024K, reserved 1146880K
  class space    used 15533K, committed 15872K, reserved 1048576K
}
Event: 12.310 GC heap before
{Heap before GC invocations=39 (full 0):
 garbage-first heap   total 460800K, used 328401K [0x0000000080000000, 0x0000000100000000)
  region size 1024K, 140 young (143360K), 30 survivors (30720K)
 Metaspace       used 114930K, committed 115648K, reserved 1155072K
  class space    used 15865K, committed 16192K, reserved 1048576K
}
Event: 12.349 GC heap after
{Heap after GC invocations=40 (full 0):
 garbage-first heap   total 460800K, used 227328K [0x0000000080000000, 0x0000000100000000)
  region size 1024K, 9 young (9216K), 9 survivors (9216K)
 Metaspace       used 114930K, committed 115648K, reserved 1155072K
  class space    used 15865K, committed 16192K, reserved 1048576K
}
Event: 12.569 GC heap before
{Heap before GC invocations=40 (full 0):
 garbage-first heap   total 460800K, used 262144K [0x0000000080000000, 0x0000000100000000)
  region size 1024K, 45 young (46080K), 9 survivors (9216K)
 Metaspace       used 116604K, committed 117312K, reserved 1155072K
  class space    used 16057K, committed 16384K, reserved 1048576K
}
Event: 12.579 GC heap after
{Heap after GC invocations=41 (full 0):
 garbage-first heap   total 460800K, used 228864K [0x0000000080000000, 0x0000000100000000)
  region size 1024K, 11 young (11264K), 11 survivors (11264K)
 Metaspace       used 116604K, committed 117312K, reserved 1155072K
  class space    used 16057K, committed 16384K, reserved 1048576K
}
Event: 13.808 GC heap before
{Heap before GC invocations=42 (full 0):
 garbage-first heap   total 460800K, used 358912K [0x0000000080000000, 0x0000000100000000)
  region size 1024K, 131 young (134144K), 11 survivors (11264K)
 Metaspace       used 118364K, committed 119168K, reserved 1155072K
  class space    used 16303K, committed 16704K, reserved 1048576K
}
Event: 13.826 GC heap after
{Heap after GC invocations=43 (full 0):
 garbage-first heap   total 460800K, used 243272K [0x0000000080000000, 0x0000000100000000)
  region size 1024K, 11 young (11264K), 11 survivors (11264K)
 Metaspace       used 118364K, committed 119168K, reserved 1155072K
  class space    used 16303K, committed 16704K, reserved 1048576K
}
Event: 14.062 GC heap before
{Heap before GC invocations=43 (full 0):
 garbage-first heap   total 460800K, used 254536K [0x0000000080000000, 0x0000000100000000)
  region size 1024K, 22 young (22528K), 11 survivors (11264K)
 Metaspace       used 118413K, committed 119168K, reserved 1155072K
  class space    used 16309K, committed 16704K, reserved 1048576K
}
Event: 14.070 GC heap after
{Heap after GC invocations=44 (full 0):
 garbage-first heap   total 460800K, used 238272K [0x0000000080000000, 0x0000000100000000)
  region size 1024K, 1 young (1024K), 1 survivors (1024K)
 Metaspace       used 118413K, committed 119168K, reserved 1155072K
  class space    used 16309K, committed 16704K, reserved 1048576K
}
Event: 160.046 GC heap before
{Heap before GC invocations=44 (full 0):
 garbage-first heap   total 460800K, used 381632K [0x0000000080000000, 0x0000000100000000)
  region size 1024K, 123 young (125952K), 1 survivors (1024K)
 Metaspace       used 120575K, committed 121408K, reserved 1155072K
  class space    used 16539K, committed 16960K, reserved 1048576K
}
Event: 160.053 GC heap after
{Heap after GC invocations=45 (full 0):
 garbage-first heap   total 460800K, used 247394K [0x0000000080000000, 0x0000000100000000)
  region size 1024K, 10 young (10240K), 10 survivors (10240K)
 Metaspace       used 120575K, committed 121408K, reserved 1155072K
  class space    used 16539K, committed 16960K, reserved 1048576K
}
Event: 160.658 GC heap before
{Heap before GC invocations=46 (full 0):
 garbage-first heap   total 460800K, used 331362K [0x0000000080000000, 0x0000000100000000)
  region size 1024K, 129 young (132096K), 10 survivors (10240K)
 Metaspace       used 127157K, committed 128064K, reserved 1163264K
  class space    used 17478K, committed 17920K, reserved 1048576K
}
Event: 160.673 GC heap after
{Heap after GC invocations=47 (full 0):
 garbage-first heap   total 460800K, used 223643K [0x0000000080000000, 0x0000000100000000)
  region size 1024K, 15 young (15360K), 15 survivors (15360K)
 Metaspace       used 127157K, committed 128064K, reserved 1163264K
  class space    used 17478K, committed 17920K, reserved 1048576K
}
Event: 160.700 GC heap before
{Heap before GC invocations=47 (full 0):
 garbage-first heap   total 460800K, used 230811K [0x0000000080000000, 0x0000000100000000)
  region size 1024K, 22 young (22528K), 15 survivors (15360K)
 Metaspace       used 127240K, committed 128128K, reserved 1163264K
  class space    used 17479K, committed 17920K, reserved 1048576K
}

