# JRE version: OpenJDK Runtime Environment (17.0.6) (build 17.0.6+0-b2043.56-10027231)
# Java VM: OpenJDK 64-Bit Server VM (17.0.6+0-b2043.56-10027231, mixed mode, tiered, compressed oops, compressed class ptrs, g1 gc, windows-amd64)
GC Precious Log:
 CPUs: 8 total, 8 available
 Memory: 16167M
 Large Page Support: Disabled
 NUMA Support: Disabled
 Compressed Oops: Enabled (32-bit)
 Heap Region Size: 1M
 Heap Min Capacity: 8M
 Heap Initial Capacity: 254M
 Heap Max Capacity: 2G
 Pre-touch: Disabled
 Parallel Workers: 8
 Concurrent Workers: 2
 Concurrent Refinement Workers: 8
 Periodic GC: Disabled
Heap:
 garbage-first heap   total 278528K, used 169335K [0x0000000080000000, 0x0000000100000000)
  region size 1024K, 5 young (5120K), 5 survivors (5120K)
 Metaspace       used 123329K, committed 124096K, reserved 1163264K
  class space    used 16233K, committed 16576K, reserved 1048576K
GC Heap History (20 events):
Event: 18.323 GC heap after
{Heap after GC invocations=46 (full 0):
 garbage-first heap   total 218112K, used 128555K [0x0000000080000000, 0x0000000100000000)
  region size 1024K, 9 young (9216K), 9 survivors (9216K)
 Metaspace       used 91428K, committed 92224K, reserved 1130496K
  class space    used 12635K, committed 12992K, reserved 1048576K
}
Event: 19.435 GC heap before
{Heap before GC invocations=46 (full 0):
 garbage-first heap   total 218112K, used 170539K [0x0000000080000000, 0x0000000100000000)
  region size 1024K, 50 young (51200K), 9 survivors (9216K)
 Metaspace       used 94317K, committed 95040K, reserved 1138688K
  class space    used 12987K, committed 13312K, reserved 1048576K
}
Event: 19.461 GC heap after
{Heap after GC invocations=47 (full 0):
 garbage-first heap   total 218112K, used 136329K [0x0000000080000000, 0x0000000100000000)
  region size 1024K, 7 young (7168K), 7 survivors (7168K)
 Metaspace       used 94317K, committed 95040K, reserved 1138688K
  class space    used 12987K, committed 13312K, reserved 1048576K
}
Event: 20.522 GC heap before
{Heap before GC invocations=48 (full 0):
 garbage-first heap   total 240640K, used 180361K [0x0000000080000000, 0x0000000100000000)
  region size 1024K, 44 young (45056K), 7 survivors (7168K)
 Metaspace       used 97315K, committed 98048K, reserved 1138688K
  class space    used 13304K, committed 13632K, reserved 1048576K
}
Event: 20.535 GC heap after
{Heap after GC invocations=49 (full 0):
 garbage-first heap   total 240640K, used 148697K [0x0000000080000000, 0x0000000100000000)
  region size 1024K, 6 young (6144K), 6 survivors (6144K)
 Metaspace       used 97315K, committed 98048K, reserved 1138688K
  class space    used 13304K, committed 13632K, reserved 1048576K
}
Event: 20.665 GC heap before
{Heap before GC invocations=49 (full 0):
 garbage-first heap   total 240640K, used 152793K [0x0000000080000000, 0x0000000100000000)
  region size 1024K, 11 young (11264K), 6 survivors (6144K)
 Metaspace       used 98028K, committed 98752K, reserved 1138688K
  class space    used 13378K, committed 13696K, reserved 1048576K
}
Event: 20.671 GC heap after
{Heap after GC invocations=50 (full 0):
 garbage-first heap   total 240640K, used 149616K [0x0000000080000000, 0x0000000100000000)
  region size 1024K, 2 young (2048K), 2 survivors (2048K)
 Metaspace       used 98028K, committed 98752K, reserved 1138688K
  class space    used 13378K, committed 13696K, reserved 1048576K
}
Event: 22.089 GC heap before
{Heap before GC invocations=50 (full 0):
 garbage-first heap   total 240640K, used 193648K [0x0000000080000000, 0x0000000100000000)
  region size 1024K, 45 young (46080K), 2 survivors (2048K)
 Metaspace       used 104237K, committed 104960K, reserved 1146880K
  class space    used 13990K, committed 14336K, reserved 1048576K
}
Event: 22.096 GC heap after
{Heap after GC invocations=51 (full 0):
 garbage-first heap   total 240640K, used 151964K [0x0000000080000000, 0x0000000100000000)
  region size 1024K, 4 young (4096K), 4 survivors (4096K)
 Metaspace       used 104237K, committed 104960K, reserved 1146880K
  class space    used 13990K, committed 14336K, reserved 1048576K
}
Event: 23.605 GC heap before
{Heap before GC invocations=52 (full 0):
 garbage-first heap   total 266240K, used 198044K [0x0000000080000000, 0x0000000100000000)
  region size 1024K, 48 young (49152K), 4 survivors (4096K)
 Metaspace       used 109754K, committed 110528K, reserved 1146880K
  class space    used 14693K, committed 15040K, reserved 1048576K
}
Event: 23.616 GC heap after
{Heap after GC invocations=53 (full 0):
 garbage-first heap   total 266240K, used 155380K [0x0000000080000000, 0x0000000100000000)
  region size 1024K, 6 young (6144K), 6 survivors (6144K)
 Metaspace       used 109754K, committed 110528K, reserved 1146880K
  class space    used 14693K, committed 15040K, reserved 1048576K
}
Event: 23.649 GC heap before
{Heap before GC invocations=53 (full 0):
 garbage-first heap   total 266240K, used 162548K [0x0000000080000000, 0x0000000100000000)
  region size 1024K, 13 young (13312K), 6 survivors (6144K)
 Metaspace       used 109773K, committed 110528K, reserved 1146880K
  class space    used 14693K, committed 15040K, reserved 1048576K
}
Event: 23.665 GC heap after
{Heap after GC invocations=54 (full 0):
 garbage-first heap   total 266240K, used 157522K [0x0000000080000000, 0x0000000100000000)
  region size 1024K, 2 young (2048K), 2 survivors (2048K)
 Metaspace       used 109773K, committed 110528K, reserved 1146880K
  class space    used 14693K, committed 15040K, reserved 1048576K
}
Event: 25.209 GC heap before
{Heap before GC invocations=54 (full 0):
 garbage-first heap   total 266240K, used 215890K [0x0000000080000000, 0x0000000100000000)
  region size 1024K, 59 young (60416K), 2 survivors (2048K)
 Metaspace       used 112233K, committed 112960K, reserved 1146880K
  class space    used 14960K, committed 15296K, reserved 1048576K
}
Event: 25.218 GC heap after
{Heap after GC invocations=55 (full 0):
 garbage-first heap   total 266240K, used 160059K [0x0000000080000000, 0x0000000100000000)
  region size 1024K, 5 young (5120K), 5 survivors (5120K)
 Metaspace       used 112233K, committed 112960K, reserved 1146880K
  class space    used 14960K, committed 15296K, reserved 1048576K
}
Event: 26.688 GC heap before
{Heap before GC invocations=56 (full 0):
 garbage-first heap   total 278528K, used 217403K [0x0000000080000000, 0x0000000100000000)
  region size 1024K, 61 young (62464K), 5 survivors (5120K)
 Metaspace       used 115161K, committed 115904K, reserved 1155072K
  class space    used 15275K, committed 15616K, reserved 1048576K
}
Event: 26.703 GC heap after
{Heap after GC invocations=57 (full 0):
 garbage-first heap   total 278528K, used 165026K [0x0000000080000000, 0x0000000100000000)
  region size 1024K, 6 young (6144K), 6 survivors (6144K)
 Metaspace       used 115161K, committed 115904K, reserved 1155072K
  class space    used 15275K, committed 15616K, reserved 1048576K
}
Event: 27.079 GC heap before
{Heap before GC invocations=57 (full 0):
 garbage-first heap   total 278528K, used 172194K [0x0000000080000000, 0x0000000100000000)
  region size 1024K, 13 young (13312K), 6 survivors (6144K)
 Metaspace       used 115678K, committed 116416K, reserved 1155072K
  class space    used 15328K, committed 15680K, reserved 1048576K
}
Event: 27.092 GC heap after
{Heap after GC invocations=58 (full 0):
 garbage-first heap   total 278528K, used 165904K [0x0000000080000000, 0x0000000100000000)
  region size 1024K, 2 young (2048K), 2 survivors (2048K)
 Metaspace       used 115678K, committed 116416K, reserved 1155072K
  class space    used 15328K, committed 15680K, reserved 1048576K
}
Event: 29.098 GC heap before
{Heap before GC invocations=58 (full 0):
 garbage-first heap   total 278528K, used 227344K [0x0000000080000000, 0x0000000100000000)
  region size 1024K, 62 young (63488K), 2 survivors (2048K)
 Metaspace       used 123329K, committed 124096K, reserved 1163264K
  class space    used 16233K, committed 16576K, reserved 1048576K
}

