# JRE version: OpenJDK Runtime Environment (17.0.6) (build 17.0.6+0-b2043.56-10027231)
# Java VM: OpenJDK 64-Bit Server VM (17.0.6+0-b2043.56-10027231, mixed mode, tiered, compressed oops, compressed class ptrs, g1 gc, windows-amd64)
GC Precious Log:
 CPUs: 8 total, 8 available
 Memory: 16167M
 Large Page Support: Disabled
 NUMA Support: Disabled
 Compressed Oops: Enabled (32-bit)
 Heap Region Size: 1M
 Heap Min Capacity: 8M
 Heap Initial Capacity: 254M
 Heap Max Capacity: 2G
 Pre-touch: Disabled
 Parallel Workers: 8
 Concurrent Workers: 2
 Concurrent Refinement Workers: 8
 Periodic GC: Disabled
Heap:
 garbage-first heap   total 377856K, used 210529K [0x0000000080000000, 0x0000000100000000)
  region size 1024K, 3 young (3072K), 3 survivors (3072K)
 Metaspace       used 128074K, committed 129344K, reserved 1163264K
  class space    used 17174K, committed 17792K, reserved 1048576K
GC Heap History (20 events):
Event: 158.122 GC heap after
{Heap after GC invocations=59 (full 0):
 garbage-first heap   total 273408K, used 169918K [0x0000000080000000, 0x0000000100000000)
  region size 1024K, 8 young (8192K), 8 survivors (8192K)
 Metaspace       used 115521K, committed 116672K, reserved 1155072K
  class space    used 15543K, committed 16128K, reserved 1048576K
}
Event: 158.547 GC heap before
{Heap before GC invocations=59 (full 0):
 garbage-first heap   total 273408K, used 226238K [0x0000000080000000, 0x0000000100000000)
  region size 1024K, 63 young (64512K), 8 survivors (8192K)
 Metaspace       used 116365K, committed 117504K, reserved 1155072K
  class space    used 15667K, committed 16256K, reserved 1048576K
}
Event: 158.557 GC heap after
{Heap after GC invocations=60 (full 0):
 garbage-first heap   total 273408K, used 178839K [0x0000000080000000, 0x0000000100000000)
  region size 1024K, 8 young (8192K), 8 survivors (8192K)
 Metaspace       used 116365K, committed 117504K, reserved 1155072K
  class space    used 15667K, committed 16256K, reserved 1048576K
}
Event: 159.324 GC heap before
{Heap before GC invocations=61 (full 0):
 garbage-first heap   total 304128K, used 225943K [0x0000000080000000, 0x0000000100000000)
  region size 1024K, 53 young (54272K), 8 survivors (8192K)
 Metaspace       used 119045K, committed 120192K, reserved 1155072K
  class space    used 16022K, committed 16576K, reserved 1048576K
}
Event: 159.337 GC heap after
{Heap after GC invocations=62 (full 0):
 garbage-first heap   total 304128K, used 190103K [0x0000000080000000, 0x0000000100000000)
  region size 1024K, 7 young (7168K), 7 survivors (7168K)
 Metaspace       used 119045K, committed 120192K, reserved 1155072K
  class space    used 16022K, committed 16576K, reserved 1048576K
}
Event: 159.374 GC heap before
{Heap before GC invocations=62 (full 0):
 garbage-first heap   total 304128K, used 197271K [0x0000000080000000, 0x0000000100000000)
  region size 1024K, 14 young (14336K), 7 survivors (7168K)
 Metaspace       used 119083K, committed 120192K, reserved 1155072K
  class space    used 16022K, committed 16576K, reserved 1048576K
}
Event: 159.381 GC heap after
{Heap after GC invocations=63 (full 0):
 garbage-first heap   total 304128K, used 193175K [0x0000000080000000, 0x0000000100000000)
  region size 1024K, 2 young (2048K), 2 survivors (2048K)
 Metaspace       used 119083K, committed 120192K, reserved 1155072K
  class space    used 16022K, committed 16576K, reserved 1048576K
}
Event: 159.867 GC heap before
{Heap before GC invocations=63 (full 0):
 garbage-first heap   total 304128K, used 239255K [0x0000000080000000, 0x0000000100000000)
  region size 1024K, 49 young (50176K), 2 survivors (2048K)
 Metaspace       used 119836K, committed 120960K, reserved 1155072K
  class space    used 16104K, committed 16640K, reserved 1048576K
}
Event: 159.877 GC heap after
{Heap after GC invocations=64 (full 0):
 garbage-first heap   total 304128K, used 205340K [0x0000000080000000, 0x0000000100000000)
  region size 1024K, 7 young (7168K), 7 survivors (7168K)
 Metaspace       used 119836K, committed 120960K, reserved 1155072K
  class space    used 16104K, committed 16640K, reserved 1048576K
}
Event: 160.390 GC heap before
{Heap before GC invocations=65 (full 0):
 garbage-first heap   total 377856K, used 256540K [0x0000000080000000, 0x0000000100000000)
  region size 1024K, 41 young (41984K), 7 survivors (7168K)
 Metaspace       used 121525K, committed 122752K, reserved 1155072K
  class space    used 16333K, committed 16960K, reserved 1048576K
}
Event: 160.397 GC heap after
{Heap after GC invocations=66 (full 0):
 garbage-first heap   total 377856K, used 207800K [0x0000000080000000, 0x0000000100000000)
  region size 1024K, 3 young (3072K), 3 survivors (3072K)
 Metaspace       used 121525K, committed 122752K, reserved 1155072K
  class space    used 16333K, committed 16960K, reserved 1048576K
}
Event: 160.546 GC heap before
{Heap before GC invocations=66 (full 0):
 garbage-first heap   total 377856K, used 222136K [0x0000000080000000, 0x0000000100000000)
  region size 1024K, 18 young (18432K), 3 survivors (3072K)
 Metaspace       used 122083K, committed 123200K, reserved 1155072K
  class space    used 16389K, committed 16960K, reserved 1048576K
}
Event: 160.552 GC heap after
{Heap after GC invocations=67 (full 0):
 garbage-first heap   total 377856K, used 205325K [0x0000000080000000, 0x0000000100000000)
  region size 1024K, 1 young (1024K), 1 survivors (1024K)
 Metaspace       used 122083K, committed 123200K, reserved 1155072K
  class space    used 16389K, committed 16960K, reserved 1048576K
}
Event: 160.738 GC heap before
{Heap before GC invocations=67 (full 0):
 garbage-first heap   total 377856K, used 228877K [0x0000000080000000, 0x0000000100000000)
  region size 1024K, 26 young (26624K), 1 survivors (1024K)
 Metaspace       used 123142K, committed 124352K, reserved 1163264K
  class space    used 16522K, committed 17152K, reserved 1048576K
}
Event: 160.742 GC heap after
{Heap after GC invocations=68 (full 0):
 garbage-first heap   total 377856K, used 208709K [0x0000000080000000, 0x0000000100000000)
  region size 1024K, 5 young (5120K), 5 survivors (5120K)
 Metaspace       used 123142K, committed 124352K, reserved 1163264K
  class space    used 16522K, committed 17152K, reserved 1048576K
}
Event: 161.514 GC heap before
{Heap before GC invocations=69 (full 0):
 garbage-first heap   total 377856K, used 292677K [0x0000000080000000, 0x0000000100000000)
  region size 1024K, 88 young (90112K), 5 survivors (5120K)
 Metaspace       used 124981K, committed 126144K, reserved 1163264K
  class space    used 16748K, committed 17344K, reserved 1048576K
}
Event: 161.528 GC heap after
{Heap after GC invocations=70 (full 0):
 garbage-first heap   total 377856K, used 217231K [0x0000000080000000, 0x0000000100000000)
  region size 1024K, 11 young (11264K), 11 survivors (11264K)
 Metaspace       used 124981K, committed 126144K, reserved 1163264K
  class space    used 16748K, committed 17344K, reserved 1048576K
}
Event: 161.553 GC heap before
{Heap before GC invocations=70 (full 0):
 garbage-first heap   total 377856K, used 223375K [0x0000000080000000, 0x0000000100000000)
  region size 1024K, 18 young (18432K), 11 survivors (11264K)
 Metaspace       used 125122K, committed 126272K, reserved 1163264K
  class space    used 16763K, committed 17344K, reserved 1048576K
}
Event: 161.560 GC heap after
{Heap after GC invocations=71 (full 0):
 garbage-first heap   total 377856K, used 209498K [0x0000000080000000, 0x0000000100000000)
  region size 1024K, 2 young (2048K), 2 survivors (2048K)
 Metaspace       used 125122K, committed 126272K, reserved 1163264K
  class space    used 16763K, committed 17344K, reserved 1048576K
}
Event: 161.744 GC heap before
{Heap before GC invocations=71 (full 0):
 garbage-first heap   total 377856K, used 229978K [0x0000000080000000, 0x0000000100000000)
  region size 1024K, 24 young (24576K), 2 survivors (2048K)
 Metaspace       used 128074K, committed 129344K, reserved 1163264K
  class space    used 17174K, committed 17792K, reserved 1048576K
}

