# JRE version: OpenJDK Runtime Environment (17.0.6) (build 17.0.6+0-b2043.56-10027231)
# Java VM: OpenJDK 64-Bit Server VM (17.0.6+0-b2043.56-10027231, mixed mode, tiered, compressed oops, compressed class ptrs, g1 gc, windows-amd64)
GC Precious Log:
 CPUs: 8 total, 8 available
 Memory: 16167M
 Large Page Support: Disabled
 NUMA Support: Disabled
 Compressed Oops: Enabled (32-bit)
 Heap Region Size: 1M
 Heap Min Capacity: 8M
 Heap Initial Capacity: 254M
 Heap Max Capacity: 2G
 Pre-touch: Disabled
 Parallel Workers: 8
 Concurrent Workers: 2
 Concurrent Refinement Workers: 8
 Periodic GC: Disabled
Heap:
 garbage-first heap   total 332800K, used 204761K [0x0000000080000000, 0x0000000100000000)
  region size 1024K, 14 young (14336K), 4 survivors (4096K)
 Metaspace       used 131578K, committed 132800K, reserved 1171456K
  class space    used 17645K, committed 18240K, reserved 1048576K
GC Heap History (20 events):
Event: 125.672 GC heap before
{Heap before GC invocations=56 (full 0):
 garbage-first heap   total 271360K, used 207034K [0x0000000080000000, 0x0000000100000000)
  region size 1024K, 51 young (52224K), 5 survivors (5120K)
 Metaspace       used 114170K, committed 115264K, reserved 1155072K
  class space    used 15359K, committed 15872K, reserved 1048576K
}
Event: 125.680 GC heap after
{Heap after GC invocations=57 (full 0):
 garbage-first heap   total 271360K, used 164458K [0x0000000080000000, 0x0000000100000000)
  region size 1024K, 4 young (4096K), 4 survivors (4096K)
 Metaspace       used 114170K, committed 115264K, reserved 1155072K
  class space    used 15359K, committed 15872K, reserved 1048576K
}
Event: 125.786 GC heap before
{Heap before GC invocations=57 (full 0):
 garbage-first heap   total 271360K, used 173674K [0x0000000080000000, 0x0000000100000000)
  region size 1024K, 13 young (13312K), 4 survivors (4096K)
 Metaspace       used 114302K, committed 115456K, reserved 1155072K
  class space    used 15373K, committed 15936K, reserved 1048576K
}
Event: 125.793 GC heap after
{Heap after GC invocations=58 (full 0):
 garbage-first heap   total 271360K, used 165725K [0x0000000080000000, 0x0000000100000000)
  region size 1024K, 2 young (2048K), 2 survivors (2048K)
 Metaspace       used 114302K, committed 115456K, reserved 1155072K
  class space    used 15373K, committed 15936K, reserved 1048576K
}
Event: 126.271 GC heap before
{Heap before GC invocations=58 (full 0):
 garbage-first heap   total 271360K, used 226141K [0x0000000080000000, 0x0000000100000000)
  region size 1024K, 61 young (62464K), 2 survivors (2048K)
 Metaspace       used 115819K, committed 116992K, reserved 1155072K
  class space    used 15553K, committed 16128K, reserved 1048576K
}
Event: 126.279 GC heap after
{Heap after GC invocations=59 (full 0):
 garbage-first heap   total 271360K, used 173968K [0x0000000080000000, 0x0000000100000000)
  region size 1024K, 8 young (8192K), 8 survivors (8192K)
 Metaspace       used 115819K, committed 116992K, reserved 1155072K
  class space    used 15553K, committed 16128K, reserved 1048576K
}
Event: 126.704 GC heap before
{Heap before GC invocations=59 (full 0):
 garbage-first heap   total 271360K, used 225168K [0x0000000080000000, 0x0000000100000000)
  region size 1024K, 59 young (60416K), 8 survivors (8192K)
 Metaspace       used 116527K, committed 117632K, reserved 1155072K
  class space    used 15666K, committed 16192K, reserved 1048576K
}
Event: 126.712 GC heap after
{Heap after GC invocations=60 (full 0):
 garbage-first heap   total 271360K, used 180949K [0x0000000080000000, 0x0000000100000000)
  region size 1024K, 7 young (7168K), 7 survivors (7168K)
 Metaspace       used 116527K, committed 117632K, reserved 1155072K
  class space    used 15666K, committed 16192K, reserved 1048576K
}
Event: 127.250 GC heap before
{Heap before GC invocations=61 (full 0):
 garbage-first heap   total 316416K, used 222933K [0x0000000080000000, 0x0000000100000000)
  region size 1024K, 49 young (50176K), 7 survivors (7168K)
 Metaspace       used 118628K, committed 119808K, reserved 1155072K
  class space    used 15915K, committed 16512K, reserved 1048576K
}
Event: 127.258 GC heap after
{Heap after GC invocations=62 (full 0):
 garbage-first heap   total 316416K, used 184282K [0x0000000080000000, 0x0000000100000000)
  region size 1024K, 4 young (4096K), 4 survivors (4096K)
 Metaspace       used 118628K, committed 119808K, reserved 1155072K
  class space    used 15915K, committed 16512K, reserved 1048576K
}
Event: 127.450 GC heap before
{Heap before GC invocations=62 (full 0):
 garbage-first heap   total 316416K, used 194522K [0x0000000080000000, 0x0000000100000000)
  region size 1024K, 15 young (15360K), 4 survivors (4096K)
 Metaspace       used 119518K, committed 120704K, reserved 1155072K
  class space    used 16040K, committed 16640K, reserved 1048576K
}
Event: 127.455 GC heap after
{Heap after GC invocations=63 (full 0):
 garbage-first heap   total 316416K, used 182807K [0x0000000080000000, 0x0000000100000000)
  region size 1024K, 2 young (2048K), 2 survivors (2048K)
 Metaspace       used 119518K, committed 120704K, reserved 1155072K
  class space    used 16040K, committed 16640K, reserved 1048576K
}
Event: 127.936 GC heap before
{Heap before GC invocations=63 (full 0):
 garbage-first heap   total 316416K, used 258583K [0x0000000080000000, 0x0000000100000000)
  region size 1024K, 77 young (78848K), 2 survivors (2048K)
 Metaspace       used 120401K, committed 121600K, reserved 1155072K
  class space    used 16160K, committed 16768K, reserved 1048576K
}
Event: 127.941 GC heap after
{Heap after GC invocations=64 (full 0):
 garbage-first heap   total 316416K, used 188015K [0x0000000080000000, 0x0000000100000000)
  region size 1024K, 7 young (7168K), 7 survivors (7168K)
 Metaspace       used 120401K, committed 121600K, reserved 1155072K
  class space    used 16160K, committed 16768K, reserved 1048576K
}
Event: 135.800 GC heap before
{Heap before GC invocations=65 (full 0):
 garbage-first heap   total 332800K, used 259695K [0x0000000080000000, 0x0000000100000000)
  region size 1024K, 78 young (79872K), 7 survivors (7168K)
 Metaspace       used 122147K, committed 123328K, reserved 1155072K
  class space    used 16375K, committed 16960K, reserved 1048576K
}
Event: 135.806 GC heap after
{Heap after GC invocations=66 (full 0):
 garbage-first heap   total 332800K, used 192586K [0x0000000080000000, 0x0000000100000000)
  region size 1024K, 5 young (5120K), 5 survivors (5120K)
 Metaspace       used 122147K, committed 123328K, reserved 1155072K
  class space    used 16375K, committed 16960K, reserved 1048576K
}
Event: 137.174 GC heap before
{Heap before GC invocations=66 (full 0):
 garbage-first heap   total 332800K, used 202826K [0x0000000080000000, 0x0000000100000000)
  region size 1024K, 16 young (16384K), 5 survivors (5120K)
 Metaspace       used 124152K, committed 125440K, reserved 1163264K
  class space    used 16687K, committed 17344K, reserved 1048576K
}
Event: 137.184 GC heap after
{Heap after GC invocations=67 (full 0):
 garbage-first heap   total 332800K, used 190829K [0x0000000080000000, 0x0000000100000000)
  region size 1024K, 2 young (2048K), 2 survivors (2048K)
 Metaspace       used 124152K, committed 125440K, reserved 1163264K
  class space    used 16687K, committed 17344K, reserved 1048576K
}
Event: 148.901 GC heap before
{Heap before GC invocations=67 (full 0):
 garbage-first heap   total 332800K, used 249197K [0x0000000080000000, 0x0000000100000000)
  region size 1024K, 61 young (62464K), 2 survivors (2048K)
 Metaspace       used 131505K, committed 132736K, reserved 1171456K
  class space    used 17638K, committed 18240K, reserved 1048576K
}
Event: 148.907 GC heap after
{Heap after GC invocations=68 (full 0):
 garbage-first heap   total 332800K, used 193497K [0x0000000080000000, 0x0000000100000000)
  region size 1024K, 4 young (4096K), 4 survivors (4096K)
 Metaspace       used 131505K, committed 132736K, reserved 1171456K
  class space    used 17638K, committed 18240K, reserved 1048576K
}

