# JRE version: OpenJDK Runtime Environment (17.0.6) (build 17.0.6+0-b2043.56-10027231)
# Java VM: OpenJDK 64-Bit Server VM (17.0.6+0-b2043.56-10027231, mixed mode, tiered, compressed oops, compressed class ptrs, g1 gc, windows-amd64)
GC Precious Log:
 CPUs: 8 total, 8 available
 Memory: 16167M
 Large Page Support: Disabled
 NUMA Support: Disabled
 Compressed Oops: Enabled (32-bit)
 Heap Region Size: 1M
 Heap Min Capacity: 8M
 Heap Initial Capacity: 254M
 Heap Max Capacity: 2G
 Pre-touch: Disabled
 Parallel Workers: 8
 Concurrent Workers: 2
 Concurrent Refinement Workers: 8
 Periodic GC: Disabled
Heap:
 garbage-first heap   total 288768K, used 147111K [0x0000000080000000, 0x0000000100000000)
  region size 1024K, 7 young (7168K), 7 survivors (7168K)
 Metaspace       used 111434K, committed 112192K, reserved 1146880K
  class space    used 14812K, committed 15168K, reserved 1048576K
GC Heap History (20 events):
Event: 59.682 GC heap after
{Heap after GC invocations=23 (full 0):
 garbage-first heap   total 173056K, used 93449K [0x0000000080000000, 0x0000000100000000)
  region size 1024K, 8 young (8192K), 8 survivors (8192K)
 Metaspace       used 96536K, committed 97216K, reserved 1138688K
  class space    used 13223K, committed 13568K, reserved 1048576K
}
Event: 60.188 GC heap before
{Heap before GC invocations=24 (full 0):
 garbage-first heap   total 173056K, used 138505K [0x0000000080000000, 0x0000000100000000)
  region size 1024K, 52 young (53248K), 8 survivors (8192K)
 Metaspace       used 99281K, committed 100032K, reserved 1138688K
  class space    used 13565K, committed 13888K, reserved 1048576K
}
Event: 60.195 GC heap after
{Heap after GC invocations=25 (full 0):
 garbage-first heap   total 173056K, used 97327K [0x0000000080000000, 0x0000000100000000)
  region size 1024K, 5 young (5120K), 5 survivors (5120K)
 Metaspace       used 99281K, committed 100032K, reserved 1138688K
  class space    used 13565K, committed 13888K, reserved 1048576K
}
Event: 60.216 GC heap before
{Heap before GC invocations=25 (full 0):
 garbage-first heap   total 173056K, used 100399K [0x0000000080000000, 0x0000000100000000)
  region size 1024K, 8 young (8192K), 5 survivors (5120K)
 Metaspace       used 99296K, committed 100032K, reserved 1138688K
  class space    used 13565K, committed 13888K, reserved 1048576K
}
Event: 60.221 GC heap after
{Heap after GC invocations=26 (full 0):
 garbage-first heap   total 173056K, used 96797K [0x0000000080000000, 0x0000000100000000)
  region size 1024K, 1 young (1024K), 1 survivors (1024K)
 Metaspace       used 99296K, committed 100032K, reserved 1138688K
  class space    used 13565K, committed 13888K, reserved 1048576K
}
Event: 60.799 GC heap before
{Heap before GC invocations=26 (full 0):
 garbage-first heap   total 173056K, used 139805K [0x0000000080000000, 0x0000000100000000)
  region size 1024K, 44 young (45056K), 1 survivors (1024K)
 Metaspace       used 102278K, committed 103040K, reserved 1138688K
  class space    used 13926K, committed 14336K, reserved 1048576K
}
Event: 60.804 GC heap after
{Heap after GC invocations=27 (full 0):
 garbage-first heap   total 173056K, used 99178K [0x0000000080000000, 0x0000000100000000)
  region size 1024K, 4 young (4096K), 4 survivors (4096K)
 Metaspace       used 102278K, committed 103040K, reserved 1138688K
  class space    used 13926K, committed 14336K, reserved 1048576K
}
Event: 61.451 GC heap before
{Heap before GC invocations=28 (full 0):
 garbage-first heap   total 174080K, used 149354K [0x0000000080000000, 0x0000000100000000)
  region size 1024K, 45 young (46080K), 4 survivors (4096K)
 Metaspace       used 102525K, committed 103296K, reserved 1138688K
  class space    used 13922K, committed 14336K, reserved 1048576K
}
Event: 61.463 GC heap after
{Heap after GC invocations=29 (full 0):
 garbage-first heap   total 175104K, used 121656K [0x0000000080000000, 0x0000000100000000)
  region size 1024K, 6 young (6144K), 6 survivors (6144K)
 Metaspace       used 102525K, committed 103296K, reserved 1138688K
  class space    used 13922K, committed 14336K, reserved 1048576K
}
Event: 61.492 GC heap before
{Heap before GC invocations=29 (full 0):
 garbage-first heap   total 175104K, used 122680K [0x0000000080000000, 0x0000000100000000)
  region size 1024K, 8 young (8192K), 6 survivors (6144K)
 Metaspace       used 102532K, committed 103296K, reserved 1138688K
  class space    used 13922K, committed 14336K, reserved 1048576K
}
Event: 61.498 GC heap after
{Heap after GC invocations=30 (full 0):
 garbage-first heap   total 288768K, used 122880K [0x0000000080000000, 0x0000000100000000)
  region size 1024K, 1 young (1024K), 1 survivors (1024K)
 Metaspace       used 102532K, committed 103296K, reserved 1138688K
  class space    used 13922K, committed 14336K, reserved 1048576K
}
Event: 62.654 GC heap before
{Heap before GC invocations=30 (full 0):
 garbage-first heap   total 288768K, used 243712K [0x0000000080000000, 0x0000000100000000)
  region size 1024K, 95 young (97280K), 1 survivors (1024K)
 Metaspace       used 105997K, committed 106816K, reserved 1146880K
  class space    used 14333K, committed 14720K, reserved 1048576K
}
Event: 62.664 GC heap after
{Heap after GC invocations=31 (full 0):
 garbage-first heap   total 288768K, used 133644K [0x0000000080000000, 0x0000000100000000)
  region size 1024K, 12 young (12288K), 12 survivors (12288K)
 Metaspace       used 105997K, committed 106816K, reserved 1146880K
  class space    used 14333K, committed 14720K, reserved 1048576K
}
Event: 63.176 GC heap before
{Heap before GC invocations=31 (full 0):
 garbage-first heap   total 288768K, used 231948K [0x0000000080000000, 0x0000000100000000)
  region size 1024K, 97 young (99328K), 12 survivors (12288K)
 Metaspace       used 109917K, committed 110656K, reserved 1146880K
  class space    used 14662K, committed 15040K, reserved 1048576K
}
Event: 63.187 GC heap after
{Heap after GC invocations=32 (full 0):
 garbage-first heap   total 288768K, used 153064K [0x0000000080000000, 0x0000000100000000)
  region size 1024K, 7 young (7168K), 7 survivors (7168K)
 Metaspace       used 109917K, committed 110656K, reserved 1146880K
  class space    used 14662K, committed 15040K, reserved 1048576K
}
Event: 63.274 GC heap before
{Heap before GC invocations=32 (full 0):
 garbage-first heap   total 288768K, used 191976K [0x0000000080000000, 0x0000000100000000)
  region size 1024K, 35 young (35840K), 7 survivors (7168K)
 Metaspace       used 110566K, committed 111360K, reserved 1146880K
  class space    used 14732K, committed 15104K, reserved 1048576K
}
Event: 63.279 GC heap after
{Heap after GC invocations=33 (full 0):
 garbage-first heap   total 288768K, used 144558K [0x0000000080000000, 0x0000000100000000)
  region size 1024K, 4 young (4096K), 4 survivors (4096K)
 Metaspace       used 110566K, committed 111360K, reserved 1146880K
  class space    used 14732K, committed 15104K, reserved 1048576K
}
Event: 63.290 GC heap before
{Heap before GC invocations=33 (full 0):
 garbage-first heap   total 288768K, used 156846K [0x0000000080000000, 0x0000000100000000)
  region size 1024K, 6 young (6144K), 4 survivors (4096K)
 Metaspace       used 110589K, committed 111360K, reserved 1146880K
  class space    used 14732K, committed 15104K, reserved 1048576K
}
Event: 63.292 GC heap after
{Heap after GC invocations=34 (full 0):
 garbage-first heap   total 288768K, used 155837K [0x0000000080000000, 0x0000000100000000)
  region size 1024K, 4 young (4096K), 4 survivors (4096K)
 Metaspace       used 110589K, committed 111360K, reserved 1146880K
  class space    used 14732K, committed 15104K, reserved 1048576K
}
Event: 63.541 GC heap before
{Heap before GC invocations=34 (full 0):
 garbage-first heap   total 288768K, used 214205K [0x0000000080000000, 0x0000000100000000)
  region size 1024K, 52 young (53248K), 4 survivors (4096K)
 Metaspace       used 111434K, committed 112192K, reserved 1146880K
  class space    used 14812K, committed 15168K, reserved 1048576K
}

