# JRE version: OpenJDK Runtime Environment (17.0.6) (build 17.0.6+0-b2043.56-10027231)
# Java VM: OpenJDK 64-Bit Server VM (17.0.6+0-b2043.56-10027231, mixed mode, tiered, compressed oops, compressed class ptrs, g1 gc, windows-amd64)
GC Precious Log:
 CPUs: 8 total, 8 available
 Memory: 16167M
 Large Page Support: Disabled
 NUMA Support: Disabled
 Compressed Oops: Enabled (32-bit)
 Heap Region Size: 1M
 Heap Min Capacity: 8M
 Heap Initial Capacity: 254M
 Heap Max Capacity: 2G
 Pre-touch: Disabled
 Parallel Workers: 8
 Concurrent Workers: 2
 Concurrent Refinement Workers: 8
 Periodic GC: Disabled
Heap:
 garbage-first heap   total 393216K, used 229123K [0x0000000080000000, 0x0000000100000000)
  region size 1024K, 1 young (1024K), 1 survivors (1024K)
 Metaspace       used 124452K, committed 125312K, reserved 1163264K
  class space    used 16775K, committed 17216K, reserved 1048576K
GC Heap History (20 events):
Event: 15.206 GC heap after
{Heap after GC invocations=33 (full 0):
 garbage-first heap   total 315392K, used 130572K [0x0000000080000000, 0x0000000100000000)
  region size 1024K, 12 young (12288K), 12 survivors (12288K)
 Metaspace       used 107899K, committed 108672K, reserved 1146880K
  class space    used 14477K, committed 14848K, reserved 1048576K
}
Event: 15.554 GC heap before
{Heap before GC invocations=33 (full 0):
 garbage-first heap   total 315392K, used 208396K [0x0000000080000000, 0x0000000100000000)
  region size 1024K, 78 young (79872K), 12 survivors (12288K)
 Metaspace       used 109121K, committed 109824K, reserved 1146880K
  class space    used 14572K, committed 14912K, reserved 1048576K
}
Event: 15.564 GC heap after
{Heap after GC invocations=34 (full 0):
 garbage-first heap   total 315392K, used 146490K [0x0000000080000000, 0x0000000100000000)
  region size 1024K, 5 young (5120K), 5 survivors (5120K)
 Metaspace       used 109121K, committed 109824K, reserved 1146880K
  class space    used 14572K, committed 14912K, reserved 1048576K
}
Event: 16.114 GC heap before
{Heap before GC invocations=35 (full 0):
 garbage-first heap   total 316416K, used 292922K [0x0000000080000000, 0x0000000100000000)
  region size 1024K, 90 young (92160K), 5 survivors (5120K)
 Metaspace       used 110872K, committed 111616K, reserved 1146880K
  class space    used 14759K, committed 15104K, reserved 1048576K
}
Event: 16.119 GC heap after
{Heap after GC invocations=36 (full 0):
 garbage-first heap   total 316416K, used 136084K [0x0000000080000000, 0x0000000100000000)
  region size 1024K, 7 young (7168K), 7 survivors (7168K)
 Metaspace       used 110872K, committed 111616K, reserved 1146880K
  class space    used 14759K, committed 15104K, reserved 1048576K
}
Event: 16.202 GC heap before
{Heap before GC invocations=36 (full 0):
 garbage-first heap   total 316416K, used 143252K [0x0000000080000000, 0x0000000100000000)
  region size 1024K, 15 young (15360K), 7 survivors (7168K)
 Metaspace       used 111053K, committed 111744K, reserved 1146880K
  class space    used 14773K, committed 15104K, reserved 1048576K
}
Event: 16.206 GC heap after
{Heap after GC invocations=37 (full 0):
 garbage-first heap   total 316416K, used 135594K [0x0000000080000000, 0x0000000100000000)
  region size 1024K, 2 young (2048K), 2 survivors (2048K)
 Metaspace       used 111053K, committed 111744K, reserved 1146880K
  class space    used 14773K, committed 15104K, reserved 1048576K
}
Event: 17.027 GC heap before
{Heap before GC invocations=37 (full 0):
 garbage-first heap   total 316416K, used 251306K [0x0000000080000000, 0x0000000100000000)
  region size 1024K, 115 young (117760K), 2 survivors (2048K)
 Metaspace       used 113784K, committed 114496K, reserved 1155072K
  class space    used 15103K, committed 15424K, reserved 1048576K
}
Event: 17.034 GC heap after
{Heap after GC invocations=38 (full 0):
 garbage-first heap   total 316416K, used 143710K [0x0000000080000000, 0x0000000100000000)
  region size 1024K, 10 young (10240K), 10 survivors (10240K)
 Metaspace       used 113784K, committed 114496K, reserved 1155072K
  class space    used 15103K, committed 15424K, reserved 1048576K
}
Event: 17.512 GC heap before
{Heap before GC invocations=38 (full 0):
 garbage-first heap   total 316416K, used 233822K [0x0000000080000000, 0x0000000100000000)
  region size 1024K, 69 young (70656K), 10 survivors (10240K)
 Metaspace       used 117740K, committed 118592K, reserved 1155072K
  class space    used 15645K, committed 16064K, reserved 1048576K
}
Event: 17.523 GC heap after
{Heap after GC invocations=39 (full 0):
 garbage-first heap   total 316416K, used 174635K [0x0000000080000000, 0x0000000100000000)
  region size 1024K, 11 young (11264K), 11 survivors (11264K)
 Metaspace       used 117740K, committed 118592K, reserved 1155072K
  class space    used 15645K, committed 16064K, reserved 1048576K
}
Event: 18.046 GC heap before
{Heap before GC invocations=39 (full 0):
 garbage-first heap   total 316416K, used 265771K [0x0000000080000000, 0x0000000100000000)
  region size 1024K, 91 young (93184K), 11 survivors (11264K)
 Metaspace       used 120824K, committed 121664K, reserved 1155072K
  class space    used 16250K, committed 16640K, reserved 1048576K
}
Event: 18.069 GC heap after
{Heap after GC invocations=40 (full 0):
 garbage-first heap   total 316416K, used 207556K [0x0000000080000000, 0x0000000100000000)
  region size 1024K, 12 young (12288K), 12 survivors (12288K)
 Metaspace       used 120824K, committed 121664K, reserved 1155072K
  class space    used 16250K, committed 16640K, reserved 1048576K
}
Event: 18.172 GC heap before
{Heap before GC invocations=40 (full 0):
 garbage-first heap   total 316416K, used 253636K [0x0000000080000000, 0x0000000100000000)
  region size 1024K, 57 young (58368K), 12 survivors (12288K)
 Metaspace       used 120889K, committed 121728K, reserved 1155072K
  class space    used 16250K, committed 16640K, reserved 1048576K
}
Event: 18.199 GC heap after
{Heap after GC invocations=41 (full 0):
 garbage-first heap   total 316416K, used 231424K [0x0000000080000000, 0x0000000100000000)
  region size 1024K, 8 young (8192K), 8 survivors (8192K)
 Metaspace       used 120889K, committed 121728K, reserved 1155072K
  class space    used 16250K, committed 16640K, reserved 1048576K
}
Event: 18.311 GC heap before
{Heap before GC invocations=41 (full 0):
 garbage-first heap   total 316416K, used 259072K [0x0000000080000000, 0x0000000100000000)
  region size 1024K, 35 young (35840K), 8 survivors (8192K)
 Metaspace       used 120923K, committed 121728K, reserved 1155072K
  class space    used 16250K, committed 16640K, reserved 1048576K
}
Event: 18.328 GC heap after
{Heap after GC invocations=42 (full 0):
 garbage-first heap   total 316416K, used 246784K [0x0000000080000000, 0x0000000100000000)
  region size 1024K, 5 young (5120K), 5 survivors (5120K)
 Metaspace       used 120923K, committed 121728K, reserved 1155072K
  class space    used 16250K, committed 16640K, reserved 1048576K
}
Event: 18.647 GC heap before
{Heap before GC invocations=43 (full 0):
 garbage-first heap   total 393216K, used 247808K [0x0000000080000000, 0x0000000100000000)
  region size 1024K, 22 young (22528K), 5 survivors (5120K)
 Metaspace       used 123589K, committed 124416K, reserved 1163264K
  class space    used 16639K, committed 17024K, reserved 1048576K
}
Event: 18.655 GC heap after
{Heap after GC invocations=44 (full 0):
 garbage-first heap   total 393216K, used 235415K [0x0000000080000000, 0x0000000100000000)
  region size 1024K, 3 young (3072K), 3 survivors (3072K)
 Metaspace       used 123589K, committed 124416K, reserved 1163264K
  class space    used 16639K, committed 17024K, reserved 1048576K
}
Event: 18.853 GC heap before
{Heap before GC invocations=44 (full 0):
 garbage-first heap   total 393216K, used 251799K [0x0000000080000000, 0x0000000100000000)
  region size 1024K, 19 young (19456K), 3 survivors (3072K)
 Metaspace       used 124452K, committed 125312K, reserved 1163264K
  class space    used 16775K, committed 17216K, reserved 1048576K
}

