# JRE version: OpenJDK Runtime Environment (17.0.6) (build 17.0.6+0-b2043.56-10027231)
# Java VM: OpenJDK 64-Bit Server VM (17.0.6+0-b2043.56-10027231, mixed mode, tiered, compressed oops, compressed class ptrs, g1 gc, windows-amd64)
GC Precious Log:
 CPUs: 8 total, 8 available
 Memory: 16167M
 Large Page Support: Disabled
 NUMA Support: Disabled
 Compressed Oops: Enabled (32-bit)
 Heap Region Size: 1M
 Heap Min Capacity: 8M
 Heap Initial Capacity: 254M
 Heap Max Capacity: 2G
 Pre-touch: Disabled
 Parallel Workers: 8
 Concurrent Workers: 2
 Concurrent Refinement Workers: 8
 Periodic GC: Disabled
Heap:
 garbage-first heap   total 268288K, used 198303K [0x0000000080000000, 0x0000000100000000)
  region size 1024K, 41 young (41984K), 1 survivors (1024K)
 Metaspace       used 112264K, committed 114112K, reserved 1155072K
  class space    used 15012K, committed 15744K, reserved 1048576K
GC Heap History (20 events):
Event: 16.795 GC heap before
{Heap before GC invocations=46 (full 0):
 garbage-first heap   total 227328K, used 148481K [0x0000000080000000, 0x0000000100000000)
  region size 1024K, 19 young (19456K), 8 survivors (8192K)
 Metaspace       used 92498K, committed 93184K, reserved 1130496K
  class space    used 12708K, committed 13056K, reserved 1048576K
}
Event: 16.807 GC heap after
{Heap after GC invocations=47 (full 0):
 garbage-first heap   total 227328K, used 140553K [0x0000000080000000, 0x0000000100000000)
  region size 1024K, 2 young (2048K), 2 survivors (2048K)
 Metaspace       used 92498K, committed 93184K, reserved 1130496K
  class space    used 12708K, committed 13056K, reserved 1048576K
}
Event: 18.198 GC heap before
{Heap before GC invocations=48 (full 0):
 garbage-first heap   total 245760K, used 187657K [0x0000000080000000, 0x0000000100000000)
  region size 1024K, 47 young (48128K), 2 survivors (2048K)
 Metaspace       used 100050K, committed 100800K, reserved 1138688K
  class space    used 13666K, committed 14016K, reserved 1048576K
}
Event: 18.208 GC heap after
{Heap after GC invocations=49 (full 0):
 garbage-first heap   total 245760K, used 142298K [0x0000000080000000, 0x0000000100000000)
  region size 1024K, 3 young (3072K), 3 survivors (3072K)
 Metaspace       used 100050K, committed 100800K, reserved 1138688K
  class space    used 13666K, committed 14016K, reserved 1048576K
}
Event: 18.479 GC heap before
{Heap before GC invocations=49 (full 0):
 garbage-first heap   total 245760K, used 151514K [0x0000000080000000, 0x0000000100000000)
  region size 1024K, 12 young (12288K), 3 survivors (3072K)
 Metaspace       used 101001K, committed 101760K, reserved 1138688K
  class space    used 13824K, committed 14208K, reserved 1048576K
}
Event: 18.486 GC heap after
{Heap after GC invocations=50 (full 0):
 garbage-first heap   total 245760K, used 143241K [0x0000000080000000, 0x0000000100000000)
  region size 1024K, 2 young (2048K), 2 survivors (2048K)
 Metaspace       used 101001K, committed 101760K, reserved 1138688K
  class space    used 13824K, committed 14208K, reserved 1048576K
}
Event: 18.960 GC heap before
{Heap before GC invocations=50 (full 0):
 garbage-first heap   total 245760K, used 160649K [0x0000000080000000, 0x0000000100000000)
  region size 1024K, 20 young (20480K), 2 survivors (2048K)
 Metaspace       used 103447K, committed 104256K, reserved 1138688K
  class space    used 14098K, committed 14528K, reserved 1048576K
}
Event: 18.966 GC heap after
{Heap after GC invocations=51 (full 0):
 garbage-first heap   total 245760K, used 145044K [0x0000000080000000, 0x0000000100000000)
  region size 1024K, 3 young (3072K), 3 survivors (3072K)
 Metaspace       used 103447K, committed 104256K, reserved 1138688K
  class space    used 14098K, committed 14528K, reserved 1048576K
}
Event: 19.961 GC heap before
{Heap before GC invocations=52 (full 0):
 garbage-first heap   total 250880K, used 203412K [0x0000000080000000, 0x0000000100000000)
  region size 1024K, 60 young (61440K), 3 survivors (3072K)
 Metaspace       used 105304K, committed 106112K, reserved 1146880K
  class space    used 14251K, committed 14656K, reserved 1048576K
}
Event: 19.975 GC heap after
{Heap after GC invocations=53 (full 0):
 garbage-first heap   total 250880K, used 149320K [0x0000000080000000, 0x0000000100000000)
  region size 1024K, 7 young (7168K), 7 survivors (7168K)
 Metaspace       used 105304K, committed 106112K, reserved 1146880K
  class space    used 14251K, committed 14656K, reserved 1048576K
}
Event: 20.146 GC heap before
{Heap before GC invocations=53 (full 0):
 garbage-first heap   total 250880K, used 154440K [0x0000000080000000, 0x0000000100000000)
  region size 1024K, 12 young (12288K), 7 survivors (7168K)
 Metaspace       used 105412K, committed 106240K, reserved 1146880K
  class space    used 14257K, committed 14656K, reserved 1048576K
}
Event: 20.160 GC heap after
{Heap after GC invocations=54 (full 0):
 garbage-first heap   total 250880K, used 150591K [0x0000000080000000, 0x0000000100000000)
  region size 1024K, 2 young (2048K), 2 survivors (2048K)
 Metaspace       used 105412K, committed 106240K, reserved 1146880K
  class space    used 14257K, committed 14656K, reserved 1048576K
}
Event: 21.528 GC heap before
{Heap before GC invocations=54 (full 0):
 garbage-first heap   total 250880K, used 206911K [0x0000000080000000, 0x0000000100000000)
  region size 1024K, 58 young (59392K), 2 survivors (2048K)
 Metaspace       used 109012K, committed 109888K, reserved 1146880K
  class space    used 14695K, committed 15104K, reserved 1048576K
}
Event: 21.539 GC heap after
{Heap after GC invocations=55 (full 0):
 garbage-first heap   total 250880K, used 154809K [0x0000000080000000, 0x0000000100000000)
  region size 1024K, 6 young (6144K), 6 survivors (6144K)
 Metaspace       used 109012K, committed 109888K, reserved 1146880K
  class space    used 14695K, committed 15104K, reserved 1048576K
}
Event: 127.536 GC heap before
{Heap before GC invocations=56 (full 0):
 garbage-first heap   total 268288K, used 208057K [0x0000000080000000, 0x0000000100000000)
  region size 1024K, 58 young (59392K), 6 survivors (6144K)
 Metaspace       used 113135K, committed 114240K, reserved 1155072K
  class space    used 15263K, committed 15808K, reserved 1048576K
}
Event: 127.546 GC heap after
{Heap after GC invocations=57 (full 0):
 garbage-first heap   total 268288K, used 159465K [0x0000000080000000, 0x0000000100000000)
  region size 1024K, 5 young (5120K), 5 survivors (5120K)
 Metaspace       used 113135K, committed 114240K, reserved 1155072K
  class space    used 15263K, committed 15808K, reserved 1048576K
}
Event: 414.531 GC heap before
{Heap before GC invocations=57 (full 0):
 garbage-first heap   total 268288K, used 166633K [0x0000000080000000, 0x0000000100000000)
  region size 1024K, 13 young (13312K), 5 survivors (5120K)
 Metaspace       used 113239K, committed 114304K, reserved 1155072K
  class space    used 15263K, committed 15808K, reserved 1048576K
}
Event: 414.534 GC heap after
{Heap after GC invocations=58 (full 0):
 garbage-first heap   total 268288K, used 160075K [0x0000000080000000, 0x0000000100000000)
  region size 1024K, 1 young (1024K), 1 survivors (1024K)
 Metaspace       used 113239K, committed 114304K, reserved 1155072K
  class space    used 15263K, committed 15808K, reserved 1048576K
}
Event: 2982.264 GC heap before
{Heap before GC invocations=58 (full 0):
 garbage-first heap   total 268288K, used 222539K [0x0000000080000000, 0x0000000100000000)
  region size 1024K, 62 young (63488K), 1 survivors (1024K)
 Metaspace       used 113431K, committed 114496K, reserved 1155072K
  class space    used 15264K, committed 15808K, reserved 1048576K
}
Event: 2982.266 GC heap after
{Heap after GC invocations=59 (full 0):
 garbage-first heap   total 268288K, used 159391K [0x0000000080000000, 0x0000000100000000)
  region size 1024K, 1 young (1024K), 1 survivors (1024K)
 Metaspace       used 113431K, committed 114496K, reserved 1155072K
  class space    used 15264K, committed 15808K, reserved 1048576K
}

