# JRE version: OpenJDK Runtime Environment (17.0.6) (build 17.0.6+0-b2043.56-10027231)
# Java VM: OpenJDK 64-Bit Server VM (17.0.6+0-b2043.56-10027231, mixed mode, tiered, compressed oops, compressed class ptrs, g1 gc, windows-amd64)
GC Precious Log:
 CPUs: 8 total, 8 available
 Memory: 16167M
 Large Page Support: Disabled
 NUMA Support: Disabled
 Compressed Oops: Enabled (32-bit)
 Heap Region Size: 1M
 Heap Min Capacity: 8M
 Heap Initial Capacity: 254M
 Heap Max Capacity: 2G
 Pre-touch: Disabled
 Parallel Workers: 8
 Concurrent Workers: 2
 Concurrent Refinement Workers: 8
 Periodic GC: Disabled
Heap:
 garbage-first heap   total 335872K, used 244729K [0x0000000080000000, 0x0000000100000000)
  region size 1024K, 3 young (3072K), 3 survivors (3072K)
 Metaspace       used 124558K, committed 125440K, reserved 1163264K
  class space    used 16766K, committed 17216K, reserved 1048576K
GC Heap History (20 events):
Event: 13.182 GC heap after
{Heap after GC invocations=43 (full 0):
 garbage-first heap   total 152576K, used 89371K [0x0000000080000000, 0x0000000100000000)
  region size 1024K, 5 young (5120K), 5 survivors (5120K)
 Metaspace       used 97338K, committed 98048K, reserved 1138688K
  class space    used 13291K, committed 13632K, reserved 1048576K
}
Event: 13.592 GC heap before
{Heap before GC invocations=44 (full 0):
 garbage-first heap   total 153600K, used 123163K [0x0000000080000000, 0x0000000100000000)
  region size 1024K, 39 young (39936K), 5 survivors (5120K)
 Metaspace       used 98102K, committed 98752K, reserved 1138688K
  class space    used 13433K, committed 13760K, reserved 1048576K
}
Event: 13.600 GC heap after
{Heap after GC invocations=45 (full 0):
 garbage-first heap   total 153600K, used 92352K [0x0000000080000000, 0x0000000100000000)
  region size 1024K, 4 young (4096K), 4 survivors (4096K)
 Metaspace       used 98102K, committed 98752K, reserved 1138688K
  class space    used 13433K, committed 13760K, reserved 1048576K
}
Event: 13.635 GC heap before
{Heap before GC invocations=45 (full 0):
 garbage-first heap   total 153600K, used 94400K [0x0000000080000000, 0x0000000100000000)
  region size 1024K, 7 young (7168K), 4 survivors (4096K)
 Metaspace       used 98154K, committed 98816K, reserved 1138688K
  class space    used 13437K, committed 13760K, reserved 1048576K
}
Event: 13.639 GC heap after
{Heap after GC invocations=46 (full 0):
 garbage-first heap   total 335872K, used 92647K [0x0000000080000000, 0x0000000100000000)
  region size 1024K, 1 young (1024K), 1 survivors (1024K)
 Metaspace       used 98154K, committed 98816K, reserved 1138688K
  class space    used 13437K, committed 13760K, reserved 1048576K
}
Event: 16.738 GC heap before
{Heap before GC invocations=46 (full 0):
 garbage-first heap   total 335872K, used 284135K [0x0000000080000000, 0x0000000100000000)
  region size 1024K, 155 young (158720K), 1 survivors (1024K)
 Metaspace       used 104581K, committed 105280K, reserved 1146880K
  class space    used 14188K, committed 14528K, reserved 1048576K
}
Event: 16.762 GC heap after
{Heap after GC invocations=47 (full 0):
 garbage-first heap   total 335872K, used 124322K [0x0000000080000000, 0x0000000100000000)
  region size 1024K, 20 young (20480K), 20 survivors (20480K)
 Metaspace       used 104581K, committed 105280K, reserved 1146880K
  class space    used 14188K, committed 14528K, reserved 1048576K
}
Event: 17.393 GC heap before
{Heap before GC invocations=47 (full 0):
 garbage-first heap   total 335872K, used 228770K [0x0000000080000000, 0x0000000100000000)
  region size 1024K, 112 young (114688K), 20 survivors (20480K)
 Metaspace       used 108332K, committed 109056K, reserved 1146880K
  class space    used 14500K, committed 14848K, reserved 1048576K
}
Event: 17.410 GC heap after
{Heap after GC invocations=48 (full 0):
 garbage-first heap   total 335872K, used 143557K [0x0000000080000000, 0x0000000100000000)
  region size 1024K, 10 young (10240K), 10 survivors (10240K)
 Metaspace       used 108332K, committed 109056K, reserved 1146880K
  class space    used 14500K, committed 14848K, reserved 1048576K
}
Event: 18.060 GC heap before
{Heap before GC invocations=48 (full 0):
 garbage-first heap   total 335872K, used 293061K [0x0000000080000000, 0x0000000100000000)
  region size 1024K, 97 young (99328K), 10 survivors (10240K)
 Metaspace       used 110098K, committed 110848K, reserved 1146880K
  class space    used 14656K, committed 15040K, reserved 1048576K
}
Event: 18.064 GC heap after
{Heap after GC invocations=49 (full 0):
 garbage-first heap   total 335872K, used 127509K [0x0000000080000000, 0x0000000100000000)
  region size 1024K, 3 young (3072K), 3 survivors (3072K)
 Metaspace       used 110098K, committed 110848K, reserved 1146880K
  class space    used 14656K, committed 15040K, reserved 1048576K
}
Event: 19.569 GC heap before
{Heap before GC invocations=49 (full 0):
 garbage-first heap   total 335872K, used 246293K [0x0000000080000000, 0x0000000100000000)
  region size 1024K, 119 young (121856K), 3 survivors (3072K)
 Metaspace       used 113452K, committed 114240K, reserved 1155072K
  class space    used 15034K, committed 15424K, reserved 1048576K
}
Event: 19.579 GC heap after
{Heap after GC invocations=50 (full 0):
 garbage-first heap   total 335872K, used 136171K [0x0000000080000000, 0x0000000100000000)
  region size 1024K, 11 young (11264K), 11 survivors (11264K)
 Metaspace       used 113452K, committed 114240K, reserved 1155072K
  class space    used 15034K, committed 15424K, reserved 1048576K
}
Event: 20.587 GC heap before
{Heap before GC invocations=50 (full 0):
 garbage-first heap   total 335872K, used 293867K [0x0000000080000000, 0x0000000100000000)
  region size 1024K, 126 young (129024K), 11 survivors (11264K)
 Metaspace       used 118211K, committed 119040K, reserved 1155072K
  class space    used 15696K, committed 16128K, reserved 1048576K
}
Event: 20.608 GC heap after
{Heap after GC invocations=51 (full 0):
 garbage-first heap   total 335872K, used 182089K [0x0000000080000000, 0x0000000100000000)
  region size 1024K, 16 young (16384K), 16 survivors (16384K)
 Metaspace       used 118211K, committed 119040K, reserved 1155072K
  class space    used 15696K, committed 16128K, reserved 1048576K
}
Event: 21.115 GC heap before
{Heap before GC invocations=51 (full 0):
 garbage-first heap   total 335872K, used 261961K [0x0000000080000000, 0x0000000100000000)
  region size 1024K, 94 young (96256K), 16 survivors (16384K)
 Metaspace       used 120968K, committed 121856K, reserved 1155072K
  class space    used 16248K, committed 16704K, reserved 1048576K
}
Event: 21.156 GC heap after
{Heap after GC invocations=52 (full 0):
 garbage-first heap   total 335872K, used 217882K [0x0000000080000000, 0x0000000100000000)
  region size 1024K, 12 young (12288K), 12 survivors (12288K)
 Metaspace       used 120968K, committed 121856K, reserved 1155072K
  class space    used 16248K, committed 16704K, reserved 1048576K
}
Event: 21.426 GC heap before
{Heap before GC invocations=52 (full 0):
 garbage-first heap   total 335872K, used 263962K [0x0000000080000000, 0x0000000100000000)
  region size 1024K, 58 young (59392K), 12 survivors (12288K)
 Metaspace       used 121874K, committed 122752K, reserved 1155072K
  class space    used 16384K, committed 16832K, reserved 1048576K
}
Event: 21.460 GC heap after
{Heap after GC invocations=53 (full 0):
 garbage-first heap   total 335872K, used 241152K [0x0000000080000000, 0x0000000100000000)
  region size 1024K, 8 young (8192K), 8 survivors (8192K)
 Metaspace       used 121874K, committed 122752K, reserved 1155072K
  class space    used 16384K, committed 16832K, reserved 1048576K
}
Event: 21.952 GC heap before
{Heap before GC invocations=53 (full 0):
 garbage-first heap   total 335872K, used 270848K [0x0000000080000000, 0x0000000100000000)
  region size 1024K, 38 young (38912K), 8 survivors (8192K)
 Metaspace       used 124558K, committed 125440K, reserved 1163264K
  class space    used 16766K, committed 17216K, reserved 1048576K
}

