# JRE version: OpenJDK Runtime Environment (17.0.6) (build 17.0.6+0-b2043.56-10027231)
# Java VM: OpenJDK 64-Bit Server VM (17.0.6+0-b2043.56-10027231, mixed mode, tiered, compressed oops, compressed class ptrs, g1 gc, windows-amd64)
GC Precious Log:
 CPUs: 8 total, 8 available
 Memory: 16167M
 Large Page Support: Disabled
 NUMA Support: Disabled
 Compressed Oops: Enabled (32-bit)
 Heap Region Size: 1M
 Heap Min Capacity: 8M
 Heap Initial Capacity: 254M
 Heap Max Capacity: 2G
 Pre-touch: Disabled
 Parallel Workers: 8
 Concurrent Workers: 2
 Concurrent Refinement Workers: 8
 Periodic GC: Disabled
Heap:
 garbage-first heap   total 409600K, used 288923K [0x0000000080000000, 0x0000000100000000)
  region size 1024K, 5 young (5120K), 5 survivors (5120K)
 Metaspace       used 128003K, committed 128832K, reserved 1163264K
  class space    used 17556K, committed 17984K, reserved 1048576K
GC Heap History (20 events):
Event: 11.268 GC heap after
{Heap after GC invocations=43 (full 0):
 garbage-first heap   total 409600K, used 168765K [0x0000000080000000, 0x0000000100000000)
  region size 1024K, 18 young (18432K), 18 survivors (18432K)
 Metaspace       used 110444K, committed 111232K, reserved 1146880K
  class space    used 15199K, committed 15616K, reserved 1048576K
}
Event: 11.280 GC heap before
{Heap before GC invocations=43 (full 0):
 garbage-first heap   total 409600K, used 170813K [0x0000000080000000, 0x0000000100000000)
  region size 1024K, 20 young (20480K), 18 survivors (18432K)
 Metaspace       used 110476K, committed 111232K, reserved 1146880K
  class space    used 15202K, committed 15616K, reserved 1048576K
}
Event: 11.292 GC heap after
{Heap after GC invocations=44 (full 0):
 garbage-first heap   total 409600K, used 168750K [0x0000000080000000, 0x0000000100000000)
  region size 1024K, 3 young (3072K), 3 survivors (3072K)
 Metaspace       used 110476K, committed 111232K, reserved 1146880K
  class space    used 15202K, committed 15616K, reserved 1048576K
}
Event: 11.714 GC heap before
{Heap before GC invocations=44 (full 0):
 garbage-first heap   total 409600K, used 282414K [0x0000000080000000, 0x0000000100000000)
  region size 1024K, 115 young (117760K), 3 survivors (3072K)
 Metaspace       used 113560K, committed 114304K, reserved 1155072K
  class space    used 15603K, committed 16000K, reserved 1048576K
}
Event: 11.740 GC heap after
{Heap after GC invocations=45 (full 0):
 garbage-first heap   total 409600K, used 215876K [0x0000000080000000, 0x0000000100000000)
  region size 1024K, 15 young (15360K), 15 survivors (15360K)
 Metaspace       used 113560K, committed 114304K, reserved 1155072K
  class space    used 15603K, committed 16000K, reserved 1048576K
}
Event: 12.195 GC heap before
{Heap before GC invocations=45 (full 0):
 garbage-first heap   total 409600K, used 291652K [0x0000000080000000, 0x0000000100000000)
  region size 1024K, 90 young (92160K), 15 survivors (15360K)
 Metaspace       used 115332K, committed 116160K, reserved 1155072K
  class space    used 15850K, committed 16256K, reserved 1048576K
}
Event: 12.211 GC heap after
{Heap after GC invocations=46 (full 0):
 garbage-first heap   total 409600K, used 228453K [0x0000000080000000, 0x0000000100000000)
  region size 1024K, 11 young (11264K), 11 survivors (11264K)
 Metaspace       used 115332K, committed 116160K, reserved 1155072K
  class space    used 15850K, committed 16256K, reserved 1048576K
}
Event: 12.495 GC heap before
{Heap before GC invocations=46 (full 0):
 garbage-first heap   total 409600K, used 311397K [0x0000000080000000, 0x0000000100000000)
  region size 1024K, 87 young (89088K), 11 survivors (11264K)
 Metaspace       used 115982K, committed 116736K, reserved 1155072K
  class space    used 15924K, committed 16320K, reserved 1048576K
}
Event: 12.504 GC heap after
{Heap after GC invocations=47 (full 0):
 garbage-first heap   total 409600K, used 238236K [0x0000000080000000, 0x0000000100000000)
  region size 1024K, 4 young (4096K), 4 survivors (4096K)
 Metaspace       used 115982K, committed 116736K, reserved 1155072K
  class space    used 15924K, committed 16320K, reserved 1048576K
}
Event: 13.257 GC heap before
{Heap before GC invocations=47 (full 0):
 garbage-first heap   total 409600K, used 326300K [0x0000000080000000, 0x0000000100000000)
  region size 1024K, 82 young (83968K), 4 survivors (4096K)
 Metaspace       used 119188K, committed 120000K, reserved 1155072K
  class space    used 16335K, committed 16704K, reserved 1048576K
}
Event: 13.264 GC heap after
{Heap after GC invocations=48 (full 0):
 garbage-first heap   total 409600K, used 254238K [0x0000000080000000, 0x0000000100000000)
  region size 1024K, 11 young (11264K), 11 survivors (11264K)
 Metaspace       used 119188K, committed 120000K, reserved 1155072K
  class space    used 16335K, committed 16704K, reserved 1048576K
}
Event: 13.690 GC heap before
{Heap before GC invocations=48 (full 0):
 garbage-first heap   total 409600K, used 343326K [0x0000000080000000, 0x0000000100000000)
  region size 1024K, 82 young (83968K), 11 survivors (11264K)
 Metaspace       used 119734K, committed 120448K, reserved 1155072K
  class space    used 16400K, committed 16768K, reserved 1048576K
}
Event: 13.703 GC heap after
{Heap after GC invocations=49 (full 0):
 garbage-first heap   total 409600K, used 274736K [0x0000000080000000, 0x0000000100000000)
  region size 1024K, 6 young (6144K), 6 survivors (6144K)
 Metaspace       used 119734K, committed 120448K, reserved 1155072K
  class space    used 16400K, committed 16768K, reserved 1048576K
}
Event: 14.072 GC heap before
{Heap before GC invocations=49 (full 0):
 garbage-first heap   total 409600K, used 323888K [0x0000000080000000, 0x0000000100000000)
  region size 1024K, 56 young (57344K), 6 survivors (6144K)
 Metaspace       used 120689K, committed 121472K, reserved 1155072K
  class space    used 16544K, committed 16896K, reserved 1048576K
}
Event: 14.075 GC heap after
{Heap after GC invocations=50 (full 0):
 garbage-first heap   total 409600K, used 274210K [0x0000000080000000, 0x0000000100000000)
  region size 1024K, 1 young (1024K), 1 survivors (1024K)
 Metaspace       used 120689K, committed 121472K, reserved 1155072K
  class space    used 16544K, committed 16896K, reserved 1048576K
}
Event: 19.506 GC heap before
{Heap before GC invocations=50 (full 0):
 garbage-first heap   total 409600K, used 316194K [0x0000000080000000, 0x0000000100000000)
  region size 1024K, 25 young (25600K), 1 survivors (1024K)
 Metaspace       used 121564K, committed 122432K, reserved 1155072K
  class space    used 16665K, committed 17088K, reserved 1048576K
}
Event: 19.508 GC heap after
{Heap after GC invocations=51 (full 0):
 garbage-first heap   total 409600K, used 274594K [0x0000000080000000, 0x0000000100000000)
  region size 1024K, 2 young (2048K), 2 survivors (2048K)
 Metaspace       used 121564K, committed 122432K, reserved 1155072K
  class space    used 16665K, committed 17088K, reserved 1048576K
}
Event: 19.770 GC heap before
{Heap before GC invocations=51 (full 0):
 garbage-first heap   total 409600K, used 346274K [0x0000000080000000, 0x0000000100000000)
  region size 1024K, 71 young (72704K), 2 survivors (2048K)
 Metaspace       used 126163K, committed 127040K, reserved 1163264K
  class space    used 17348K, committed 17792K, reserved 1048576K
}
Event: 19.779 GC heap after
{Heap after GC invocations=52 (full 0):
 garbage-first heap   total 409600K, used 286914K [0x0000000080000000, 0x0000000100000000)
  region size 1024K, 9 young (9216K), 9 survivors (9216K)
 Metaspace       used 126163K, committed 127040K, reserved 1163264K
  class space    used 17348K, committed 17792K, reserved 1048576K
}
Event: 20.024 GC heap before
{Heap before GC invocations=52 (full 0):
 garbage-first heap   total 409600K, used 343234K [0x0000000080000000, 0x0000000100000000)
  region size 1024K, 65 young (66560K), 9 survivors (9216K)
 Metaspace       used 128003K, committed 128832K, reserved 1163264K
  class space    used 17556K, committed 17984K, reserved 1048576K
}

