# JRE version: OpenJDK Runtime Environment (17.0.6) (build 17.0.6+0-b2043.56-10027231)
# Java VM: OpenJDK 64-Bit Server VM (17.0.6+0-b2043.56-10027231, mixed mode, tiered, compressed oops, compressed class ptrs, g1 gc, windows-amd64)
GC Precious Log:
 CPUs: 8 total, 8 available
 Memory: 16167M
 Large Page Support: Disabled
 NUMA Support: Disabled
 Compressed Oops: Enabled (32-bit)
 Heap Region Size: 1M
 Heap Min Capacity: 8M
 Heap Initial Capacity: 254M
 Heap Max Capacity: 2G
 Pre-touch: Disabled
 Parallel Workers: 8
 Concurrent Workers: 2
 Concurrent Refinement Workers: 8
 Periodic GC: Disabled
Heap:
 garbage-first heap   total 260096K, used 149502K [0x0000000080000000, 0x0000000100000000)
  region size 1024K, 1 young (1024K), 1 survivors (1024K)
 Metaspace       used 98032K, committed 98688K, reserved 1138688K
  class space    used 13372K, committed 13696K, reserved 1048576K
GC Heap History (20 events):
Event: 7.942 GC heap after
{Heap after GC invocations=37 (full 0):
 garbage-first heap   total 157696K, used 92434K [0x0000000080000000, 0x0000000100000000)
  region size 1024K, 1 young (1024K), 1 survivors (1024K)
 Metaspace       used 66145K, committed 66880K, reserved 1114112K
  class space    used 8857K, committed 9216K, reserved 1048576K
}
Event: 8.243 GC heap before
{Heap before GC invocations=38 (full 0):
 garbage-first heap   total 184320K, used 127250K [0x0000000080000000, 0x0000000100000000)
  region size 1024K, 29 young (29696K), 1 survivors (1024K)
 Metaspace       used 68024K, committed 68672K, reserved 1114112K
  class space    used 9105K, committed 9408K, reserved 1048576K
}
Event: 8.249 GC heap after
{Heap after GC invocations=39 (full 0):
 garbage-first heap   total 184320K, used 94963K [0x0000000080000000, 0x0000000100000000)
  region size 1024K, 4 young (4096K), 4 survivors (4096K)
 Metaspace       used 68024K, committed 68672K, reserved 1114112K
  class space    used 9105K, committed 9408K, reserved 1048576K
}
Event: 8.336 GC heap before
{Heap before GC invocations=39 (full 0):
 garbage-first heap   total 184320K, used 100083K [0x0000000080000000, 0x0000000100000000)
  region size 1024K, 9 young (9216K), 4 survivors (4096K)
 Metaspace       used 68407K, committed 69120K, reserved 1114112K
  class space    used 9158K, committed 9472K, reserved 1048576K
}
Event: 8.340 GC heap after
{Heap after GC invocations=40 (full 0):
 garbage-first heap   total 221184K, used 95545K [0x0000000080000000, 0x0000000100000000)
  region size 1024K, 1 young (1024K), 1 survivors (1024K)
 Metaspace       used 68407K, committed 69120K, reserved 1114112K
  class space    used 9158K, committed 9472K, reserved 1048576K
}
Event: 9.005 GC heap before
{Heap before GC invocations=40 (full 0):
 garbage-first heap   total 221184K, used 151865K [0x0000000080000000, 0x0000000100000000)
  region size 1024K, 56 young (57344K), 1 survivors (1024K)
 Metaspace       used 74837K, committed 75520K, reserved 1122304K
  class space    used 10042K, committed 10368K, reserved 1048576K
}
Event: 9.009 GC heap after
{Heap after GC invocations=41 (full 0):
 garbage-first heap   total 221184K, used 98420K [0x0000000080000000, 0x0000000100000000)
  region size 1024K, 4 young (4096K), 4 survivors (4096K)
 Metaspace       used 74837K, committed 75520K, reserved 1122304K
  class space    used 10042K, committed 10368K, reserved 1048576K
}
Event: 9.728 GC heap before
{Heap before GC invocations=41 (full 0):
 garbage-first heap   total 221184K, used 166004K [0x0000000080000000, 0x0000000100000000)
  region size 1024K, 71 young (72704K), 4 survivors (4096K)
 Metaspace       used 81758K, committed 82432K, reserved 1122304K
  class space    used 10938K, committed 11264K, reserved 1048576K
}
Event: 9.735 GC heap after
{Heap after GC invocations=42 (full 0):
 garbage-first heap   total 221184K, used 102952K [0x0000000080000000, 0x0000000100000000)
  region size 1024K, 8 young (8192K), 8 survivors (8192K)
 Metaspace       used 81758K, committed 82432K, reserved 1122304K
  class space    used 10938K, committed 11264K, reserved 1048576K
}
Event: 10.361 GC heap before
{Heap before GC invocations=42 (full 0):
 garbage-first heap   total 221184K, used 160296K [0x0000000080000000, 0x0000000100000000)
  region size 1024K, 61 young (62464K), 8 survivors (8192K)
 Metaspace       used 91279K, committed 91968K, reserved 1130496K
  class space    used 12618K, committed 12928K, reserved 1048576K
}
Event: 10.371 GC heap after
{Heap after GC invocations=43 (full 0):
 garbage-first heap   total 221184K, used 108619K [0x0000000080000000, 0x0000000100000000)
  region size 1024K, 6 young (6144K), 6 survivors (6144K)
 Metaspace       used 91279K, committed 91968K, reserved 1130496K
  class space    used 12618K, committed 12928K, reserved 1048576K
}
Event: 10.766 GC heap before
{Heap before GC invocations=44 (full 0):
 garbage-first heap   total 221184K, used 181323K [0x0000000080000000, 0x0000000100000000)
  region size 1024K, 71 young (72704K), 6 survivors (6144K)
 Metaspace       used 91463K, committed 92224K, reserved 1130496K
  class space    used 12627K, committed 12928K, reserved 1048576K
}
Event: 10.787 GC heap after
{Heap after GC invocations=45 (full 0):
 garbage-first heap   total 221184K, used 128323K [0x0000000080000000, 0x0000000100000000)
  region size 1024K, 9 young (9216K), 9 survivors (9216K)
 Metaspace       used 91463K, committed 92224K, reserved 1130496K
  class space    used 12627K, committed 12928K, reserved 1048576K
}
Event: 10.790 GC heap before
{Heap before GC invocations=45 (full 0):
 garbage-first heap   total 221184K, used 129347K [0x0000000080000000, 0x0000000100000000)
  region size 1024K, 10 young (10240K), 9 survivors (9216K)
 Metaspace       used 91463K, committed 92224K, reserved 1130496K
  class space    used 12627K, committed 12928K, reserved 1048576K
}
Event: 10.800 GC heap after
{Heap after GC invocations=46 (full 0):
 garbage-first heap   total 221184K, used 130437K [0x0000000080000000, 0x0000000100000000)
  region size 1024K, 2 young (2048K), 2 survivors (2048K)
 Metaspace       used 91463K, committed 92224K, reserved 1130496K
  class space    used 12627K, committed 12928K, reserved 1048576K
}
Event: 11.241 GC heap before
{Heap before GC invocations=46 (full 0):
 garbage-first heap   total 221184K, used 173445K [0x0000000080000000, 0x0000000100000000)
  region size 1024K, 44 young (45056K), 2 survivors (2048K)
 Metaspace       used 94353K, committed 95040K, reserved 1138688K
  class space    used 12984K, committed 13312K, reserved 1048576K
}
Event: 11.251 GC heap after
{Heap after GC invocations=47 (full 0):
 garbage-first heap   total 221184K, used 137193K [0x0000000080000000, 0x0000000100000000)
  region size 1024K, 6 young (6144K), 6 survivors (6144K)
 Metaspace       used 94353K, committed 95040K, reserved 1138688K
  class space    used 12984K, committed 13312K, reserved 1048576K
}
Event: 11.728 GC heap before
{Heap before GC invocations=48 (full 0):
 garbage-first heap   total 239616K, used 181225K [0x0000000080000000, 0x0000000100000000)
  region size 1024K, 43 young (44032K), 6 survivors (6144K)
 Metaspace       used 97308K, committed 97984K, reserved 1138688K
  class space    used 13297K, committed 13632K, reserved 1048576K
}
Event: 11.737 GC heap after
{Heap after GC invocations=49 (full 0):
 garbage-first heap   total 239616K, used 149220K [0x0000000080000000, 0x0000000100000000)
  region size 1024K, 6 young (6144K), 6 survivors (6144K)
 Metaspace       used 97308K, committed 97984K, reserved 1138688K
  class space    used 13297K, committed 13632K, reserved 1048576K
}
Event: 11.797 GC heap before
{Heap before GC invocations=49 (full 0):
 garbage-first heap   total 239616K, used 154340K [0x0000000080000000, 0x0000000100000000)
  region size 1024K, 11 young (11264K), 6 survivors (6144K)
 Metaspace       used 98032K, committed 98688K, reserved 1138688K
  class space    used 13372K, committed 13696K, reserved 1048576K
}

