# JRE version: OpenJDK Runtime Environment (17.0.6) (build 17.0.6+0-b2043.56-10027231)
# Java VM: OpenJDK 64-Bit Server VM (17.0.6+0-b2043.56-10027231, mixed mode, tiered, compressed oops, compressed class ptrs, g1 gc, windows-amd64)
GC Precious Log:
 CPUs: 8 total, 8 available
 Memory: 16167M
 Large Page Support: Disabled
 NUMA Support: Disabled
 Compressed Oops: Enabled (32-bit)
 Heap Region Size: 1M
 Heap Min Capacity: 8M
 Heap Initial Capacity: 254M
 Heap Max Capacity: 2G
 Pre-touch: Disabled
 Parallel Workers: 8
 Concurrent Workers: 2
 Concurrent Refinement Workers: 8
 Periodic GC: Disabled
Heap:
 garbage-first heap   total 444416K, used 350420K [0x0000000080000000, 0x0000000100000000)
  region size 1024K, 108 young (110592K), 19 survivors (19456K)
 Metaspace       used 175959K, committed 176768K, reserved 1204224K
  class space    used 22778K, committed 23168K, reserved 1048576K
GC Heap History (20 events):
Event: 12.424 GC heap before
{Heap before GC invocations=28 (full 0):
 garbage-first heap   total 237568K, used 124940K [0x0000000080000000, 0x0000000100000000)
  region size 1024K, 11 young (11264K), 8 survivors (8192K)
 Metaspace       used 110060K, committed 110720K, reserved 1146880K
  class space    used 14608K, committed 14912K, reserved 1048576K
}
Event: 12.428 GC heap after
{Heap after GC invocations=29 (full 0):
 garbage-first heap   total 237568K, used 121978K [0x0000000080000000, 0x0000000100000000)
  region size 1024K, 1 young (1024K), 1 survivors (1024K)
 Metaspace       used 110060K, committed 110720K, reserved 1146880K
  class space    used 14608K, committed 14912K, reserved 1048576K
}
Event: 13.292 GC heap before
{Heap before GC invocations=29 (full 0):
 garbage-first heap   total 237568K, used 190586K [0x0000000080000000, 0x0000000100000000)
  region size 1024K, 68 young (69632K), 1 survivors (1024K)
 Metaspace       used 113280K, committed 113920K, reserved 1155072K
  class space    used 14936K, committed 15232K, reserved 1048576K
}
Event: 13.297 GC heap after
{Heap after GC invocations=30 (full 0):
 garbage-first heap   total 237568K, used 127402K [0x0000000080000000, 0x0000000100000000)
  region size 1024K, 7 young (7168K), 7 survivors (7168K)
 Metaspace       used 113280K, committed 113920K, reserved 1155072K
  class space    used 14936K, committed 15232K, reserved 1048576K
}
Event: 14.240 GC heap before
{Heap before GC invocations=31 (full 0):
 garbage-first heap   total 237568K, used 190890K [0x0000000080000000, 0x0000000100000000)
  region size 1024K, 70 young (71680K), 7 survivors (7168K)
 Metaspace       used 121251K, committed 121920K, reserved 1163264K
  class space    used 15877K, committed 16192K, reserved 1048576K
}
Event: 14.247 GC heap after
{Heap after GC invocations=32 (full 0):
 garbage-first heap   total 237568K, used 132116K [0x0000000080000000, 0x0000000100000000)
  region size 1024K, 5 young (5120K), 5 survivors (5120K)
 Metaspace       used 121251K, committed 121920K, reserved 1163264K
  class space    used 15877K, committed 16192K, reserved 1048576K
}
Event: 14.323 GC heap before
{Heap before GC invocations=32 (full 0):
 garbage-first heap   total 237568K, used 138260K [0x0000000080000000, 0x0000000100000000)
  region size 1024K, 11 young (11264K), 5 survivors (5120K)
 Metaspace       used 121968K, committed 122624K, reserved 1163264K
  class space    used 15955K, committed 16256K, reserved 1048576K
}
Event: 14.327 GC heap after
{Heap after GC invocations=33 (full 0):
 garbage-first heap   total 237568K, used 132338K [0x0000000080000000, 0x0000000100000000)
  region size 1024K, 1 young (1024K), 1 survivors (1024K)
 Metaspace       used 121968K, committed 122624K, reserved 1163264K
  class space    used 15955K, committed 16256K, reserved 1048576K
}
Event: 15.351 GC heap before
{Heap before GC invocations=33 (full 0):
 garbage-first heap   total 237568K, used 194802K [0x0000000080000000, 0x0000000100000000)
  region size 1024K, 62 young (63488K), 1 survivors (1024K)
 Metaspace       used 132691K, committed 133376K, reserved 1171456K
  class space    used 17116K, committed 17408K, reserved 1048576K
}
Event: 15.356 GC heap after
{Heap after GC invocations=34 (full 0):
 garbage-first heap   total 444416K, used 133949K [0x0000000080000000, 0x0000000100000000)
  region size 1024K, 3 young (3072K), 3 survivors (3072K)
 Metaspace       used 132691K, committed 133376K, reserved 1171456K
  class space    used 17116K, committed 17408K, reserved 1048576K
}
Event: 18.006 GC heap before
{Heap before GC invocations=34 (full 0):
 garbage-first heap   total 444416K, used 339773K [0x0000000080000000, 0x0000000100000000)
  region size 1024K, 204 young (208896K), 3 survivors (3072K)
 Metaspace       used 151751K, committed 152512K, reserved 1187840K
  class space    used 19927K, committed 20288K, reserved 1048576K
}
Event: 18.020 GC heap after
{Heap after GC invocations=35 (full 0):
 garbage-first heap   total 444416K, used 144256K [0x0000000080000000, 0x0000000100000000)
  region size 1024K, 19 young (19456K), 19 survivors (19456K)
 Metaspace       used 151751K, committed 152512K, reserved 1187840K
  class space    used 19927K, committed 20288K, reserved 1048576K
}
Event: 20.810 GC heap before
{Heap before GC invocations=35 (full 0):
 garbage-first heap   total 444416K, used 355200K [0x0000000080000000, 0x0000000100000000)
  region size 1024K, 216 young (221184K), 19 survivors (19456K)
 Metaspace       used 159040K, committed 159872K, reserved 1187840K
  class space    used 20839K, committed 21248K, reserved 1048576K
}
Event: 20.840 GC heap after
{Heap after GC invocations=36 (full 0):
 garbage-first heap   total 444416K, used 182617K [0x0000000080000000, 0x0000000100000000)
  region size 1024K, 27 young (27648K), 27 survivors (27648K)
 Metaspace       used 159040K, committed 159872K, reserved 1187840K
  class space    used 20839K, committed 21248K, reserved 1048576K
}
Event: 22.454 GC heap before
{Heap before GC invocations=36 (full 0):
 garbage-first heap   total 444416K, used 364889K [0x0000000080000000, 0x0000000100000000)
  region size 1024K, 181 young (185344K), 27 survivors (27648K)
 Metaspace       used 165420K, committed 166208K, reserved 1196032K
  class space    used 21483K, committed 21888K, reserved 1048576K
}
Event: 22.473 GC heap after
{Heap after GC invocations=37 (full 0):
 garbage-first heap   total 444416K, used 200668K [0x0000000080000000, 0x0000000100000000)
  region size 1024K, 16 young (16384K), 16 survivors (16384K)
 Metaspace       used 165420K, committed 166208K, reserved 1196032K
  class space    used 21483K, committed 21888K, reserved 1048576K
}
Event: 23.601 GC heap before
{Heap before GC invocations=37 (full 0):
 garbage-first heap   total 444416K, used 346076K [0x0000000080000000, 0x0000000100000000)
  region size 1024K, 159 young (162816K), 16 survivors (16384K)
 Metaspace       used 169024K, committed 169920K, reserved 1204224K
  class space    used 21837K, committed 22272K, reserved 1048576K
}
Event: 23.612 GC heap after
{Heap after GC invocations=38 (full 0):
 garbage-first heap   total 444416K, used 199081K [0x0000000080000000, 0x0000000100000000)
  region size 1024K, 8 young (8192K), 8 survivors (8192K)
 Metaspace       used 169024K, committed 169920K, reserved 1204224K
  class space    used 21837K, committed 22272K, reserved 1048576K
}
Event: 24.973 GC heap before
{Heap before GC invocations=38 (full 0):
 garbage-first heap   total 444416K, used 373161K [0x0000000080000000, 0x0000000100000000)
  region size 1024K, 131 young (134144K), 8 survivors (8192K)
 Metaspace       used 175566K, committed 176448K, reserved 1204224K
  class space    used 22731K, committed 23168K, reserved 1048576K
}
Event: 24.984 GC heap after
{Heap after GC invocations=39 (full 0):
 garbage-first heap   total 444416K, used 221396K [0x0000000080000000, 0x0000000100000000)
  region size 1024K, 19 young (19456K), 19 survivors (19456K)
 Metaspace       used 175566K, committed 176448K, reserved 1204224K
  class space    used 22731K, committed 23168K, reserved 1048576K
}

