# JRE version: OpenJDK Runtime Environment (17.0.6) (build 17.0.6+0-b2043.56-10027231)
# Java VM: OpenJDK 64-Bit Server VM (17.0.6+0-b2043.56-10027231, mixed mode, tiered, compressed oops, compressed class ptrs, g1 gc, windows-amd64)
GC Precious Log:
 CPUs: 8 total, 8 available
 Memory: 16167M
 Large Page Support: Disabled
 NUMA Support: Disabled
 Compressed Oops: Enabled (32-bit)
 Heap Region Size: 1M
 Heap Min Capacity: 8M
 Heap Initial Capacity: 254M
 Heap Max Capacity: 2G
 Pre-touch: Disabled
 Parallel Workers: 8
 Concurrent Workers: 2
 Concurrent Refinement Workers: 8
 Periodic GC: Disabled
Heap:
 garbage-first heap   total 198656K, used 117413K [0x0000000080000000, 0x0000000100000000)
  region size 1024K, 1 young (1024K), 1 survivors (1024K)
 Metaspace       used 103269K, committed 103936K, reserved 1138688K
  class space    used 13992K, committed 14272K, reserved 1048576K
GC Heap History (20 events):
Event: 10.749 GC heap after
{Heap after GC invocations=32 (full 0):
 garbage-first heap   total 124928K, used 64969K [0x0000000080000000, 0x0000000100000000)
  region size 1024K, 4 young (4096K), 4 survivors (4096K)
 Metaspace       used 81615K, committed 82240K, reserved 1122304K
  class space    used 11344K, committed 11648K, reserved 1048576K
}
Event: 11.076 GC heap before
{Heap before GC invocations=32 (full 0):
 garbage-first heap   total 124928K, used 94665K [0x0000000080000000, 0x0000000100000000)
  region size 1024K, 33 young (33792K), 4 survivors (4096K)
 Metaspace       used 84909K, committed 85568K, reserved 1130496K
  class space    used 11791K, committed 12096K, reserved 1048576K
}
Event: 11.082 GC heap after
{Heap after GC invocations=33 (full 0):
 garbage-first heap   total 150528K, used 67567K [0x0000000080000000, 0x0000000100000000)
  region size 1024K, 5 young (5120K), 5 survivors (5120K)
 Metaspace       used 84909K, committed 85568K, reserved 1130496K
  class space    used 11791K, committed 12096K, reserved 1048576K
}
Event: 11.612 GC heap before
{Heap before GC invocations=34 (full 0):
 garbage-first heap   total 150528K, used 110575K [0x0000000080000000, 0x0000000100000000)
  region size 1024K, 48 young (49152K), 5 survivors (5120K)
 Metaspace       used 88905K, committed 89536K, reserved 1130496K
  class space    used 12302K, committed 12608K, reserved 1048576K
}
Event: 11.618 GC heap after
{Heap after GC invocations=35 (full 0):
 garbage-first heap   total 150528K, used 70715K [0x0000000080000000, 0x0000000100000000)
  region size 1024K, 6 young (6144K), 6 survivors (6144K)
 Metaspace       used 88905K, committed 89536K, reserved 1130496K
  class space    used 12302K, committed 12608K, reserved 1048576K
}
Event: 11.691 GC heap before
{Heap before GC invocations=35 (full 0):
 garbage-first heap   total 150528K, used 74811K [0x0000000080000000, 0x0000000100000000)
  region size 1024K, 11 young (11264K), 6 survivors (6144K)
 Metaspace       used 89874K, committed 90560K, reserved 1130496K
  class space    used 12418K, committed 12736K, reserved 1048576K
}
Event: 11.697 GC heap after
{Heap after GC invocations=36 (full 0):
 garbage-first heap   total 150528K, used 71158K [0x0000000080000000, 0x0000000100000000)
  region size 1024K, 4 young (4096K), 4 survivors (4096K)
 Metaspace       used 89874K, committed 90560K, reserved 1130496K
  class space    used 12418K, committed 12736K, reserved 1048576K
}
Event: 12.265 GC heap before
{Heap before GC invocations=37 (full 0):
 garbage-first heap   total 150528K, used 111094K [0x0000000080000000, 0x0000000100000000)
  region size 1024K, 40 young (40960K), 4 survivors (4096K)
 Metaspace       used 95863K, committed 96512K, reserved 1138688K
  class space    used 13181K, committed 13504K, reserved 1048576K
}
Event: 12.270 GC heap after
{Heap after GC invocations=38 (full 0):
 garbage-first heap   total 150528K, used 75622K [0x0000000080000000, 0x0000000100000000)
  region size 1024K, 4 young (4096K), 4 survivors (4096K)
 Metaspace       used 95863K, committed 96512K, reserved 1138688K
  class space    used 13181K, committed 13504K, reserved 1048576K
}
Event: 12.558 GC heap before
{Heap before GC invocations=39 (full 0):
 garbage-first heap   total 150528K, used 128870K [0x0000000080000000, 0x0000000100000000)
  region size 1024K, 50 young (51200K), 4 survivors (4096K)
 Metaspace       used 96041K, committed 96704K, reserved 1138688K
  class space    used 13189K, committed 13504K, reserved 1048576K
}
Event: 12.569 GC heap after
{Heap after GC invocations=40 (full 0):
 garbage-first heap   total 150528K, used 89454K [0x0000000080000000, 0x0000000100000000)
  region size 1024K, 7 young (7168K), 7 survivors (7168K)
 Metaspace       used 96041K, committed 96704K, reserved 1138688K
  class space    used 13189K, committed 13504K, reserved 1048576K
}
Event: 12.734 GC heap before
{Heap before GC invocations=40 (full 0):
 garbage-first heap   total 150528K, used 119150K [0x0000000080000000, 0x0000000100000000)
  region size 1024K, 36 young (36864K), 7 survivors (7168K)
 Metaspace       used 96042K, committed 96704K, reserved 1138688K
  class space    used 13189K, committed 13504K, reserved 1048576K
}
Event: 12.745 GC heap after
{Heap after GC invocations=41 (full 0):
 garbage-first heap   total 150528K, used 99326K [0x0000000080000000, 0x0000000100000000)
  region size 1024K, 5 young (5120K), 5 survivors (5120K)
 Metaspace       used 96042K, committed 96704K, reserved 1138688K
  class space    used 13189K, committed 13504K, reserved 1048576K
}
Event: 13.017 GC heap before
{Heap before GC invocations=42 (full 0):
 garbage-first heap   total 176128K, used 120830K [0x0000000080000000, 0x0000000100000000)
  region size 1024K, 26 young (26624K), 5 survivors (5120K)
 Metaspace       used 96966K, committed 97664K, reserved 1138688K
  class space    used 13303K, committed 13632K, reserved 1048576K
}
Event: 13.024 GC heap after
{Heap after GC invocations=43 (full 0):
 garbage-first heap   total 176128K, used 103387K [0x0000000080000000, 0x0000000100000000)
  region size 1024K, 4 young (4096K), 4 survivors (4096K)
 Metaspace       used 96966K, committed 97664K, reserved 1138688K
  class space    used 13303K, committed 13632K, reserved 1048576K
}
Event: 13.312 GC heap before
{Heap before GC invocations=43 (full 0):
 garbage-first heap   total 176128K, used 126939K [0x0000000080000000, 0x0000000100000000)
  region size 1024K, 28 young (28672K), 4 survivors (4096K)
 Metaspace       used 100291K, committed 100992K, reserved 1138688K
  class space    used 13691K, committed 14016K, reserved 1048576K
}
Event: 13.316 GC heap after
{Heap after GC invocations=44 (full 0):
 garbage-first heap   total 176128K, used 105719K [0x0000000080000000, 0x0000000100000000)
  region size 1024K, 3 young (3072K), 3 survivors (3072K)
 Metaspace       used 100291K, committed 100992K, reserved 1138688K
  class space    used 13691K, committed 14016K, reserved 1048576K
}
Event: 13.767 GC heap before
{Heap before GC invocations=45 (full 0):
 garbage-first heap   total 198656K, used 144631K [0x0000000080000000, 0x0000000100000000)
  region size 1024K, 35 young (35840K), 3 survivors (3072K)
 Metaspace       used 102711K, committed 103424K, reserved 1138688K
  class space    used 13950K, committed 14272K, reserved 1048576K
}
Event: 13.773 GC heap after
{Heap after GC invocations=46 (full 0):
 garbage-first heap   total 198656K, used 116508K [0x0000000080000000, 0x0000000100000000)
  region size 1024K, 5 young (5120K), 5 survivors (5120K)
 Metaspace       used 102711K, committed 103424K, reserved 1138688K
  class space    used 13950K, committed 14272K, reserved 1048576K
}
Event: 13.855 GC heap before
{Heap before GC invocations=46 (full 0):
 garbage-first heap   total 198656K, used 119580K [0x0000000080000000, 0x0000000100000000)
  region size 1024K, 9 young (9216K), 5 survivors (5120K)
 Metaspace       used 103269K, committed 103936K, reserved 1138688K
  class space    used 13992K, committed 14272K, reserved 1048576K
}

