# JRE version: OpenJDK Runtime Environment (17.0.6) (build 17.0.6+0-b2043.56-10027231)
# Java VM: OpenJDK 64-Bit Server VM (17.0.6+0-b2043.56-10027231, mixed mode, tiered, compressed oops, compressed class ptrs, g1 gc, windows-amd64)
GC Precious Log:
 CPUs: 8 total, 8 available
 Memory: 16167M
 Large Page Support: Disabled
 NUMA Support: Disabled
 Compressed Oops: Enabled (32-bit)
 Heap Region Size: 1M
 Heap Min Capacity: 8M
 Heap Initial Capacity: 254M
 Heap Max Capacity: 2G
 Pre-touch: Disabled
 Parallel Workers: 8
 Concurrent Workers: 2
 Concurrent Refinement Workers: 8
 Periodic GC: Disabled
Heap:
 garbage-first heap   total 186368K, used 97440K [0x0000000080000000, 0x0000000100000000)
  region size 1024K, 6 young (6144K), 6 survivors (6144K)
 Metaspace       used 71382K, committed 72128K, reserved 1114112K
  class space    used 9567K, committed 9920K, reserved 1048576K
GC Heap History (20 events):
Event: 5.461 GC heap after
{Heap after GC invocations=24 (full 0):
 garbage-first heap   total 119808K, used 69565K [0x0000000080000000, 0x0000000100000000)
  region size 1024K, 3 young (3072K), 3 survivors (3072K)
 Metaspace       used 51192K, committed 51712K, reserved 1097728K
  class space    used 6821K, committed 7040K, reserved 1048576K
}
Event: 5.794 GC heap before
{Heap before GC invocations=25 (full 0):
 garbage-first heap   total 121856K, used 94141K [0x0000000080000000, 0x0000000100000000)
  region size 1024K, 27 young (27648K), 3 survivors (3072K)
 Metaspace       used 53974K, committed 54656K, reserved 1097728K
  class space    used 7301K, committed 7616K, reserved 1048576K
}
Event: 5.799 GC heap after
{Heap after GC invocations=26 (full 0):
 garbage-first heap   total 121856K, used 71279K [0x0000000080000000, 0x0000000100000000)
  region size 1024K, 3 young (3072K), 3 survivors (3072K)
 Metaspace       used 53974K, committed 54656K, reserved 1097728K
  class space    used 7301K, committed 7616K, reserved 1048576K
}
Event: 6.223 GC heap before
{Heap before GC invocations=26 (full 0):
 garbage-first heap   total 121856K, used 97903K [0x0000000080000000, 0x0000000100000000)
  region size 1024K, 29 young (29696K), 3 survivors (3072K)
 Metaspace       used 55645K, committed 56320K, reserved 1105920K
  class space    used 7506K, committed 7808K, reserved 1048576K
}
Event: 6.227 GC heap after
{Heap after GC invocations=27 (full 0):
 garbage-first heap   total 121856K, used 73671K [0x0000000080000000, 0x0000000100000000)
  region size 1024K, 4 young (4096K), 4 survivors (4096K)
 Metaspace       used 55645K, committed 56320K, reserved 1105920K
  class space    used 7506K, committed 7808K, reserved 1048576K
}
Event: 6.417 GC heap before
{Heap before GC invocations=28 (full 0):
 garbage-first heap   total 130048K, used 88007K [0x0000000080000000, 0x0000000100000000)
  region size 1024K, 20 young (20480K), 4 survivors (4096K)
 Metaspace       used 55943K, committed 56640K, reserved 1105920K
  class space    used 7530K, committed 7808K, reserved 1048576K
}
Event: 6.421 GC heap after
{Heap after GC invocations=29 (full 0):
 garbage-first heap   total 130048K, used 74206K [0x0000000080000000, 0x0000000100000000)
  region size 1024K, 2 young (2048K), 2 survivors (2048K)
 Metaspace       used 55943K, committed 56640K, reserved 1105920K
  class space    used 7530K, committed 7808K, reserved 1048576K
}
Event: 6.532 GC heap before
{Heap before GC invocations=30 (full 0):
 garbage-first heap   total 137216K, used 83422K [0x0000000080000000, 0x0000000100000000)
  region size 1024K, 7 young (7168K), 2 survivors (2048K)
 Metaspace       used 56021K, committed 56640K, reserved 1105920K
  class space    used 7539K, committed 7808K, reserved 1048576K
}
Event: 6.538 GC heap after
{Heap after GC invocations=31 (full 0):
 garbage-first heap   total 137216K, used 82140K [0x0000000080000000, 0x0000000100000000)
  region size 1024K, 4 young (4096K), 4 survivors (4096K)
 Metaspace       used 56021K, committed 56640K, reserved 1105920K
  class space    used 7539K, committed 7808K, reserved 1048576K
}
Event: 6.613 GC heap before
{Heap before GC invocations=32 (full 0):
 garbage-first heap   total 148480K, used 88284K [0x0000000080000000, 0x0000000100000000)
  region size 1024K, 8 young (8192K), 4 survivors (4096K)
 Metaspace       used 56307K, committed 56960K, reserved 1105920K
  class space    used 7591K, committed 7872K, reserved 1048576K
}
Event: 6.616 GC heap after
{Heap after GC invocations=33 (full 0):
 garbage-first heap   total 148480K, used 88091K [0x0000000080000000, 0x0000000100000000)
  region size 1024K, 2 young (2048K), 2 survivors (2048K)
 Metaspace       used 56307K, committed 56960K, reserved 1105920K
  class space    used 7591K, committed 7872K, reserved 1048576K
}
Event: 6.858 GC heap before
{Heap before GC invocations=34 (full 0):
 garbage-first heap   total 153600K, used 107547K [0x0000000080000000, 0x0000000100000000)
  region size 1024K, 20 young (20480K), 2 survivors (2048K)
 Metaspace       used 58436K, committed 59072K, reserved 1105920K
  class space    used 7881K, committed 8192K, reserved 1048576K
}
Event: 6.860 GC heap after
{Heap after GC invocations=35 (full 0):
 garbage-first heap   total 153600K, used 89494K [0x0000000080000000, 0x0000000100000000)
  region size 1024K, 2 young (2048K), 2 survivors (2048K)
 Metaspace       used 58436K, committed 59072K, reserved 1105920K
  class space    used 7881K, committed 8192K, reserved 1048576K
}
Event: 7.158 GC heap before
{Heap before GC invocations=35 (full 0):
 garbage-first heap   total 153600K, used 109974K [0x0000000080000000, 0x0000000100000000)
  region size 1024K, 23 young (23552K), 2 survivors (2048K)
 Metaspace       used 61923K, committed 62528K, reserved 1105920K
  class space    used 8283K, committed 8512K, reserved 1048576K
}
Event: 7.161 GC heap after
{Heap after GC invocations=36 (full 0):
 garbage-first heap   total 153600K, used 90229K [0x0000000080000000, 0x0000000100000000)
  region size 1024K, 1 young (1024K), 1 survivors (1024K)
 Metaspace       used 61923K, committed 62528K, reserved 1105920K
  class space    used 8283K, committed 8512K, reserved 1048576K
}
Event: 7.594 GC heap before
{Heap before GC invocations=37 (full 0):
 garbage-first heap   total 157696K, used 110709K [0x0000000080000000, 0x0000000100000000)
  region size 1024K, 23 young (23552K), 1 survivors (1024K)
 Metaspace       used 66118K, committed 66816K, reserved 1114112K
  class space    used 8852K, committed 9152K, reserved 1048576K
}
Event: 7.597 GC heap after
{Heap after GC invocations=38 (full 0):
 garbage-first heap   total 157696K, used 92460K [0x0000000080000000, 0x0000000100000000)
  region size 1024K, 3 young (3072K), 3 survivors (3072K)
 Metaspace       used 66118K, committed 66816K, reserved 1114112K
  class space    used 8852K, committed 9152K, reserved 1048576K
}
Event: 7.828 GC heap before
{Heap before GC invocations=39 (full 0):
 garbage-first heap   total 186368K, used 124204K [0x0000000080000000, 0x0000000100000000)
  region size 1024K, 28 young (28672K), 3 survivors (3072K)
 Metaspace       used 67725K, committed 68480K, reserved 1114112K
  class space    used 9067K, committed 9408K, reserved 1048576K
}
Event: 7.836 GC heap after
{Heap after GC invocations=40 (full 0):
 garbage-first heap   total 186368K, used 94988K [0x0000000080000000, 0x0000000100000000)
  region size 1024K, 4 young (4096K), 4 survivors (4096K)
 Metaspace       used 67725K, committed 68480K, reserved 1114112K
  class space    used 9067K, committed 9408K, reserved 1048576K
}
Event: 8.330 GC heap before
{Heap before GC invocations=40 (full 0):
 garbage-first heap   total 186368K, used 132876K [0x0000000080000000, 0x0000000100000000)
  region size 1024K, 41 young (41984K), 4 survivors (4096K)
 Metaspace       used 71382K, committed 72128K, reserved 1114112K
  class space    used 9567K, committed 9920K, reserved 1048576K
}

