# JRE version: OpenJDK Runtime Environment (17.0.6) (build 17.0.6+0-b2043.56-10027231)
# Java VM: OpenJDK 64-Bit Server VM (17.0.6+0-b2043.56-10027231, mixed mode, tiered, compressed oops, compressed class ptrs, g1 gc, windows-amd64)
GC Precious Log:
 CPUs: 8 total, 8 available
 Memory: 16167M
 Large Page Support: Disabled
 NUMA Support: Disabled
 Compressed Oops: Enabled (32-bit)
 Heap Region Size: 1M
 Heap Min Capacity: 8M
 Heap Initial Capacity: 254M
 Heap Max Capacity: 2G
 Pre-touch: Disabled
 Parallel Workers: 8
 Concurrent Workers: 2
 Concurrent Refinement Workers: 8
 Periodic GC: Disabled
Heap:
 garbage-first heap   total 181248K, used 105890K [0x0000000080000000, 0x0000000100000000)
  region size 1024K, 18 young (18432K), 1 survivors (1024K)
 Metaspace       used 64416K, committed 65088K, reserved 1105920K
  class space    used 8649K, committed 8960K, reserved 1048576K
GC Heap History (20 events):
Event: 5.055 GC heap before
{Heap before GC invocations=17 (full 0):
 garbage-first heap   total 102400K, used 61828K [0x0000000080000000, 0x0000000100000000)
  region size 1024K, 9 young (9216K), 3 survivors (3072K)
 Metaspace       used 46129K, committed 46592K, reserved 1089536K
  class space    used 6138K, committed 6336K, reserved 1048576K
}
Event: 5.058 GC heap after
{Heap after GC invocations=18 (full 0):
 garbage-first heap   total 102400K, used 58135K [0x0000000080000000, 0x0000000100000000)
  region size 1024K, 3 young (3072K), 3 survivors (3072K)
 Metaspace       used 46129K, committed 46592K, reserved 1089536K
  class space    used 6138K, committed 6336K, reserved 1048576K
}
Event: 5.187 GC heap before
{Heap before GC invocations=19 (full 0):
 garbage-first heap   total 111616K, used 73495K [0x0000000080000000, 0x0000000100000000)
  region size 1024K, 14 young (14336K), 3 survivors (3072K)
 Metaspace       used 46849K, committed 47296K, reserved 1097728K
  class space    used 6220K, committed 6400K, reserved 1048576K
}
Event: 5.191 GC heap after
{Heap after GC invocations=20 (full 0):
 garbage-first heap   total 111616K, used 66572K [0x0000000080000000, 0x0000000100000000)
  region size 1024K, 4 young (4096K), 4 survivors (4096K)
 Metaspace       used 46849K, committed 47296K, reserved 1097728K
  class space    used 6220K, committed 6400K, reserved 1048576K
}
Event: 5.438 GC heap before
{Heap before GC invocations=21 (full 0):
 garbage-first heap   total 117760K, used 86028K [0x0000000080000000, 0x0000000100000000)
  region size 1024K, 22 young (22528K), 4 survivors (4096K)
 Metaspace       used 49162K, committed 49728K, reserved 1097728K
  class space    used 6452K, committed 6656K, reserved 1048576K
}
Event: 5.443 GC heap after
{Heap after GC invocations=22 (full 0):
 garbage-first heap   total 117760K, used 67406K [0x0000000080000000, 0x0000000100000000)
  region size 1024K, 2 young (2048K), 2 survivors (2048K)
 Metaspace       used 49162K, committed 49728K, reserved 1097728K
  class space    used 6452K, committed 6656K, reserved 1048576K
}
Event: 5.700 GC heap before
{Heap before GC invocations=22 (full 0):
 garbage-first heap   total 117760K, used 89934K [0x0000000080000000, 0x0000000100000000)
  region size 1024K, 24 young (24576K), 2 survivors (2048K)
 Metaspace       used 51137K, committed 51648K, reserved 1097728K
  class space    used 6813K, committed 7040K, reserved 1048576K
}
Event: 5.703 GC heap after
{Heap after GC invocations=23 (full 0):
 garbage-first heap   total 117760K, used 68717K [0x0000000080000000, 0x0000000100000000)
  region size 1024K, 2 young (2048K), 2 survivors (2048K)
 Metaspace       used 51137K, committed 51648K, reserved 1097728K
  class space    used 6813K, committed 7040K, reserved 1048576K
}
Event: 6.009 GC heap before
{Heap before GC invocations=24 (full 0):
 garbage-first heap   total 119808K, used 92269K [0x0000000080000000, 0x0000000100000000)
  region size 1024K, 25 young (25600K), 2 survivors (2048K)
 Metaspace       used 53760K, committed 54464K, reserved 1097728K
  class space    used 7261K, committed 7552K, reserved 1048576K
}
Event: 6.012 GC heap after
{Heap after GC invocations=25 (full 0):
 garbage-first heap   total 119808K, used 70212K [0x0000000080000000, 0x0000000100000000)
  region size 1024K, 3 young (3072K), 3 survivors (3072K)
 Metaspace       used 53760K, committed 54464K, reserved 1097728K
  class space    used 7261K, committed 7552K, reserved 1048576K
}
Event: 6.487 GC heap before
{Heap before GC invocations=25 (full 0):
 garbage-first heap   total 119808K, used 94788K [0x0000000080000000, 0x0000000100000000)
  region size 1024K, 27 young (27648K), 3 survivors (3072K)
 Metaspace       used 55654K, committed 56320K, reserved 1097728K
  class space    used 7509K, committed 7808K, reserved 1048576K
}
Event: 6.494 GC heap after
{Heap after GC invocations=26 (full 0):
 garbage-first heap   total 119808K, used 72637K [0x0000000080000000, 0x0000000100000000)
  region size 1024K, 4 young (4096K), 4 survivors (4096K)
 Metaspace       used 55654K, committed 56320K, reserved 1097728K
  class space    used 7509K, committed 7808K, reserved 1048576K
}
Event: 6.761 GC heap before
{Heap before GC invocations=27 (full 0):
 garbage-first heap   total 132096K, used 89021K [0x0000000080000000, 0x0000000100000000)
  region size 1024K, 22 young (22528K), 4 survivors (4096K)
 Metaspace       used 55975K, committed 56640K, reserved 1097728K
  class space    used 7533K, committed 7808K, reserved 1048576K
}
Event: 6.765 GC heap after
{Heap after GC invocations=28 (full 0):
 garbage-first heap   total 132096K, used 72954K [0x0000000080000000, 0x0000000100000000)
  region size 1024K, 2 young (2048K), 2 survivors (2048K)
 Metaspace       used 55975K, committed 56640K, reserved 1097728K
  class space    used 7533K, committed 7808K, reserved 1048576K
}
Event: 6.821 GC heap before
{Heap before GC invocations=29 (full 0):
 garbage-first heap   total 137216K, used 81146K [0x0000000080000000, 0x0000000100000000)
  region size 1024K, 7 young (7168K), 2 survivors (2048K)
 Metaspace       used 56054K, committed 56768K, reserved 1097728K
  class space    used 7543K, committed 7872K, reserved 1048576K
}
Event: 6.823 GC heap after
{Heap after GC invocations=30 (full 0):
 garbage-first heap   total 137216K, used 81016K [0x0000000080000000, 0x0000000100000000)
  region size 1024K, 4 young (4096K), 4 survivors (4096K)
 Metaspace       used 56054K, committed 56768K, reserved 1097728K
  class space    used 7543K, committed 7872K, reserved 1048576K
}
Event: 7.046 GC heap before
{Heap before GC invocations=31 (full 0):
 garbage-first heap   total 150528K, used 104568K [0x0000000080000000, 0x0000000100000000)
  region size 1024K, 23 young (23552K), 4 survivors (4096K)
 Metaspace       used 58059K, committed 58752K, reserved 1105920K
  class space    used 7821K, committed 8128K, reserved 1048576K
}
Event: 7.049 GC heap after
{Heap after GC invocations=32 (full 0):
 garbage-first heap   total 150528K, used 88277K [0x0000000080000000, 0x0000000100000000)
  region size 1024K, 3 young (3072K), 3 survivors (3072K)
 Metaspace       used 58059K, committed 58752K, reserved 1105920K
  class space    used 7821K, committed 8128K, reserved 1048576K
}
Event: 7.344 GC heap before
{Heap before GC invocations=32 (full 0):
 garbage-first heap   total 150528K, used 110805K [0x0000000080000000, 0x0000000100000000)
  region size 1024K, 25 young (25600K), 3 survivors (3072K)
 Metaspace       used 61754K, committed 62336K, reserved 1105920K
  class space    used 8263K, committed 8512K, reserved 1048576K
}
Event: 7.347 GC heap after
{Heap after GC invocations=33 (full 0):
 garbage-first heap   total 181248K, used 89506K [0x0000000080000000, 0x0000000100000000)
  region size 1024K, 1 young (1024K), 1 survivors (1024K)
 Metaspace       used 61754K, committed 62336K, reserved 1105920K
  class space    used 8263K, committed 8512K, reserved 1048576K
}

