# JRE version: OpenJDK Runtime Environment (17.0.6) (build 17.0.6+0-b2043.56-10027231)
# Java VM: OpenJDK 64-Bit Server VM (17.0.6+0-b2043.56-10027231, mixed mode, tiered, compressed oops, compressed class ptrs, g1 gc, windows-amd64)
GC Precious Log:
 CPUs: 8 total, 8 available
 Memory: 16167M
 Large Page Support: Disabled
 NUMA Support: Disabled
 Compressed Oops: Enabled (32-bit)
 Heap Region Size: 1M
 Heap Min Capacity: 8M
 Heap Initial Capacity: 254M
 Heap Max Capacity: 2G
 Pre-touch: Disabled
 Parallel Workers: 8
 Concurrent Workers: 2
 Concurrent Refinement Workers: 8
 Periodic GC: Disabled
Heap:
 garbage-first heap   total 411648K, used 301029K [0x0000000080000000, 0x0000000100000000)
  region size 1024K, 5 young (5120K), 5 survivors (5120K)
 Metaspace       used 131708K, committed 132864K, reserved 1171456K
  class space    used 17930K, committed 18496K, reserved 1048576K
GC Heap History (20 events):
Event: 10.150 GC heap after
{Heap after GC invocations=49 (full 0):
 garbage-first heap   total 376832K, used 110492K [0x0000000080000000, 0x0000000100000000)
  region size 1024K, 3 young (3072K), 3 survivors (3072K)
 Metaspace       used 87949K, committed 88768K, reserved 1130496K
  class space    used 12057K, committed 12416K, reserved 1048576K
}
Event: 12.477 GC heap before
{Heap before GC invocations=50 (full 0):
 garbage-first heap   total 376832K, used 306076K [0x0000000080000000, 0x0000000100000000)
  region size 1024K, 173 young (177152K), 3 survivors (3072K)
 Metaspace       used 105222K, committed 106048K, reserved 1146880K
  class space    used 14247K, committed 14656K, reserved 1048576K
}
Event: 12.488 GC heap after
{Heap after GC invocations=51 (full 0):
 garbage-first heap   total 376832K, used 147048K [0x0000000080000000, 0x0000000100000000)
  region size 1024K, 18 young (18432K), 18 survivors (18432K)
 Metaspace       used 105222K, committed 106048K, reserved 1146880K
  class space    used 14247K, committed 14656K, reserved 1048576K
}
Event: 12.493 GC heap before
{Heap before GC invocations=51 (full 0):
 garbage-first heap   total 376832K, used 147048K [0x0000000080000000, 0x0000000100000000)
  region size 1024K, 19 young (19456K), 18 survivors (18432K)
 Metaspace       used 105224K, committed 106048K, reserved 1146880K
  class space    used 14247K, committed 14656K, reserved 1048576K
}
Event: 12.502 GC heap after
{Heap after GC invocations=52 (full 0):
 garbage-first heap   total 376832K, used 147817K [0x0000000080000000, 0x0000000100000000)
  region size 1024K, 2 young (2048K), 2 survivors (2048K)
 Metaspace       used 105224K, committed 106048K, reserved 1146880K
  class space    used 14247K, committed 14656K, reserved 1048576K
}
Event: 14.035 GC heap before
{Heap before GC invocations=52 (full 0):
 garbage-first heap   total 376832K, used 294249K [0x0000000080000000, 0x0000000100000000)
  region size 1024K, 145 young (148480K), 2 survivors (2048K)
 Metaspace       used 112387K, committed 113408K, reserved 1155072K
  class space    used 15129K, committed 15616K, reserved 1048576K
}
Event: 14.047 GC heap after
{Heap after GC invocations=53 (full 0):
 garbage-first heap   total 376832K, used 158633K [0x0000000080000000, 0x0000000100000000)
  region size 1024K, 13 young (13312K), 13 survivors (13312K)
 Metaspace       used 112387K, committed 113408K, reserved 1155072K
  class space    used 15129K, committed 15616K, reserved 1048576K
}
Event: 144.189 GC heap before
{Heap before GC invocations=53 (full 0):
 garbage-first heap   total 376832K, used 297897K [0x0000000080000000, 0x0000000100000000)
  region size 1024K, 150 young (153600K), 13 survivors (13312K)
 Metaspace       used 116031K, committed 117120K, reserved 1155072K
  class space    used 15596K, committed 16128K, reserved 1048576K
}
Event: 144.207 GC heap after
{Heap after GC invocations=54 (full 0):
 garbage-first heap   total 376832K, used 174941K [0x0000000080000000, 0x0000000100000000)
  region size 1024K, 16 young (16384K), 16 survivors (16384K)
 Metaspace       used 116031K, committed 117120K, reserved 1155072K
  class space    used 15596K, committed 16128K, reserved 1048576K
}
Event: 145.729 GC heap before
{Heap before GC invocations=54 (full 0):
 garbage-first heap   total 376832K, used 290653K [0x0000000080000000, 0x0000000100000000)
  region size 1024K, 131 young (134144K), 16 survivors (16384K)
 Metaspace       used 120456K, committed 121600K, reserved 1155072K
  class space    used 16195K, committed 16768K, reserved 1048576K
}
Event: 145.745 GC heap after
{Heap after GC invocations=55 (full 0):
 garbage-first heap   total 376832K, used 186520K [0x0000000080000000, 0x0000000100000000)
  region size 1024K, 12 young (12288K), 12 survivors (12288K)
 Metaspace       used 120456K, committed 121600K, reserved 1155072K
  class space    used 16195K, committed 16768K, reserved 1048576K
}
Event: 146.694 GC heap before
{Heap before GC invocations=56 (full 0):
 garbage-first heap   total 411648K, used 381080K [0x0000000080000000, 0x0000000100000000)
  region size 1024K, 115 young (117760K), 12 survivors (12288K)
 Metaspace       used 124858K, committed 126016K, reserved 1163264K
  class space    used 16803K, committed 17408K, reserved 1048576K
}
Event: 146.710 GC heap after
{Heap after GC invocations=57 (full 0):
 garbage-first heap   total 411648K, used 224256K [0x0000000080000000, 0x0000000100000000)
  region size 1024K, 15 young (15360K), 15 survivors (15360K)
 Metaspace       used 124858K, committed 126016K, reserved 1163264K
  class space    used 16803K, committed 17408K, reserved 1048576K
}
Event: 146.747 GC heap before
{Heap before GC invocations=57 (full 0):
 garbage-first heap   total 411648K, used 229376K [0x0000000080000000, 0x0000000100000000)
  region size 1024K, 20 young (20480K), 15 survivors (15360K)
 Metaspace       used 124877K, committed 126016K, reserved 1163264K
  class space    used 16803K, committed 17408K, reserved 1048576K
}
Event: 146.759 GC heap after
{Heap after GC invocations=58 (full 0):
 garbage-first heap   total 411648K, used 226706K [0x0000000080000000, 0x0000000100000000)
  region size 1024K, 3 young (3072K), 3 survivors (3072K)
 Metaspace       used 124877K, committed 126016K, reserved 1163264K
  class space    used 16803K, committed 17408K, reserved 1048576K
}
Event: 147.333 GC heap before
{Heap before GC invocations=58 (full 0):
 garbage-first heap   total 411648K, used 335250K [0x0000000080000000, 0x0000000100000000)
  region size 1024K, 108 young (110592K), 3 survivors (3072K)
 Metaspace       used 127731K, committed 128896K, reserved 1163264K
  class space    used 17369K, committed 17920K, reserved 1048576K
}
Event: 147.378 GC heap after
{Heap after GC invocations=59 (full 0):
 garbage-first heap   total 411648K, used 273138K [0x0000000080000000, 0x0000000100000000)
  region size 1024K, 14 young (14336K), 14 survivors (14336K)
 Metaspace       used 127731K, committed 128896K, reserved 1163264K
  class space    used 17369K, committed 17920K, reserved 1048576K
}
Event: 147.702 GC heap before
{Heap before GC invocations=59 (full 0):
 garbage-first heap   total 411648K, used 326386K [0x0000000080000000, 0x0000000100000000)
  region size 1024K, 67 young (68608K), 14 survivors (14336K)
 Metaspace       used 130460K, committed 131648K, reserved 1163264K
  class space    used 17750K, committed 18304K, reserved 1048576K
}
Event: 147.736 GC heap after
{Heap after GC invocations=60 (full 0):
 garbage-first heap   total 411648K, used 294912K [0x0000000080000000, 0x0000000100000000)
  region size 1024K, 9 young (9216K), 9 survivors (9216K)
 Metaspace       used 130460K, committed 131648K, reserved 1163264K
  class space    used 17750K, committed 18304K, reserved 1048576K
}
Event: 148.027 GC heap before
{Heap before GC invocations=60 (full 0):
 garbage-first heap   total 411648K, used 333824K [0x0000000080000000, 0x0000000100000000)
  region size 1024K, 48 young (49152K), 9 survivors (9216K)
 Metaspace       used 131708K, committed 132864K, reserved 1171456K
  class space    used 17930K, committed 18496K, reserved 1048576K
}

