# JRE version: OpenJDK Runtime Environment (17.0.6) (build 17.0.6+0-b2043.56-10027231)
# Java VM: OpenJDK 64-Bit Server VM (17.0.6+0-b2043.56-10027231, mixed mode, tiered, compressed oops, compressed class ptrs, g1 gc, windows-amd64)
GC Precious Log:
 CPUs: 8 total, 8 available
 Memory: 16167M
 Large Page Support: Disabled
 NUMA Support: Disabled
 Compressed Oops: Enabled (32-bit)
 Heap Region Size: 1M
 Heap Min Capacity: 8M
 Heap Initial Capacity: 254M
 Heap Max Capacity: 2G
 Pre-touch: Disabled
 Parallel Workers: 8
 Concurrent Workers: 2
 Concurrent Refinement Workers: 8
 Periodic GC: Disabled
Heap:
 garbage-first heap   total 348160K, used 210702K [0x0000000080000000, 0x0000000100000000)
  region size 1024K, 7 young (7168K), 7 survivors (7168K)
 Metaspace       used 113005K, committed 113728K, reserved 1146880K
  class space    used 15605K, committed 15936K, reserved 1048576K
GC Heap History (20 events):
Event: 13.213 GC heap after
{Heap after GC invocations=33 (full 0):
 garbage-first heap   total 141312K, used 83963K [0x0000000080000000, 0x0000000100000000)
  region size 1024K, 6 young (6144K), 6 survivors (6144K)
 Metaspace       used 93707K, committed 94400K, reserved 1130496K
  class space    used 12834K, committed 13184K, reserved 1048576K
}
Event: 13.220 GC heap before
{Heap before GC invocations=33 (full 0):
 garbage-first heap   total 141312K, used 84987K [0x0000000080000000, 0x0000000100000000)
  region size 1024K, 7 young (7168K), 6 survivors (6144K)
 Metaspace       used 93709K, committed 94400K, reserved 1130496K
  class space    used 12834K, committed 13184K, reserved 1048576K
}
Event: 13.225 GC heap after
{Heap after GC invocations=34 (full 0):
 garbage-first heap   total 141312K, used 84335K [0x0000000080000000, 0x0000000100000000)
  region size 1024K, 1 young (1024K), 1 survivors (1024K)
 Metaspace       used 93709K, committed 94400K, reserved 1130496K
  class space    used 12834K, committed 13184K, reserved 1048576K
}
Event: 13.640 GC heap before
{Heap before GC invocations=34 (full 0):
 garbage-first heap   total 141312K, used 115055K [0x0000000080000000, 0x0000000100000000)
  region size 1024K, 31 young (31744K), 1 survivors (1024K)
 Metaspace       used 95309K, committed 96000K, reserved 1138688K
  class space    used 13115K, committed 13440K, reserved 1048576K
}
Event: 13.645 GC heap after
{Heap after GC invocations=35 (full 0):
 garbage-first heap   total 282624K, used 87380K [0x0000000080000000, 0x0000000100000000)
  region size 1024K, 4 young (4096K), 4 survivors (4096K)
 Metaspace       used 95309K, committed 96000K, reserved 1138688K
  class space    used 13115K, committed 13440K, reserved 1048576K
}
Event: 15.022 GC heap before
{Heap before GC invocations=36 (full 0):
 garbage-first heap   total 282624K, used 209236K [0x0000000080000000, 0x0000000100000000)
  region size 1024K, 123 young (125952K), 4 survivors (4096K)
 Metaspace       used 100542K, committed 101248K, reserved 1138688K
  class space    used 13729K, committed 14080K, reserved 1048576K
}
Event: 15.032 GC heap after
{Heap after GC invocations=37 (full 0):
 garbage-first heap   total 282624K, used 96169K [0x0000000080000000, 0x0000000100000000)
  region size 1024K, 13 young (13312K), 13 survivors (13312K)
 Metaspace       used 100542K, committed 101248K, reserved 1138688K
  class space    used 13729K, committed 14080K, reserved 1048576K
}
Event: 15.037 GC heap before
{Heap before GC invocations=37 (full 0):
 garbage-first heap   total 282624K, used 97193K [0x0000000080000000, 0x0000000100000000)
  region size 1024K, 14 young (14336K), 13 survivors (13312K)
 Metaspace       used 100542K, committed 101248K, reserved 1138688K
  class space    used 13729K, committed 14080K, reserved 1048576K
}
Event: 15.046 GC heap after
{Heap after GC invocations=38 (full 0):
 garbage-first heap   total 282624K, used 97726K [0x0000000080000000, 0x0000000100000000)
  region size 1024K, 2 young (2048K), 2 survivors (2048K)
 Metaspace       used 100542K, committed 101248K, reserved 1138688K
  class space    used 13729K, committed 14080K, reserved 1048576K
}
Event: 15.588 GC heap before
{Heap before GC invocations=38 (full 0):
 garbage-first heap   total 282624K, used 212414K [0x0000000080000000, 0x0000000100000000)
  region size 1024K, 86 young (88064K), 2 survivors (2048K)
 Metaspace       used 104859K, committed 105600K, reserved 1146880K
  class space    used 14308K, committed 14656K, reserved 1048576K
}
Event: 15.593 GC heap after
{Heap after GC invocations=39 (full 0):
 garbage-first heap   total 282624K, used 126725K [0x0000000080000000, 0x0000000100000000)
  region size 1024K, 12 young (12288K), 12 survivors (12288K)
 Metaspace       used 104859K, committed 105600K, reserved 1146880K
  class space    used 14308K, committed 14656K, reserved 1048576K
}
Event: 16.096 GC heap before
{Heap before GC invocations=39 (full 0):
 garbage-first heap   total 282624K, used 233221K [0x0000000080000000, 0x0000000100000000)
  region size 1024K, 106 young (108544K), 12 survivors (12288K)
 Metaspace       used 107939K, committed 108672K, reserved 1146880K
  class space    used 14915K, committed 15296K, reserved 1048576K
}
Event: 16.126 GC heap after
{Heap after GC invocations=40 (full 0):
 garbage-first heap   total 282624K, used 167608K [0x0000000080000000, 0x0000000100000000)
  region size 1024K, 14 young (14336K), 14 survivors (14336K)
 Metaspace       used 107939K, committed 108672K, reserved 1146880K
  class space    used 14915K, committed 15296K, reserved 1048576K
}
Event: 16.295 GC heap before
{Heap before GC invocations=40 (full 0):
 garbage-first heap   total 282624K, used 218808K [0x0000000080000000, 0x0000000100000000)
  region size 1024K, 65 young (66560K), 14 survivors (14336K)
 Metaspace       used 108082K, committed 108800K, reserved 1146880K
  class space    used 14915K, committed 15296K, reserved 1048576K
}
Event: 16.328 GC heap after
{Heap after GC invocations=41 (full 0):
 garbage-first heap   total 282624K, used 195059K [0x0000000080000000, 0x0000000100000000)
  region size 1024K, 9 young (9216K), 9 survivors (9216K)
 Metaspace       used 108082K, committed 108800K, reserved 1146880K
  class space    used 14915K, committed 15296K, reserved 1048576K
}
Event: 16.731 GC heap before
{Heap before GC invocations=42 (full 0):
 garbage-first heap   total 348160K, used 224755K [0x0000000080000000, 0x0000000100000000)
  region size 1024K, 38 young (38912K), 9 survivors (9216K)
 Metaspace       used 110783K, committed 111552K, reserved 1146880K
  class space    used 15298K, committed 15680K, reserved 1048576K
}
Event: 16.749 GC heap after
{Heap after GC invocations=43 (full 0):
 garbage-first heap   total 348160K, used 203264K [0x0000000080000000, 0x0000000100000000)
  region size 1024K, 5 young (5120K), 5 survivors (5120K)
 Metaspace       used 110783K, committed 111552K, reserved 1146880K
  class space    used 15298K, committed 15680K, reserved 1048576K
}
Event: 16.923 GC heap before
{Heap before GC invocations=43 (full 0):
 garbage-first heap   total 348160K, used 215552K [0x0000000080000000, 0x0000000100000000)
  region size 1024K, 17 young (17408K), 5 survivors (5120K)
 Metaspace       used 111603K, committed 112320K, reserved 1146880K
  class space    used 15429K, committed 15808K, reserved 1048576K
}
Event: 16.929 GC heap after
{Heap after GC invocations=44 (full 0):
 garbage-first heap   total 348160K, used 205316K [0x0000000080000000, 0x0000000100000000)
  region size 1024K, 2 young (2048K), 2 survivors (2048K)
 Metaspace       used 111603K, committed 112320K, reserved 1146880K
  class space    used 15429K, committed 15808K, reserved 1048576K
}
Event: 17.318 GC heap before
{Heap before GC invocations=44 (full 0):
 garbage-first heap   total 348160K, used 261636K [0x0000000080000000, 0x0000000100000000)
  region size 1024K, 57 young (58368K), 2 survivors (2048K)
 Metaspace       used 113005K, committed 113728K, reserved 1146880K
  class space    used 15605K, committed 15936K, reserved 1048576K
}

