# JRE version: OpenJDK Runtime Environment (17.0.6) (build 17.0.6+0-b2043.56-10027231)
# Java VM: OpenJDK 64-Bit Server VM (17.0.6+0-b2043.56-10027231, mixed mode, tiered, compressed oops, compressed class ptrs, g1 gc, windows-amd64)
GC Precious Log:
 CPUs: 8 total, 8 available
 Memory: 16167M
 Large Page Support: Disabled
 NUMA Support: Disabled
 Compressed Oops: Enabled (32-bit)
 Heap Region Size: 1M
 Heap Min Capacity: 8M
 Heap Initial Capacity: 254M
 Heap Max Capacity: 2G
 Pre-touch: Disabled
 Parallel Workers: 8
 Concurrent Workers: 2
 Concurrent Refinement Workers: 8
 Periodic GC: Disabled
Heap:
 garbage-first heap   total 464896K, used 258497K [0x0000000080000000, 0x0000000100000000)
  region size 1024K, 3 young (3072K), 3 survivors (3072K)
 Metaspace       used 119326K, committed 120192K, reserved 1155072K
  class space    used 15977K, committed 16384K, reserved 1048576K
GC Heap History (20 events):
Event: 11.146 GC heap after
{Heap after GC invocations=46 (full 0):
 garbage-first heap   total 148480K, used 85161K [0x0000000080000000, 0x0000000100000000)
  region size 1024K, 6 young (6144K), 6 survivors (6144K)
 Metaspace       used 93885K, committed 94528K, reserved 1130496K
  class space    used 12842K, committed 13120K, reserved 1048576K
}
Event: 11.151 GC heap before
{Heap before GC invocations=46 (full 0):
 garbage-first heap   total 148480K, used 86185K [0x0000000080000000, 0x0000000100000000)
  region size 1024K, 7 young (7168K), 6 survivors (6144K)
 Metaspace       used 93885K, committed 94528K, reserved 1130496K
  class space    used 12842K, committed 13120K, reserved 1048576K
}
Event: 11.157 GC heap after
{Heap after GC invocations=47 (full 0):
 garbage-first heap   total 148480K, used 86037K [0x0000000080000000, 0x0000000100000000)
  region size 1024K, 1 young (1024K), 1 survivors (1024K)
 Metaspace       used 93885K, committed 94528K, reserved 1130496K
  class space    used 12842K, committed 13120K, reserved 1048576K
}
Event: 11.606 GC heap before
{Heap before GC invocations=47 (full 0):
 garbage-first heap   total 148480K, used 120853K [0x0000000080000000, 0x0000000100000000)
  region size 1024K, 35 young (35840K), 1 survivors (1024K)
 Metaspace       used 95934K, committed 96576K, reserved 1138688K
  class space    used 13242K, committed 13568K, reserved 1048576K
}
Event: 11.613 GC heap after
{Heap after GC invocations=48 (full 0):
 garbage-first heap   total 368640K, used 89166K [0x0000000080000000, 0x0000000100000000)
  region size 1024K, 4 young (4096K), 4 survivors (4096K)
 Metaspace       used 95934K, committed 96576K, reserved 1138688K
  class space    used 13242K, committed 13568K, reserved 1048576K
}
Event: 12.980 GC heap before
{Heap before GC invocations=49 (full 0):
 garbage-first heap   total 355328K, used 263246K [0x0000000080000000, 0x0000000100000000)
  region size 1024K, 174 young (178176K), 4 survivors (4096K)
 Metaspace       used 99110K, committed 99776K, reserved 1138688K
  class space    used 13545K, committed 13888K, reserved 1048576K
}
Event: 12.992 GC heap after
{Heap after GC invocations=50 (full 0):
 garbage-first heap   total 355328K, used 101284K [0x0000000080000000, 0x0000000100000000)
  region size 1024K, 16 young (16384K), 16 survivors (16384K)
 Metaspace       used 99110K, committed 99776K, reserved 1138688K
  class space    used 13545K, committed 13888K, reserved 1048576K
}
Event: 12.997 GC heap before
{Heap before GC invocations=50 (full 0):
 garbage-first heap   total 355328K, used 101284K [0x0000000080000000, 0x0000000100000000)
  region size 1024K, 17 young (17408K), 16 survivors (16384K)
 Metaspace       used 99110K, committed 99776K, reserved 1138688K
  class space    used 13545K, committed 13888K, reserved 1048576K
}
Event: 13.005 GC heap after
{Heap after GC invocations=51 (full 0):
 garbage-first heap   total 355328K, used 102969K [0x0000000080000000, 0x0000000100000000)
  region size 1024K, 2 young (2048K), 2 survivors (2048K)
 Metaspace       used 99110K, committed 99776K, reserved 1138688K
  class space    used 13545K, committed 13888K, reserved 1048576K
}
Event: 21.381 GC heap before
{Heap before GC invocations=51 (full 0):
 garbage-first heap   total 355328K, used 268857K [0x0000000080000000, 0x0000000100000000)
  region size 1024K, 162 young (165888K), 2 survivors (2048K)
 Metaspace       used 111853K, committed 112576K, reserved 1146880K
  class space    used 14994K, committed 15360K, reserved 1048576K
}
Event: 21.396 GC heap after
{Heap after GC invocations=52 (full 0):
 garbage-first heap   total 355328K, used 131072K [0x0000000080000000, 0x0000000100000000)
  region size 1024K, 21 young (21504K), 21 survivors (21504K)
 Metaspace       used 111853K, committed 112576K, reserved 1146880K
  class space    used 14994K, committed 15360K, reserved 1048576K
}
Event: 22.371 GC heap before
{Heap before GC invocations=52 (full 0):
 garbage-first heap   total 355328K, used 264192K [0x0000000080000000, 0x0000000100000000)
  region size 1024K, 150 young (153600K), 21 survivors (21504K)
 Metaspace       used 117282K, committed 118080K, reserved 1155072K
  class space    used 15734K, committed 16128K, reserved 1048576K
}
Event: 22.428 GC heap after
{Heap after GC invocations=53 (full 0):
 garbage-first heap   total 375808K, used 220341K [0x0000000080000000, 0x0000000100000000)
  region size 1024K, 19 young (19456K), 19 survivors (19456K)
 Metaspace       used 117282K, committed 118080K, reserved 1155072K
  class space    used 15734K, committed 16128K, reserved 1048576K
}
Event: 22.567 GC heap before
{Heap before GC invocations=53 (full 0):
 garbage-first heap   total 375808K, used 268469K [0x0000000080000000, 0x0000000100000000)
  region size 1024K, 66 young (67584K), 19 survivors (19456K)
 Metaspace       used 117354K, committed 118144K, reserved 1155072K
  class space    used 15734K, committed 16128K, reserved 1048576K
}
Event: 22.589 GC heap after
{Heap after GC invocations=54 (full 0):
 garbage-first heap   total 375808K, used 262656K [0x0000000080000000, 0x0000000100000000)
  region size 1024K, 9 young (9216K), 9 survivors (9216K)
 Metaspace       used 117354K, committed 118144K, reserved 1155072K
  class space    used 15734K, committed 16128K, reserved 1048576K
}
Event: 22.646 GC heap before
{Heap before GC invocations=54 (full 0):
 garbage-first heap   total 375808K, used 287232K [0x0000000080000000, 0x0000000100000000)
  region size 1024K, 33 young (33792K), 9 survivors (9216K)
 Metaspace       used 117379K, committed 118208K, reserved 1155072K
  class space    used 15734K, committed 16128K, reserved 1048576K
}
Event: 22.656 GC heap after
{Heap after GC invocations=55 (full 0):
 garbage-first heap   total 375808K, used 277504K [0x0000000080000000, 0x0000000100000000)
  region size 1024K, 5 young (5120K), 5 survivors (5120K)
 Metaspace       used 117379K, committed 118208K, reserved 1155072K
  class space    used 15734K, committed 16128K, reserved 1048576K
}
Event: 23.006 GC heap before
{Heap before GC invocations=56 (full 0):
 garbage-first heap   total 464896K, used 293888K [0x0000000080000000, 0x0000000100000000)
  region size 1024K, 25 young (25600K), 5 survivors (5120K)
 Metaspace       used 118872K, committed 119744K, reserved 1155072K
  class space    used 15916K, committed 16320K, reserved 1048576K
}
Event: 23.013 GC heap after
{Heap after GC invocations=57 (full 0):
 garbage-first heap   total 464896K, used 279011K [0x0000000080000000, 0x0000000100000000)
  region size 1024K, 3 young (3072K), 3 survivors (3072K)
 Metaspace       used 118872K, committed 119744K, reserved 1155072K
  class space    used 15916K, committed 16320K, reserved 1048576K
}
Event: 23.173 GC heap before
{Heap before GC invocations=57 (full 0):
 garbage-first heap   total 464896K, used 297443K [0x0000000080000000, 0x0000000100000000)
  region size 1024K, 22 young (22528K), 3 survivors (3072K)
 Metaspace       used 119326K, committed 120192K, reserved 1155072K
  class space    used 15977K, committed 16384K, reserved 1048576K
}

