# JRE version: OpenJDK Runtime Environment (17.0.6) (build 17.0.6+0-b2043.56-10027231)
# Java VM: OpenJDK 64-Bit Server VM (17.0.6+0-b2043.56-10027231, mixed mode, tiered, compressed oops, compressed class ptrs, g1 gc, windows-amd64)
GC Precious Log:
 CPUs: 8 total, 8 available
 Memory: 16167M
 Large Page Support: Disabled
 NUMA Support: Disabled
 Compressed Oops: Enabled (32-bit)
 Heap Region Size: 1M
 Heap Min Capacity: 8M
 Heap Initial Capacity: 254M
 Heap Max Capacity: 2G
 Pre-touch: Disabled
 Parallel Workers: 8
 Concurrent Workers: 2
 Concurrent Refinement Workers: 8
 Periodic GC: Disabled
Heap:
 garbage-first heap   total 347136K, used 210540K [0x0000000080000000, 0x0000000100000000)
  region size 1024K, 9 young (9216K), 9 survivors (9216K)
 Metaspace       used 110831K, committed 111552K, reserved 1146880K
  class space    used 15300K, committed 15616K, reserved 1048576K
GC Heap History (20 events):
Event: 17.996 GC heap after
{Heap after GC invocations=41 (full 0):
 garbage-first heap   total 140288K, used 81128K [0x0000000080000000, 0x0000000100000000)
  region size 1024K, 5 young (5120K), 5 survivors (5120K)
 Metaspace       used 93533K, committed 94208K, reserved 1130496K
  class space    used 12804K, committed 13120K, reserved 1048576K
}
Event: 18.018 GC heap before
{Heap before GC invocations=41 (full 0):
 garbage-first heap   total 140288K, used 82152K [0x0000000080000000, 0x0000000100000000)
  region size 1024K, 6 young (6144K), 5 survivors (5120K)
 Metaspace       used 93556K, committed 94208K, reserved 1130496K
  class space    used 12805K, committed 13120K, reserved 1048576K
}
Event: 18.023 GC heap after
{Heap after GC invocations=42 (full 0):
 garbage-first heap   total 140288K, used 81344K [0x0000000080000000, 0x0000000100000000)
  region size 1024K, 1 young (1024K), 1 survivors (1024K)
 Metaspace       used 93556K, committed 94208K, reserved 1130496K
  class space    used 12805K, committed 13120K, reserved 1048576K
}
Event: 18.405 GC heap before
{Heap before GC invocations=42 (full 0):
 garbage-first heap   total 140288K, used 114112K [0x0000000080000000, 0x0000000100000000)
  region size 1024K, 33 young (33792K), 1 survivors (1024K)
 Metaspace       used 94818K, committed 95488K, reserved 1138688K
  class space    used 13048K, committed 13312K, reserved 1048576K
}
Event: 18.413 GC heap after
{Heap after GC invocations=43 (full 0):
 garbage-first heap   total 306176K, used 85743K [0x0000000080000000, 0x0000000100000000)
  region size 1024K, 5 young (5120K), 5 survivors (5120K)
 Metaspace       used 94818K, committed 95488K, reserved 1138688K
  class space    used 13048K, committed 13312K, reserved 1048576K
}
Event: 20.478 GC heap before
{Heap before GC invocations=44 (full 0):
 garbage-first heap   total 296960K, used 233199K [0x0000000080000000, 0x0000000100000000)
  region size 1024K, 149 young (152576K), 5 survivors (5120K)
 Metaspace       used 98482K, committed 99200K, reserved 1138688K
  class space    used 13446K, committed 13760K, reserved 1048576K
}
Event: 20.493 GC heap after
{Heap after GC invocations=45 (full 0):
 garbage-first heap   total 296960K, used 97497K [0x0000000080000000, 0x0000000100000000)
  region size 1024K, 17 young (17408K), 17 survivors (17408K)
 Metaspace       used 98482K, committed 99200K, reserved 1138688K
  class space    used 13446K, committed 13760K, reserved 1048576K
}
Event: 20.508 GC heap before
{Heap before GC invocations=45 (full 0):
 garbage-first heap   total 296960K, used 98521K [0x0000000080000000, 0x0000000100000000)
  region size 1024K, 18 young (18432K), 17 survivors (17408K)
 Metaspace       used 98542K, committed 99200K, reserved 1138688K
  class space    used 13452K, committed 13760K, reserved 1048576K
}
Event: 20.523 GC heap after
{Heap after GC invocations=46 (full 0):
 garbage-first heap   total 296960K, used 98582K [0x0000000080000000, 0x0000000100000000)
  region size 1024K, 2 young (2048K), 2 survivors (2048K)
 Metaspace       used 98542K, committed 99200K, reserved 1138688K
  class space    used 13452K, committed 13760K, reserved 1048576K
}
Event: 22.301 GC heap before
{Heap before GC invocations=46 (full 0):
 garbage-first heap   total 296960K, used 266518K [0x0000000080000000, 0x0000000100000000)
  region size 1024K, 126 young (129024K), 2 survivors (2048K)
 Metaspace       used 105080K, committed 105792K, reserved 1146880K
  class space    used 14545K, committed 14912K, reserved 1048576K
}
Event: 22.332 GC heap after
{Heap after GC invocations=47 (full 0):
 garbage-first heap   total 302080K, used 155612K [0x0000000080000000, 0x0000000100000000)
  region size 1024K, 16 young (16384K), 16 survivors (16384K)
 Metaspace       used 105080K, committed 105792K, reserved 1146880K
  class space    used 14545K, committed 14912K, reserved 1048576K
}
Event: 22.735 GC heap before
{Heap before GC invocations=47 (full 0):
 garbage-first heap   total 302080K, used 228316K [0x0000000080000000, 0x0000000100000000)
  region size 1024K, 88 young (90112K), 16 survivors (16384K)
 Metaspace       used 105323K, committed 106048K, reserved 1146880K
  class space    used 14546K, committed 14912K, reserved 1048576K
}
Event: 22.786 GC heap after
{Heap after GC invocations=48 (full 0):
 garbage-first heap   total 302080K, used 192190K [0x0000000080000000, 0x0000000100000000)
  region size 1024K, 11 young (11264K), 11 survivors (11264K)
 Metaspace       used 105323K, committed 106048K, reserved 1146880K
  class space    used 14546K, committed 14912K, reserved 1048576K
}
Event: 23.603 GC heap before
{Heap before GC invocations=48 (full 0):
 garbage-first heap   total 302080K, used 233150K [0x0000000080000000, 0x0000000100000000)
  region size 1024K, 52 young (53248K), 11 survivors (11264K)
 Metaspace       used 108863K, committed 109632K, reserved 1146880K
  class space    used 15061K, committed 15424K, reserved 1048576K
}
Event: 23.629 GC heap after
{Heap after GC invocations=49 (full 0):
 garbage-first heap   total 302080K, used 201216K [0x0000000080000000, 0x0000000100000000)
  region size 1024K, 7 young (7168K), 7 survivors (7168K)
 Metaspace       used 108863K, committed 109632K, reserved 1146880K
  class space    used 15061K, committed 15424K, reserved 1048576K
}
Event: 24.284 GC heap before
{Heap before GC invocations=50 (full 0):
 garbage-first heap   total 347136K, used 228864K [0x0000000080000000, 0x0000000100000000)
  region size 1024K, 45 young (46080K), 7 survivors (7168K)
 Metaspace       used 109416K, committed 110208K, reserved 1146880K
  class space    used 15141K, committed 15488K, reserved 1048576K
}
Event: 24.295 GC heap after
{Heap after GC invocations=51 (full 0):
 garbage-first heap   total 347136K, used 196339K [0x0000000080000000, 0x0000000100000000)
  region size 1024K, 6 young (6144K), 6 survivors (6144K)
 Metaspace       used 109416K, committed 110208K, reserved 1146880K
  class space    used 15141K, committed 15488K, reserved 1048576K
}
Event: 24.469 GC heap before
{Heap before GC invocations=51 (full 0):
 garbage-first heap   total 347136K, used 205555K [0x0000000080000000, 0x0000000100000000)
  region size 1024K, 16 young (16384K), 6 survivors (6144K)
 Metaspace       used 109676K, committed 110400K, reserved 1146880K
  class space    used 15171K, committed 15488K, reserved 1048576K
}
Event: 24.480 GC heap after
{Heap after GC invocations=52 (full 0):
 garbage-first heap   total 347136K, used 195332K [0x0000000080000000, 0x0000000100000000)
  region size 1024K, 2 young (2048K), 2 survivors (2048K)
 Metaspace       used 109676K, committed 110400K, reserved 1146880K
  class space    used 15171K, committed 15488K, reserved 1048576K
}
Event: 25.279 GC heap before
{Heap before GC invocations=52 (full 0):
 garbage-first heap   total 347136K, used 268036K [0x0000000080000000, 0x0000000100000000)
  region size 1024K, 67 young (68608K), 2 survivors (2048K)
 Metaspace       used 110831K, committed 111552K, reserved 1146880K
  class space    used 15300K, committed 15616K, reserved 1048576K
}

