# JRE version: OpenJDK Runtime Environment (17.0.6) (build 17.0.6+0-b2043.56-10027231)
# Java VM: OpenJDK 64-Bit Server VM (17.0.6+0-b2043.56-10027231, mixed mode, tiered, compressed oops, compressed class ptrs, g1 gc, windows-amd64)
GC Precious Log:
 CPUs: 8 total, 8 available
 Memory: 16167M
 Large Page Support: Disabled
 NUMA Support: Disabled
 Compressed Oops: Enabled (32-bit)
 Heap Region Size: 1M
 Heap Min Capacity: 8M
 Heap Initial Capacity: 254M
 Heap Max Capacity: 2G
 Pre-touch: Disabled
 Parallel Workers: 8
 Concurrent Workers: 2
 Concurrent Refinement Workers: 8
 Periodic GC: Disabled
Heap:
 garbage-first heap   total 150528K, used 88703K [0x0000000080000000, 0x0000000100000000)
  region size 1024K, 4 young (4096K), 4 survivors (4096K)
 Metaspace       used 98413K, committed 99072K, reserved 1138688K
  class space    used 13392K, committed 13696K, reserved 1048576K
GC Heap History (20 events):
Event: 12.461 GC heap after
{Heap after GC invocations=35 (full 0):
 garbage-first heap   total 122880K, used 69621K [0x0000000080000000, 0x0000000100000000)
  region size 1024K, 5 young (5120K), 5 survivors (5120K)
 Metaspace       used 82961K, committed 83520K, reserved 1122304K
  class space    used 11057K, committed 11328K, reserved 1048576K
}
Event: 12.525 GC heap before
{Heap before GC invocations=35 (full 0):
 garbage-first heap   total 122880K, used 74741K [0x0000000080000000, 0x0000000100000000)
  region size 1024K, 12 young (12288K), 5 survivors (5120K)
 Metaspace       used 83556K, committed 84160K, reserved 1122304K
  class space    used 11138K, committed 11456K, reserved 1048576K
}
Event: 12.529 GC heap after
{Heap after GC invocations=36 (full 0):
 garbage-first heap   total 149504K, used 70036K [0x0000000080000000, 0x0000000100000000)
  region size 1024K, 3 young (3072K), 3 survivors (3072K)
 Metaspace       used 83556K, committed 84160K, reserved 1122304K
  class space    used 11138K, committed 11456K, reserved 1048576K
}
Event: 13.105 GC heap before
{Heap before GC invocations=37 (full 0):
 garbage-first heap   total 149504K, used 116116K [0x0000000080000000, 0x0000000100000000)
  region size 1024K, 47 young (48128K), 3 survivors (3072K)
 Metaspace       used 88683K, committed 89280K, reserved 1130496K
  class space    used 12056K, committed 12352K, reserved 1048576K
}
Event: 13.111 GC heap after
{Heap after GC invocations=38 (full 0):
 garbage-first heap   total 149504K, used 72247K [0x0000000080000000, 0x0000000100000000)
  region size 1024K, 5 young (5120K), 5 survivors (5120K)
 Metaspace       used 88683K, committed 89280K, reserved 1130496K
  class space    used 12056K, committed 12352K, reserved 1048576K
}
Event: 13.133 GC heap before
{Heap before GC invocations=38 (full 0):
 garbage-first heap   total 149504K, used 73271K [0x0000000080000000, 0x0000000100000000)
  region size 1024K, 7 young (7168K), 5 survivors (5120K)
 Metaspace       used 88936K, committed 89600K, reserved 1130496K
  class space    used 12094K, committed 12416K, reserved 1048576K
}
Event: 13.137 GC heap after
{Heap after GC invocations=39 (full 0):
 garbage-first heap   total 149504K, used 72924K [0x0000000080000000, 0x0000000100000000)
  region size 1024K, 1 young (1024K), 1 survivors (1024K)
 Metaspace       used 88936K, committed 89600K, reserved 1130496K
  class space    used 12094K, committed 12416K, reserved 1048576K
}
Event: 14.388 GC heap before
{Heap before GC invocations=39 (full 0):
 garbage-first heap   total 149504K, used 119004K [0x0000000080000000, 0x0000000100000000)
  region size 1024K, 46 young (47104K), 1 survivors (1024K)
 Metaspace       used 93514K, committed 94144K, reserved 1130496K
  class space    used 12830K, committed 13120K, reserved 1048576K
}
Event: 14.393 GC heap after
{Heap after GC invocations=40 (full 0):
 garbage-first heap   total 149504K, used 76042K [0x0000000080000000, 0x0000000100000000)
  region size 1024K, 4 young (4096K), 4 survivors (4096K)
 Metaspace       used 93514K, committed 94144K, reserved 1130496K
  class space    used 12830K, committed 13120K, reserved 1048576K
}
Event: 1054.957 GC heap before
{Heap before GC invocations=41 (full 0):
 garbage-first heap   total 149504K, used 119050K [0x0000000080000000, 0x0000000100000000)
  region size 1024K, 47 young (48128K), 4 survivors (4096K)
 Metaspace       used 93997K, committed 94656K, reserved 1130496K
  class space    used 12846K, committed 13184K, reserved 1048576K
}
Event: 1054.961 GC heap after
{Heap after GC invocations=42 (full 0):
 garbage-first heap   total 149504K, used 78142K [0x0000000080000000, 0x0000000100000000)
  region size 1024K, 3 young (3072K), 3 survivors (3072K)
 Metaspace       used 93997K, committed 94656K, reserved 1130496K
  class space    used 12846K, committed 13184K, reserved 1048576K
}
Event: 1055.023 GC heap before
{Heap before GC invocations=42 (full 0):
 garbage-first heap   total 149504K, used 82238K [0x0000000080000000, 0x0000000100000000)
  region size 1024K, 7 young (7168K), 3 survivors (3072K)
 Metaspace       used 94078K, committed 94720K, reserved 1138688K
  class space    used 12846K, committed 13184K, reserved 1048576K
}
Event: 1055.026 GC heap after
{Heap after GC invocations=43 (full 0):
 garbage-first heap   total 149504K, used 78362K [0x0000000080000000, 0x0000000100000000)
  region size 1024K, 1 young (1024K), 1 survivors (1024K)
 Metaspace       used 94078K, committed 94720K, reserved 1138688K
  class space    used 12846K, committed 13184K, reserved 1048576K
}
Event: 1414.490 GC heap before
{Heap before GC invocations=43 (full 0):
 garbage-first heap   total 149504K, used 121370K [0x0000000080000000, 0x0000000100000000)
  region size 1024K, 44 young (45056K), 1 survivors (1024K)
 Metaspace       used 94681K, committed 95360K, reserved 1138688K
  class space    used 12874K, committed 13184K, reserved 1048576K
}
Event: 1414.495 GC heap after
{Heap after GC invocations=44 (full 0):
 garbage-first heap   total 149504K, used 82576K [0x0000000080000000, 0x0000000100000000)
  region size 1024K, 5 young (5120K), 5 survivors (5120K)
 Metaspace       used 94681K, committed 95360K, reserved 1138688K
  class space    used 12874K, committed 13184K, reserved 1048576K
}
Event: 1414.903 GC heap before
{Heap before GC invocations=45 (full 0):
 garbage-first heap   total 150528K, used 121488K [0x0000000080000000, 0x0000000100000000)
  region size 1024K, 44 young (45056K), 5 survivors (5120K)
 Metaspace       used 94959K, committed 95616K, reserved 1138688K
  class space    used 12884K, committed 13184K, reserved 1048576K
}
Event: 1414.910 GC heap after
{Heap after GC invocations=46 (full 0):
 garbage-first heap   total 150528K, used 86309K [0x0000000080000000, 0x0000000100000000)
  region size 1024K, 4 young (4096K), 4 survivors (4096K)
 Metaspace       used 94959K, committed 95616K, reserved 1138688K
  class space    used 12884K, committed 13184K, reserved 1048576K
}
Event: 1414.940 GC heap before
{Heap before GC invocations=46 (full 0):
 garbage-first heap   total 150528K, used 89381K [0x0000000080000000, 0x0000000100000000)
  region size 1024K, 7 young (7168K), 4 survivors (4096K)
 Metaspace       used 95000K, committed 95680K, reserved 1138688K
  class space    used 12885K, committed 13184K, reserved 1048576K
}
Event: 1414.944 GC heap after
{Heap after GC invocations=47 (full 0):
 garbage-first heap   total 150528K, used 85916K [0x0000000080000000, 0x0000000100000000)
  region size 1024K, 1 young (1024K), 1 survivors (1024K)
 Metaspace       used 95000K, committed 95680K, reserved 1138688K
  class space    used 12885K, committed 13184K, reserved 1048576K
}
Event: 1415.411 GC heap before
{Heap before GC invocations=47 (full 0):
 garbage-first heap   total 150528K, used 123804K [0x0000000080000000, 0x0000000100000000)
  region size 1024K, 38 young (38912K), 1 survivors (1024K)
 Metaspace       used 98413K, committed 99072K, reserved 1138688K
  class space    used 13392K, committed 13696K, reserved 1048576K
}

