# JRE version: OpenJDK Runtime Environment (17.0.6) (build 17.0.6+0-b2043.56-10027231)
# Java VM: OpenJDK 64-Bit Server VM (17.0.6+0-b2043.56-10027231, mixed mode, tiered, compressed oops, compressed class ptrs, g1 gc, windows-amd64)
GC Precious Log:
 CPUs: 8 total, 8 available
 Memory: 16167M
 Large Page Support: Disabled
 NUMA Support: Disabled
 Compressed Oops: Enabled (32-bit)
 Heap Region Size: 1M
 Heap Min Capacity: 8M
 Heap Initial Capacity: 254M
 Heap Max Capacity: 2G
 Pre-touch: Disabled
 Parallel Workers: 8
 Concurrent Workers: 2
 Concurrent Refinement Workers: 8
 Periodic GC: Disabled
Heap:
 garbage-first heap   total 278528K, used 121758K [0x0000000080000000, 0x0000000100000000)
  region size 1024K, 6 young (6144K), 6 survivors (6144K)
 Metaspace       used 113364K, committed 114176K, reserved 1155072K
  class space    used 15040K, committed 15424K, reserved 1048576K
GC Heap History (20 events):
Event: 27.943 GC heap after
{Heap after GC invocations=34 (full 0):
 garbage-first heap   total 266240K, used 93699K [0x0000000080000000, 0x0000000100000000)
  region size 1024K, 2 young (2048K), 2 survivors (2048K)
 Metaspace       used 97418K, committed 98112K, reserved 1138688K
  class space    used 13276K, committed 13568K, reserved 1048576K
}
Event: 29.813 GC heap before
{Heap before GC invocations=34 (full 0):
 garbage-first heap   total 266240K, used 198147K [0x0000000080000000, 0x0000000100000000)
  region size 1024K, 105 young (107520K), 2 survivors (2048K)
 Metaspace       used 102546K, committed 103296K, reserved 1138688K
  class space    used 13940K, committed 14336K, reserved 1048576K
}
Event: 29.821 GC heap after
{Heap after GC invocations=35 (full 0):
 garbage-first heap   total 266240K, used 104890K [0x0000000080000000, 0x0000000100000000)
  region size 1024K, 13 young (13312K), 13 survivors (13312K)
 Metaspace       used 102546K, committed 103296K, reserved 1138688K
  class space    used 13940K, committed 14336K, reserved 1048576K
}
Event: 30.372 GC heap before
{Heap before GC invocations=35 (full 0):
 garbage-first heap   total 266240K, used 163258K [0x0000000080000000, 0x0000000100000000)
  region size 1024K, 57 young (58368K), 13 survivors (13312K)
 Metaspace       used 103181K, committed 104000K, reserved 1138688K
  class space    used 13999K, committed 14400K, reserved 1048576K
}
Event: 30.385 GC heap after
{Heap after GC invocations=36 (full 0):
 garbage-first heap   total 266240K, used 126029K [0x0000000080000000, 0x0000000100000000)
  region size 1024K, 14 young (14336K), 14 survivors (14336K)
 Metaspace       used 103181K, committed 104000K, reserved 1138688K
  class space    used 13999K, committed 14400K, reserved 1048576K
}
Event: 31.593 GC heap before
{Heap before GC invocations=37 (full 0):
 garbage-first heap   total 266240K, used 220237K [0x0000000080000000, 0x0000000100000000)
  region size 1024K, 88 young (90112K), 14 survivors (14336K)
 Metaspace       used 106090K, committed 106880K, reserved 1146880K
  class space    used 14350K, committed 14720K, reserved 1048576K
}
Event: 31.609 GC heap after
{Heap after GC invocations=38 (full 0):
 garbage-first heap   total 266240K, used 134417K [0x0000000080000000, 0x0000000100000000)
  region size 1024K, 10 young (10240K), 10 survivors (10240K)
 Metaspace       used 106090K, committed 106880K, reserved 1146880K
  class space    used 14350K, committed 14720K, reserved 1048576K
}
Event: 31.620 GC heap before
{Heap before GC invocations=38 (full 0):
 garbage-first heap   total 266240K, used 136465K [0x0000000080000000, 0x0000000100000000)
  region size 1024K, 13 young (13312K), 10 survivors (10240K)
 Metaspace       used 106149K, committed 106944K, reserved 1146880K
  class space    used 14353K, committed 14720K, reserved 1048576K
}
Event: 31.627 GC heap after
{Heap after GC invocations=39 (full 0):
 garbage-first heap   total 266240K, used 135207K [0x0000000080000000, 0x0000000100000000)
  region size 1024K, 2 young (2048K), 2 survivors (2048K)
 Metaspace       used 106149K, committed 106944K, reserved 1146880K
  class space    used 14353K, committed 14720K, reserved 1048576K
}
Event: 32.092 GC heap before
{Heap before GC invocations=39 (full 0):
 garbage-first heap   total 266240K, used 204839K [0x0000000080000000, 0x0000000100000000)
  region size 1024K, 71 young (72704K), 2 survivors (2048K)
 Metaspace       used 109519K, committed 110336K, reserved 1146880K
  class space    used 14637K, committed 15040K, reserved 1048576K
}
Event: 32.097 GC heap after
{Heap after GC invocations=40 (full 0):
 garbage-first heap   total 266240K, used 139008K [0x0000000080000000, 0x0000000100000000)
  region size 1024K, 6 young (6144K), 6 survivors (6144K)
 Metaspace       used 109519K, committed 110336K, reserved 1146880K
  class space    used 14637K, committed 15040K, reserved 1048576K
}
Event: 32.109 GC heap before
{Heap before GC invocations=40 (full 0):
 garbage-first heap   total 266240K, used 142080K [0x0000000080000000, 0x0000000100000000)
  region size 1024K, 10 young (10240K), 6 survivors (6144K)
 Metaspace       used 109616K, committed 110400K, reserved 1146880K
  class space    used 14645K, committed 15040K, reserved 1048576K
}
Event: 32.113 GC heap after
{Heap after GC invocations=41 (full 0):
 garbage-first heap   total 266240K, used 139656K [0x0000000080000000, 0x0000000100000000)
  region size 1024K, 6 young (6144K), 6 survivors (6144K)
 Metaspace       used 109616K, committed 110400K, reserved 1146880K
  class space    used 14645K, committed 15040K, reserved 1048576K
}
Event: 32.126 GC heap before
{Heap before GC invocations=41 (full 0):
 garbage-first heap   total 266240K, used 153992K [0x0000000080000000, 0x0000000100000000)
  region size 1024K, 10 young (10240K), 6 survivors (6144K)
 Metaspace       used 109706K, committed 110528K, reserved 1146880K
  class space    used 14652K, committed 15040K, reserved 1048576K
}
Event: 32.132 GC heap after
{Heap after GC invocations=42 (full 0):
 garbage-first heap   total 266240K, used 151076K [0x0000000080000000, 0x0000000100000000)
  region size 1024K, 6 young (6144K), 6 survivors (6144K)
 Metaspace       used 109706K, committed 110528K, reserved 1146880K
  class space    used 14652K, committed 15040K, reserved 1048576K
}
Event: 32.584 GC heap before
{Heap before GC invocations=43 (full 0):
 garbage-first heap   total 278528K, used 259620K [0x0000000080000000, 0x0000000100000000)
  region size 1024K, 67 young (68608K), 6 survivors (6144K)
 Metaspace       used 110866K, committed 111616K, reserved 1146880K
  class space    used 14750K, committed 15104K, reserved 1048576K
}
Event: 32.589 GC heap after
{Heap after GC invocations=44 (full 0):
 garbage-first heap   total 278528K, used 126321K [0x0000000080000000, 0x0000000100000000)
  region size 1024K, 3 young (3072K), 3 survivors (3072K)
 Metaspace       used 110866K, committed 111616K, reserved 1146880K
  class space    used 14750K, committed 15104K, reserved 1048576K
}
Event: 32.666 GC heap before
{Heap before GC invocations=44 (full 0):
 garbage-first heap   total 278528K, used 135537K [0x0000000080000000, 0x0000000100000000)
  region size 1024K, 13 young (13312K), 3 survivors (3072K)
 Metaspace       used 111119K, committed 111936K, reserved 1146880K
  class space    used 14779K, committed 15168K, reserved 1048576K
}
Event: 32.671 GC heap after
{Heap after GC invocations=45 (full 0):
 garbage-first heap   total 278528K, used 116788K [0x0000000080000000, 0x0000000100000000)
  region size 1024K, 1 young (1024K), 1 survivors (1024K)
 Metaspace       used 111119K, committed 111936K, reserved 1146880K
  class space    used 14779K, committed 15168K, reserved 1048576K
}
Event: 33.431 GC heap before
{Heap before GC invocations=45 (full 0):
 garbage-first heap   total 278528K, used 185396K [0x0000000080000000, 0x0000000100000000)
  region size 1024K, 70 young (71680K), 1 survivors (1024K)
 Metaspace       used 113364K, committed 114176K, reserved 1155072K
  class space    used 15040K, committed 15424K, reserved 1048576K
}

