# JRE version: OpenJDK Runtime Environment (17.0.6) (build 17.0.6+0-b2043.56-10027231)
# Java VM: OpenJDK 64-Bit Server VM (17.0.6+0-b2043.56-10027231, mixed mode, tiered, compressed oops, compressed class ptrs, g1 gc, windows-amd64)
GC Precious Log:
 CPUs: 8 total, 8 available
 Memory: 16167M
 Large Page Support: Disabled
 NUMA Support: Disabled
 Compressed Oops: Enabled (32-bit)
 Heap Region Size: 1M
 Heap Min Capacity: 8M
 Heap Initial Capacity: 254M
 Heap Max Capacity: 2G
 Pre-touch: Disabled
 Parallel Workers: 8
 Concurrent Workers: 2
 Concurrent Refinement Workers: 8
 Periodic GC: Disabled
Heap:
 garbage-first heap   total 314368K, used 215027K [0x0000000080000000, 0x0000000100000000)
  region size 1024K, 8 young (8192K), 8 survivors (8192K)
 Metaspace       used 121066K, committed 121856K, reserved 1155072K
  class space    used 16266K, committed 16640K, reserved 1048576K
GC Heap History (20 events):
Event: 12.442 GC heap after
{Heap after GC invocations=38 (full 0):
 garbage-first heap   total 294912K, used 86826K [0x0000000080000000, 0x0000000100000000)
  region size 1024K, 1 young (1024K), 1 survivors (1024K)
 Metaspace       used 94657K, committed 95360K, reserved 1138688K
  class space    used 12991K, committed 13312K, reserved 1048576K
}
Event: 15.424 GC heap before
{Heap before GC invocations=38 (full 0):
 garbage-first heap   total 294912K, used 236330K [0x0000000080000000, 0x0000000100000000)
  region size 1024K, 138 young (141312K), 1 survivors (1024K)
 Metaspace       used 101540K, committed 102336K, reserved 1138688K
  class space    used 13821K, committed 14208K, reserved 1048576K
}
Event: 15.442 GC heap after
{Heap after GC invocations=39 (full 0):
 garbage-first heap   total 294912K, used 113471K [0x0000000080000000, 0x0000000100000000)
  region size 1024K, 18 young (18432K), 18 survivors (18432K)
 Metaspace       used 101540K, committed 102336K, reserved 1138688K
  class space    used 13821K, committed 14208K, reserved 1048576K
}
Event: 16.967 GC heap before
{Heap before GC invocations=39 (full 0):
 garbage-first heap   total 294912K, used 243519K [0x0000000080000000, 0x0000000100000000)
  region size 1024K, 121 young (123904K), 18 survivors (18432K)
 Metaspace       used 105582K, committed 106304K, reserved 1146880K
  class space    used 14292K, committed 14656K, reserved 1048576K
}
Event: 16.985 GC heap after
{Heap after GC invocations=40 (full 0):
 garbage-first heap   total 294912K, used 130147K [0x0000000080000000, 0x0000000100000000)
  region size 1024K, 16 young (16384K), 16 survivors (16384K)
 Metaspace       used 105582K, committed 106304K, reserved 1146880K
  class space    used 14292K, committed 14656K, reserved 1048576K
}
Event: 17.487 GC heap before
{Heap before GC invocations=40 (full 0):
 garbage-first heap   total 294912K, used 227427K [0x0000000080000000, 0x0000000100000000)
  region size 1024K, 91 young (93184K), 16 survivors (16384K)
 Metaspace       used 108806K, committed 109568K, reserved 1146880K
  class space    used 14543K, committed 14912K, reserved 1048576K
}
Event: 17.499 GC heap after
{Heap after GC invocations=41 (full 0):
 garbage-first heap   total 294912K, used 146508K [0x0000000080000000, 0x0000000100000000)
  region size 1024K, 6 young (6144K), 6 survivors (6144K)
 Metaspace       used 108806K, committed 109568K, reserved 1146880K
  class space    used 14543K, committed 14912K, reserved 1048576K
}
Event: 18.137 GC heap before
{Heap before GC invocations=42 (full 0):
 garbage-first heap   total 314368K, used 282700K [0x0000000080000000, 0x0000000100000000)
  region size 1024K, 90 young (92160K), 6 survivors (6144K)
 Metaspace       used 110540K, committed 111232K, reserved 1146880K
  class space    used 14706K, committed 15040K, reserved 1048576K
}
Event: 18.144 GC heap after
{Heap after GC invocations=43 (full 0):
 garbage-first heap   total 314368K, used 137595K [0x0000000080000000, 0x0000000100000000)
  region size 1024K, 8 young (8192K), 8 survivors (8192K)
 Metaspace       used 110540K, committed 111232K, reserved 1146880K
  class space    used 14706K, committed 15040K, reserved 1048576K
}
Event: 18.196 GC heap before
{Heap before GC invocations=43 (full 0):
 garbage-first heap   total 314368K, used 143739K [0x0000000080000000, 0x0000000100000000)
  region size 1024K, 15 young (15360K), 8 survivors (8192K)
 Metaspace       used 110768K, committed 111488K, reserved 1146880K
  class space    used 14734K, committed 15104K, reserved 1048576K
}
Event: 18.201 GC heap after
{Heap after GC invocations=44 (full 0):
 garbage-first heap   total 314368K, used 138005K [0x0000000080000000, 0x0000000100000000)
  region size 1024K, 2 young (2048K), 2 survivors (2048K)
 Metaspace       used 110768K, committed 111488K, reserved 1146880K
  class space    used 14734K, committed 15104K, reserved 1048576K
}
Event: 19.161 GC heap before
{Heap before GC invocations=44 (full 0):
 garbage-first heap   total 314368K, used 247573K [0x0000000080000000, 0x0000000100000000)
  region size 1024K, 109 young (111616K), 2 survivors (2048K)
 Metaspace       used 113615K, committed 114368K, reserved 1155072K
  class space    used 15054K, committed 15424K, reserved 1048576K
}
Event: 19.170 GC heap after
{Heap after GC invocations=45 (full 0):
 garbage-first heap   total 314368K, used 145122K [0x0000000080000000, 0x0000000100000000)
  region size 1024K, 9 young (9216K), 9 survivors (9216K)
 Metaspace       used 113615K, committed 114368K, reserved 1155072K
  class space    used 15054K, committed 15424K, reserved 1048576K
}
Event: 19.688 GC heap before
{Heap before GC invocations=45 (full 0):
 garbage-first heap   total 314368K, used 240354K [0x0000000080000000, 0x0000000100000000)
  region size 1024K, 83 young (84992K), 9 survivors (9216K)
 Metaspace       used 117869K, committed 118656K, reserved 1155072K
  class space    used 15645K, committed 16064K, reserved 1048576K
}
Event: 19.698 GC heap after
{Heap after GC invocations=46 (full 0):
 garbage-first heap   total 314368K, used 171592K [0x0000000080000000, 0x0000000100000000)
  region size 1024K, 10 young (10240K), 10 survivors (10240K)
 Metaspace       used 117869K, committed 118656K, reserved 1155072K
  class space    used 15645K, committed 16064K, reserved 1048576K
}
Event: 20.447 GC heap before
{Heap before GC invocations=47 (full 0):
 garbage-first heap   total 314368K, used 260680K [0x0000000080000000, 0x0000000100000000)
  region size 1024K, 91 young (93184K), 10 survivors (10240K)
 Metaspace       used 120926K, committed 121728K, reserved 1155072K
  class space    used 16266K, committed 16640K, reserved 1048576K
}
Event: 20.474 GC heap after
{Heap after GC invocations=48 (full 0):
 garbage-first heap   total 314368K, used 196073K [0x0000000080000000, 0x0000000100000000)
  region size 1024K, 12 young (12288K), 12 survivors (12288K)
 Metaspace       used 120926K, committed 121728K, reserved 1155072K
  class space    used 16266K, committed 16640K, reserved 1048576K
}
Event: 20.500 GC heap before
{Heap before GC invocations=48 (full 0):
 garbage-first heap   total 314368K, used 198121K [0x0000000080000000, 0x0000000100000000)
  region size 1024K, 15 young (15360K), 12 survivors (12288K)
 Metaspace       used 120947K, committed 121728K, reserved 1155072K
  class space    used 16266K, committed 16640K, reserved 1048576K
}
Event: 20.513 GC heap after
{Heap after GC invocations=49 (full 0):
 garbage-first heap   total 314368K, used 184320K [0x0000000080000000, 0x0000000100000000)
  region size 1024K, 2 young (2048K), 2 survivors (2048K)
 Metaspace       used 120947K, committed 121728K, reserved 1155072K
  class space    used 16266K, committed 16640K, reserved 1048576K
}
Event: 20.652 GC heap before
{Heap before GC invocations=49 (full 0):
 garbage-first heap   total 314368K, used 244736K [0x0000000080000000, 0x0000000100000000)
  region size 1024K, 62 young (63488K), 2 survivors (2048K)
 Metaspace       used 121066K, committed 121856K, reserved 1155072K
  class space    used 16266K, committed 16640K, reserved 1048576K
}

