# JRE version: OpenJDK Runtime Environment (17.0.6) (build 17.0.6+0-b2043.56-10027231)
# Java VM: OpenJDK 64-Bit Server VM (17.0.6+0-b2043.56-10027231, mixed mode, tiered, compressed oops, compressed class ptrs, g1 gc, windows-amd64)
GC Precious Log:
 CPUs: 8 total, 8 available
 Memory: 16167M
 Large Page Support: Disabled
 NUMA Support: Disabled
 Compressed Oops: Enabled (32-bit)
 Heap Region Size: 1M
 Heap Min Capacity: 8M
 Heap Initial Capacity: 254M
 Heap Max Capacity: 2G
 Pre-touch: Disabled
 Parallel Workers: 8
 Concurrent Workers: 2
 Concurrent Refinement Workers: 8
 Periodic GC: Disabled
Heap:
 garbage-first heap   total 315392K, used 215504K [0x0000000080000000, 0x0000000100000000)
  region size 1024K, 5 young (5120K), 5 survivors (5120K)
 Metaspace       used 110545K, committed 111360K, reserved 1146880K
  class space    used 15311K, committed 15680K, reserved 1048576K
GC Heap History (20 events):
Event: 12.906 GC heap after
{Heap after GC invocations=35 (full 0):
 garbage-first heap   total 147456K, used 87518K [0x0000000080000000, 0x0000000100000000)
  region size 1024K, 5 young (5120K), 5 survivors (5120K)
 Metaspace       used 94948K, committed 95616K, reserved 1138688K
  class space    used 13058K, committed 13376K, reserved 1048576K
}
Event: 13.162 GC heap before
{Heap before GC invocations=35 (full 0):
 garbage-first heap   total 147456K, used 119262K [0x0000000080000000, 0x0000000100000000)
  region size 1024K, 37 young (37888K), 5 survivors (5120K)
 Metaspace       used 95706K, committed 96384K, reserved 1138688K
  class space    used 13223K, committed 13568K, reserved 1048576K
}
Event: 13.169 GC heap after
{Heap after GC invocations=36 (full 0):
 garbage-first heap   total 147456K, used 90984K [0x0000000080000000, 0x0000000100000000)
  region size 1024K, 3 young (3072K), 3 survivors (3072K)
 Metaspace       used 95706K, committed 96384K, reserved 1138688K
  class space    used 13223K, committed 13568K, reserved 1048576K
}
Event: 13.476 GC heap before
{Heap before GC invocations=37 (full 0):
 garbage-first heap   total 160768K, used 120680K [0x0000000080000000, 0x0000000100000000)
  region size 1024K, 33 young (33792K), 3 survivors (3072K)
 Metaspace       used 96128K, committed 96832K, reserved 1138688K
  class space    used 13261K, committed 13568K, reserved 1048576K
}
Event: 13.480 GC heap after
{Heap after GC invocations=38 (full 0):
 garbage-first heap   total 160768K, used 92893K [0x0000000080000000, 0x0000000100000000)
  region size 1024K, 5 young (5120K), 5 survivors (5120K)
 Metaspace       used 96128K, committed 96832K, reserved 1138688K
  class space    used 13261K, committed 13568K, reserved 1048576K
}
Event: 13.495 GC heap before
{Heap before GC invocations=38 (full 0):
 garbage-first heap   total 160768K, used 93917K [0x0000000080000000, 0x0000000100000000)
  region size 1024K, 7 young (7168K), 5 survivors (5120K)
 Metaspace       used 96148K, committed 96832K, reserved 1138688K
  class space    used 13261K, committed 13568K, reserved 1048576K
}
Event: 13.501 GC heap after
{Heap after GC invocations=39 (full 0):
 garbage-first heap   total 160768K, used 93016K [0x0000000080000000, 0x0000000100000000)
  region size 1024K, 1 young (1024K), 1 survivors (1024K)
 Metaspace       used 96148K, committed 96832K, reserved 1138688K
  class space    used 13261K, committed 13568K, reserved 1048576K
}
Event: 13.800 GC heap before
{Heap before GC invocations=39 (full 0):
 garbage-first heap   total 160768K, used 131928K [0x0000000080000000, 0x0000000100000000)
  region size 1024K, 39 young (39936K), 1 survivors (1024K)
 Metaspace       used 97396K, committed 98112K, reserved 1138688K
  class space    used 13349K, committed 13696K, reserved 1048576K
}
Event: 13.804 GC heap after
{Heap after GC invocations=40 (full 0):
 garbage-first heap   total 310272K, used 95182K [0x0000000080000000, 0x0000000100000000)
  region size 1024K, 3 young (3072K), 3 survivors (3072K)
 Metaspace       used 97396K, committed 98112K, reserved 1138688K
  class space    used 13349K, committed 13696K, reserved 1048576K
}
Event: 15.126 GC heap before
{Heap before GC invocations=41 (full 0):
 garbage-first heap   total 310272K, used 281550K [0x0000000080000000, 0x0000000100000000)
  region size 1024K, 145 young (148480K), 3 survivors (3072K)
 Metaspace       used 104098K, committed 104832K, reserved 1146880K
  class space    used 14405K, committed 14784K, reserved 1048576K
}
Event: 15.148 GC heap after
{Heap after GC invocations=42 (full 0):
 garbage-first heap   total 315392K, used 149350K [0x0000000080000000, 0x0000000100000000)
  region size 1024K, 19 young (19456K), 19 survivors (19456K)
 Metaspace       used 104098K, committed 104832K, reserved 1146880K
  class space    used 14405K, committed 14784K, reserved 1048576K
}
Event: 15.171 GC heap before
{Heap before GC invocations=42 (full 0):
 garbage-first heap   total 315392K, used 150374K [0x0000000080000000, 0x0000000100000000)
  region size 1024K, 20 young (20480K), 19 survivors (19456K)
 Metaspace       used 104437K, committed 105216K, reserved 1146880K
  class space    used 14501K, committed 14912K, reserved 1048576K
}
Event: 15.186 GC heap after
{Heap after GC invocations=43 (full 0):
 garbage-first heap   total 315392K, used 151778K [0x0000000080000000, 0x0000000100000000)
  region size 1024K, 2 young (2048K), 2 survivors (2048K)
 Metaspace       used 104437K, committed 105216K, reserved 1146880K
  class space    used 14501K, committed 14912K, reserved 1048576K
}
Event: 15.447 GC heap before
{Heap before GC invocations=43 (full 0):
 garbage-first heap   total 315392K, used 226530K [0x0000000080000000, 0x0000000100000000)
  region size 1024K, 76 young (77824K), 2 survivors (2048K)
 Metaspace       used 105265K, committed 106048K, reserved 1146880K
  class space    used 14578K, committed 14976K, reserved 1048576K
}
Event: 15.476 GC heap after
{Heap after GC invocations=44 (full 0):
 garbage-first heap   total 315392K, used 187057K [0x0000000080000000, 0x0000000100000000)
  region size 1024K, 10 young (10240K), 10 survivors (10240K)
 Metaspace       used 105265K, committed 106048K, reserved 1146880K
  class space    used 14578K, committed 14976K, reserved 1048576K
}
Event: 15.802 GC heap before
{Heap before GC invocations=44 (full 0):
 garbage-first heap   total 315392K, used 237233K [0x0000000080000000, 0x0000000100000000)
  region size 1024K, 60 young (61440K), 10 survivors (10240K)
 Metaspace       used 108692K, committed 109440K, reserved 1146880K
  class space    used 15048K, committed 15424K, reserved 1048576K
}
Event: 15.824 GC heap after
{Heap after GC invocations=45 (full 0):
 garbage-first heap   total 315392K, used 204288K [0x0000000080000000, 0x0000000100000000)
  region size 1024K, 8 young (8192K), 8 survivors (8192K)
 Metaspace       used 108692K, committed 109440K, reserved 1146880K
  class space    used 15048K, committed 15424K, reserved 1048576K
}
Event: 16.011 GC heap before
{Heap before GC invocations=45 (full 0):
 garbage-first heap   total 315392K, used 246272K [0x0000000080000000, 0x0000000100000000)
  region size 1024K, 50 young (51200K), 8 survivors (8192K)
 Metaspace       used 109847K, committed 110592K, reserved 1146880K
  class space    used 15215K, committed 15616K, reserved 1048576K
}
Event: 16.023 GC heap after
{Heap after GC invocations=46 (full 0):
 garbage-first heap   total 315392K, used 212435K [0x0000000080000000, 0x0000000100000000)
  region size 1024K, 7 young (7168K), 7 survivors (7168K)
 Metaspace       used 109847K, committed 110592K, reserved 1146880K
  class space    used 15215K, committed 15616K, reserved 1048576K
}
Event: 16.214 GC heap before
{Heap before GC invocations=46 (full 0):
 garbage-first heap   total 315392K, used 252371K [0x0000000080000000, 0x0000000100000000)
  region size 1024K, 47 young (48128K), 7 survivors (7168K)
 Metaspace       used 110545K, committed 111360K, reserved 1146880K
  class space    used 15311K, committed 15680K, reserved 1048576K
}

