# JRE version: OpenJDK Runtime Environment (17.0.6) (build 17.0.6+0-b2043.56-10027231)
# Java VM: OpenJDK 64-Bit Server VM (17.0.6+0-b2043.56-10027231, mixed mode, tiered, compressed oops, compressed class ptrs, g1 gc, windows-amd64)
GC Precious Log:
 CPUs: 8 total, 8 available
 Memory: 16167M
 Large Page Support: Disabled
 NUMA Support: Disabled
 Compressed Oops: Enabled (32-bit)
 Heap Region Size: 1M
 Heap Min Capacity: 8M
 Heap Initial Capacity: 254M
 Heap Max Capacity: 2G
 Pre-touch: Disabled
 Parallel Workers: 8
 Concurrent Workers: 2
 Concurrent Refinement Workers: 8
 Periodic GC: Disabled
Heap:
 garbage-first heap   total 390144K, used 306484K [0x0000000080000000, 0x0000000100000000)
  region size 1024K, 2 young (2048K), 2 survivors (2048K)
 Metaspace       used 126145K, committed 126976K, reserved 1163264K
  class space    used 16961K, committed 17344K, reserved 1048576K
GC Heap History (20 events):
Event: 11.816 GC heap after
{Heap after GC invocations=38 (full 0):
 garbage-first heap   total 380928K, used 126321K [0x0000000080000000, 0x0000000100000000)
  region size 1024K, 4 young (4096K), 4 survivors (4096K)
 Metaspace       used 104334K, committed 105024K, reserved 1146880K
  class space    used 14185K, committed 14528K, reserved 1048576K
}
Event: 12.810 GC heap before
{Heap before GC invocations=39 (full 0):
 garbage-first heap   total 380928K, used 334193K [0x0000000080000000, 0x0000000100000000)
  region size 1024K, 145 young (148480K), 4 survivors (4096K)
 Metaspace       used 108779K, committed 109568K, reserved 1146880K
  class space    used 14544K, committed 14912K, reserved 1048576K
}
Event: 12.819 GC heap after
{Heap after GC invocations=40 (full 0):
 garbage-first heap   total 380928K, used 133440K [0x0000000080000000, 0x0000000100000000)
  region size 1024K, 11 young (11264K), 11 survivors (11264K)
 Metaspace       used 108779K, committed 109568K, reserved 1146880K
  class space    used 14544K, committed 14912K, reserved 1048576K
}
Event: 12.852 GC heap before
{Heap before GC invocations=40 (full 0):
 garbage-first heap   total 380928K, used 140608K [0x0000000080000000, 0x0000000100000000)
  region size 1024K, 18 young (18432K), 11 survivors (11264K)
 Metaspace       used 108839K, committed 109632K, reserved 1146880K
  class space    used 14546K, committed 14912K, reserved 1048576K
}
Event: 12.859 GC heap after
{Heap after GC invocations=41 (full 0):
 garbage-first heap   total 380928K, used 132607K [0x0000000080000000, 0x0000000100000000)
  region size 1024K, 2 young (2048K), 2 survivors (2048K)
 Metaspace       used 108839K, committed 109632K, reserved 1146880K
  class space    used 14546K, committed 14912K, reserved 1048576K
}
Event: 14.124 GC heap before
{Heap before GC invocations=41 (full 0):
 garbage-first heap   total 380928K, used 323071K [0x0000000080000000, 0x0000000100000000)
  region size 1024K, 162 young (165888K), 2 survivors (2048K)
 Metaspace       used 113423K, committed 114176K, reserved 1155072K
  class space    used 15050K, committed 15424K, reserved 1048576K
}
Event: 14.134 GC heap after
{Heap after GC invocations=42 (full 0):
 garbage-first heap   total 380928K, used 142218K [0x0000000080000000, 0x0000000100000000)
  region size 1024K, 11 young (11264K), 11 survivors (11264K)
 Metaspace       used 113423K, committed 114176K, reserved 1155072K
  class space    used 15050K, committed 15424K, reserved 1048576K
}
Event: 15.508 GC heap before
{Heap before GC invocations=42 (full 0):
 garbage-first heap   total 380928K, used 340874K [0x0000000080000000, 0x0000000100000000)
  region size 1024K, 165 young (168960K), 11 survivors (11264K)
 Metaspace       used 120732K, committed 121536K, reserved 1155072K
  class space    used 16253K, committed 16640K, reserved 1048576K
}
Event: 15.547 GC heap after
{Heap after GC invocations=43 (full 0):
 garbage-first heap   total 390144K, used 203086K [0x0000000080000000, 0x0000000100000000)
  region size 1024K, 21 young (21504K), 21 survivors (21504K)
 Metaspace       used 120732K, committed 121536K, reserved 1155072K
  class space    used 16253K, committed 16640K, reserved 1048576K
}
Event: 16.015 GC heap before
{Heap before GC invocations=43 (full 0):
 garbage-first heap   total 390144K, used 298318K [0x0000000080000000, 0x0000000100000000)
  region size 1024K, 115 young (117760K), 21 survivors (21504K)
 Metaspace       used 123545K, committed 124352K, reserved 1163264K
  class space    used 16627K, committed 17024K, reserved 1048576K
}
Event: 16.059 GC heap after
{Heap after GC invocations=44 (full 0):
 garbage-first heap   total 390144K, used 245759K [0x0000000080000000, 0x0000000100000000)
  region size 1024K, 15 young (15360K), 15 survivors (15360K)
 Metaspace       used 123545K, committed 124352K, reserved 1163264K
  class space    used 16627K, committed 17024K, reserved 1048576K
}
Event: 16.580 GC heap before
{Heap before GC invocations=44 (full 0):
 garbage-first heap   total 390144K, used 302079K [0x0000000080000000, 0x0000000100000000)
  region size 1024K, 71 young (72704K), 15 survivors (15360K)
 Metaspace       used 125046K, committed 125888K, reserved 1163264K
  class space    used 16848K, committed 17280K, reserved 1048576K
}
Event: 16.600 GC heap after
{Heap after GC invocations=45 (full 0):
 garbage-first heap   total 390144K, used 255736K [0x0000000080000000, 0x0000000100000000)
  region size 1024K, 8 young (8192K), 8 survivors (8192K)
 Metaspace       used 125046K, committed 125888K, reserved 1163264K
  class space    used 16848K, committed 17280K, reserved 1048576K
}
Event: 17.305 GC heap before
{Heap before GC invocations=45 (full 0):
 garbage-first heap   total 390144K, used 321272K [0x0000000080000000, 0x0000000100000000)
  region size 1024K, 62 young (63488K), 8 survivors (8192K)
 Metaspace       used 125580K, committed 126464K, reserved 1163264K
  class space    used 16905K, committed 17344K, reserved 1048576K
}
Event: 17.317 GC heap after
{Heap after GC invocations=46 (full 0):
 garbage-first heap   total 390144K, used 269504K [0x0000000080000000, 0x0000000100000000)
  region size 1024K, 4 young (4096K), 4 survivors (4096K)
 Metaspace       used 125580K, committed 126464K, reserved 1163264K
  class space    used 16905K, committed 17344K, reserved 1048576K
}
Event: 17.982 GC heap before
{Heap before GC invocations=46 (full 0):
 garbage-first heap   total 390144K, used 324800K [0x0000000080000000, 0x0000000100000000)
  region size 1024K, 53 young (54272K), 4 survivors (4096K)
 Metaspace       used 125901K, committed 126720K, reserved 1163264K
  class space    used 16937K, committed 17344K, reserved 1048576K
}
Event: 17.989 GC heap after
{Heap after GC invocations=47 (full 0):
 garbage-first heap   total 390144K, used 280064K [0x0000000080000000, 0x0000000100000000)
  region size 1024K, 7 young (7168K), 7 survivors (7168K)
 Metaspace       used 125901K, committed 126720K, reserved 1163264K
  class space    used 16937K, committed 17344K, reserved 1048576K
}
Event: 18.222 GC heap before
{Heap before GC invocations=47 (full 0):
 garbage-first heap   total 390144K, used 330240K [0x0000000080000000, 0x0000000100000000)
  region size 1024K, 52 young (53248K), 7 survivors (7168K)
 Metaspace       used 126074K, committed 126848K, reserved 1163264K
  class space    used 16959K, committed 17344K, reserved 1048576K
}
Event: 18.237 GC heap after
{Heap after GC invocations=48 (full 0):
 garbage-first heap   total 390144K, used 296382K [0x0000000080000000, 0x0000000100000000)
  region size 1024K, 7 young (7168K), 7 survivors (7168K)
 Metaspace       used 126074K, committed 126848K, reserved 1163264K
  class space    used 16959K, committed 17344K, reserved 1048576K
}
Event: 18.408 GC heap before
{Heap before GC invocations=48 (full 0):
 garbage-first heap   total 390144K, used 339390K [0x0000000080000000, 0x0000000100000000)
  region size 1024K, 39 young (39936K), 7 survivors (7168K)
 Metaspace       used 126145K, committed 126976K, reserved 1163264K
  class space    used 16961K, committed 17344K, reserved 1048576K
}

