# JRE version: OpenJDK Runtime Environment (17.0.6) (build 17.0.6+0-b2043.56-10027231)
# Java VM: OpenJDK 64-Bit Server VM (17.0.6+0-b2043.56-10027231, mixed mode, tiered, compressed oops, compressed class ptrs, g1 gc, windows-amd64)
GC Precious Log:
 CPUs: 8 total, 8 available
 Memory: 16167M
 Large Page Support: Disabled
 NUMA Support: Disabled
 Compressed Oops: Enabled (32-bit)
 Heap Region Size: 1M
 Heap Min Capacity: 8M
 Heap Initial Capacity: 254M
 Heap Max Capacity: 2G
 Pre-touch: Disabled
 Parallel Workers: 8
 Concurrent Workers: 2
 Concurrent Refinement Workers: 8
 Periodic GC: Disabled
Heap:
 garbage-first heap   total 260096K, used 100792K [0x0000000080000000, 0x0000000100000000)
  region size 1024K, 3 young (3072K), 3 survivors (3072K)
 Metaspace       used 80464K, committed 81216K, reserved 1122304K
  class space    used 10785K, committed 11136K, reserved 1048576K
GC Heap History (20 events):
Event: 6.218 GC heap after
{Heap after GC invocations=24 (full 0):
 garbage-first heap   total 164864K, used 68134K [0x0000000080000000, 0x0000000100000000)
  region size 1024K, 5 young (5120K), 5 survivors (5120K)
 Metaspace       used 51432K, committed 51968K, reserved 1097728K
  class space    used 6855K, committed 7104K, reserved 1048576K
}
Event: 7.079 GC heap before
{Heap before GC invocations=24 (full 0):
 garbage-first heap   total 164864K, used 119334K [0x0000000080000000, 0x0000000100000000)
  region size 1024K, 55 young (56320K), 5 survivors (5120K)
 Metaspace       used 55667K, committed 56320K, reserved 1097728K
  class space    used 7505K, committed 7808K, reserved 1048576K
}
Event: 7.086 GC heap after
{Heap after GC invocations=25 (full 0):
 garbage-first heap   total 164864K, used 72186K [0x0000000080000000, 0x0000000100000000)
  region size 1024K, 7 young (7168K), 7 survivors (7168K)
 Metaspace       used 55667K, committed 56320K, reserved 1097728K
  class space    used 7505K, committed 7808K, reserved 1048576K
}
Event: 7.727 GC heap before
{Heap before GC invocations=26 (full 0):
 garbage-first heap   total 164864K, used 129530K [0x0000000080000000, 0x0000000100000000)
  region size 1024K, 54 young (55296K), 7 survivors (7168K)
 Metaspace       used 58754K, committed 59392K, reserved 1105920K
  class space    used 7920K, committed 8192K, reserved 1048576K
}
Event: 7.734 GC heap after
{Heap after GC invocations=27 (full 0):
 garbage-first heap   total 164864K, used 87951K [0x0000000080000000, 0x0000000100000000)
  region size 1024K, 7 young (7168K), 7 survivors (7168K)
 Metaspace       used 58754K, committed 59392K, reserved 1105920K
  class space    used 7920K, committed 8192K, reserved 1048576K
}
Event: 7.743 GC heap before
{Heap before GC invocations=27 (full 0):
 garbage-first heap   total 164864K, used 88975K [0x0000000080000000, 0x0000000100000000)
  region size 1024K, 8 young (8192K), 7 survivors (7168K)
 Metaspace       used 58877K, committed 59584K, reserved 1105920K
  class space    used 7937K, committed 8256K, reserved 1048576K
}
Event: 7.747 GC heap after
{Heap after GC invocations=28 (full 0):
 garbage-first heap   total 164864K, used 88331K [0x0000000080000000, 0x0000000100000000)
  region size 1024K, 1 young (1024K), 1 survivors (1024K)
 Metaspace       used 58877K, committed 59584K, reserved 1105920K
  class space    used 7937K, committed 8256K, reserved 1048576K
}
Event: 8.268 GC heap before
{Heap before GC invocations=28 (full 0):
 garbage-first heap   total 164864K, used 125195K [0x0000000080000000, 0x0000000100000000)
  region size 1024K, 37 young (37888K), 1 survivors (1024K)
 Metaspace       used 64879K, committed 65536K, reserved 1105920K
  class space    used 8714K, committed 9024K, reserved 1048576K
}
Event: 8.270 GC heap after
{Heap after GC invocations=29 (full 0):
 garbage-first heap   total 164864K, used 89661K [0x0000000080000000, 0x0000000100000000)
  region size 1024K, 2 young (2048K), 2 survivors (2048K)
 Metaspace       used 64879K, committed 65536K, reserved 1105920K
  class space    used 8714K, committed 9024K, reserved 1048576K
}
Event: 9.099 GC heap before
{Heap before GC invocations=30 (full 0):
 garbage-first heap   total 164864K, used 134717K [0x0000000080000000, 0x0000000100000000)
  region size 1024K, 40 young (40960K), 2 survivors (2048K)
 Metaspace       used 68512K, committed 69184K, reserved 1114112K
  class space    used 9165K, committed 9472K, reserved 1048576K
}
Event: 9.108 GC heap after
{Heap after GC invocations=31 (full 0):
 garbage-first heap   total 164864K, used 93667K [0x0000000080000000, 0x0000000100000000)
  region size 1024K, 5 young (5120K), 5 survivors (5120K)
 Metaspace       used 68512K, committed 69184K, reserved 1114112K
  class space    used 9165K, committed 9472K, reserved 1048576K
}
Event: 9.176 GC heap before
{Heap before GC invocations=31 (full 0):
 garbage-first heap   total 164864K, used 96739K [0x0000000080000000, 0x0000000100000000)
  region size 1024K, 8 young (8192K), 5 survivors (5120K)
 Metaspace       used 68714K, committed 69440K, reserved 1114112K
  class space    used 9189K, committed 9536K, reserved 1048576K
}
Event: 9.186 GC heap after
{Heap after GC invocations=32 (full 0):
 garbage-first heap   total 164864K, used 94603K [0x0000000080000000, 0x0000000100000000)
  region size 1024K, 1 young (1024K), 1 survivors (1024K)
 Metaspace       used 68714K, committed 69440K, reserved 1114112K
  class space    used 9189K, committed 9536K, reserved 1048576K
}
Event: 10.238 GC heap before
{Heap before GC invocations=32 (full 0):
 garbage-first heap   total 164864K, used 130443K [0x0000000080000000, 0x0000000100000000)
  region size 1024K, 36 young (36864K), 1 survivors (1024K)
 Metaspace       used 72633K, committed 73280K, reserved 1114112K
  class space    used 9759K, committed 10048K, reserved 1048576K
}
Event: 10.247 GC heap after
{Heap after GC invocations=33 (full 0):
 garbage-first heap   total 164864K, used 95828K [0x0000000080000000, 0x0000000100000000)
  region size 1024K, 3 young (3072K), 3 survivors (3072K)
 Metaspace       used 72633K, committed 73280K, reserved 1114112K
  class space    used 9759K, committed 10048K, reserved 1048576K
}
Event: 11.361 GC heap before
{Heap before GC invocations=34 (full 0):
 garbage-first heap   total 167936K, used 131668K [0x0000000080000000, 0x0000000100000000)
  region size 1024K, 38 young (38912K), 3 survivors (3072K)
 Metaspace       used 76863K, committed 77504K, reserved 1122304K
  class space    used 10331K, committed 10624K, reserved 1048576K
}
Event: 11.371 GC heap after
{Heap after GC invocations=35 (full 0):
 garbage-first heap   total 167936K, used 98620K [0x0000000080000000, 0x0000000100000000)
  region size 1024K, 5 young (5120K), 5 survivors (5120K)
 Metaspace       used 76863K, committed 77504K, reserved 1122304K
  class space    used 10331K, committed 10624K, reserved 1048576K
}
Event: 11.458 GC heap before
{Heap before GC invocations=35 (full 0):
 garbage-first heap   total 167936K, used 101692K [0x0000000080000000, 0x0000000100000000)
  region size 1024K, 8 young (8192K), 5 survivors (5120K)
 Metaspace       used 77142K, committed 77824K, reserved 1122304K
  class space    used 10367K, committed 10688K, reserved 1048576K
}
Event: 11.468 GC heap after
{Heap after GC invocations=36 (full 0):
 garbage-first heap   total 167936K, used 99039K [0x0000000080000000, 0x0000000100000000)
  region size 1024K, 1 young (1024K), 1 survivors (1024K)
 Metaspace       used 77142K, committed 77824K, reserved 1122304K
  class space    used 10367K, committed 10688K, reserved 1048576K
}
Event: 12.590 GC heap before
{Heap before GC invocations=36 (full 0):
 garbage-first heap   total 167936K, used 136927K [0x0000000080000000, 0x0000000100000000)
  region size 1024K, 38 young (38912K), 1 survivors (1024K)
 Metaspace       used 80464K, committed 81216K, reserved 1122304K
  class space    used 10785K, committed 11136K, reserved 1048576K
}

