# JRE version: OpenJDK Runtime Environment (17.0.6) (build 17.0.6+0-b2043.56-10027231)
# Java VM: OpenJDK 64-Bit Server VM (17.0.6+0-b2043.56-10027231, mixed mode, tiered, compressed oops, compressed class ptrs, g1 gc, windows-amd64)
GC Precious Log:
 CPUs: 8 total, 8 available
 Memory: 16167M
 Large Page Support: Disabled
 NUMA Support: Disabled
 Compressed Oops: Enabled (32-bit)
 Heap Region Size: 1M
 Heap Min Capacity: 8M
 Heap Initial Capacity: 254M
 Heap Max Capacity: 2G
 Pre-touch: Disabled
 Parallel Workers: 8
 Concurrent Workers: 2
 Concurrent Refinement Workers: 8
 Periodic GC: Disabled
Heap:
 garbage-first heap   total 260096K, used 123081K [0x0000000080000000, 0x0000000100000000)
  region size 1024K, 2 young (2048K), 2 survivors (2048K)
 Metaspace       used 102975K, committed 103680K, reserved 1146880K
  class space    used 13982K, committed 14336K, reserved 1048576K
GC Heap History (20 events):
Event: 16.114 GC heap after
{Heap after GC invocations=41 (full 0):
 garbage-first heap   total 144384K, used 75291K [0x0000000080000000, 0x0000000100000000)
  region size 1024K, 4 young (4096K), 4 survivors (4096K)
 Metaspace       used 90076K, committed 90688K, reserved 1130496K
  class space    used 12367K, committed 12672K, reserved 1048576K
}
Event: 16.193 GC heap before
{Heap before GC invocations=41 (full 0):
 garbage-first heap   total 144384K, used 78363K [0x0000000080000000, 0x0000000100000000)
  region size 1024K, 7 young (7168K), 4 survivors (4096K)
 Metaspace       used 91392K, committed 92032K, reserved 1130496K
  class space    used 12519K, committed 12800K, reserved 1048576K
}
Event: 16.198 GC heap after
{Heap after GC invocations=42 (full 0):
 garbage-first heap   total 144384K, used 75418K [0x0000000080000000, 0x0000000100000000)
  region size 1024K, 1 young (1024K), 1 survivors (1024K)
 Metaspace       used 91392K, committed 92032K, reserved 1130496K
  class space    used 12519K, committed 12800K, reserved 1048576K
}
Event: 16.772 GC heap before
{Heap before GC invocations=42 (full 0):
 garbage-first heap   total 144384K, used 116378K [0x0000000080000000, 0x0000000100000000)
  region size 1024K, 41 young (41984K), 1 survivors (1024K)
 Metaspace       used 93959K, committed 94592K, reserved 1130496K
  class space    used 12854K, committed 13120K, reserved 1048576K
}
Event: 16.776 GC heap after
{Heap after GC invocations=43 (full 0):
 garbage-first heap   total 144384K, used 78985K [0x0000000080000000, 0x0000000100000000)
  region size 1024K, 5 young (5120K), 5 survivors (5120K)
 Metaspace       used 93959K, committed 94592K, reserved 1130496K
  class space    used 12854K, committed 13120K, reserved 1048576K
}
Event: 17.259 GC heap before
{Heap before GC invocations=44 (full 0):
 garbage-first heap   total 144384K, used 116873K [0x0000000080000000, 0x0000000100000000)
  region size 1024K, 42 young (43008K), 5 survivors (5120K)
 Metaspace       used 94070K, committed 94720K, reserved 1130496K
  class space    used 12861K, committed 13184K, reserved 1048576K
}
Event: 17.269 GC heap after
{Heap after GC invocations=45 (full 0):
 garbage-first heap   total 144384K, used 84992K [0x0000000080000000, 0x0000000100000000)
  region size 1024K, 6 young (6144K), 6 survivors (6144K)
 Metaspace       used 94070K, committed 94720K, reserved 1130496K
  class space    used 12861K, committed 13184K, reserved 1048576K
}
Event: 17.283 GC heap before
{Heap before GC invocations=45 (full 0):
 garbage-first heap   total 144384K, used 86016K [0x0000000080000000, 0x0000000100000000)
  region size 1024K, 7 young (7168K), 6 survivors (6144K)
 Metaspace       used 94070K, committed 94720K, reserved 1130496K
  class space    used 12861K, committed 13184K, reserved 1048576K
}
Event: 17.289 GC heap after
{Heap after GC invocations=46 (full 0):
 garbage-first heap   total 188416K, used 85449K [0x0000000080000000, 0x0000000100000000)
  region size 1024K, 1 young (1024K), 1 survivors (1024K)
 Metaspace       used 94070K, committed 94720K, reserved 1130496K
  class space    used 12861K, committed 13184K, reserved 1048576K
}
Event: 18.285 GC heap before
{Heap before GC invocations=46 (full 0):
 garbage-first heap   total 188416K, used 148937K [0x0000000080000000, 0x0000000100000000)
  region size 1024K, 63 young (64512K), 1 survivors (1024K)
 Metaspace       used 96377K, committed 97024K, reserved 1138688K
  class space    used 13261K, committed 13568K, reserved 1048576K
}
Event: 18.291 GC heap after
{Heap after GC invocations=47 (full 0):
 garbage-first heap   total 188416K, used 90680K [0x0000000080000000, 0x0000000100000000)
  region size 1024K, 6 young (6144K), 6 survivors (6144K)
 Metaspace       used 96377K, committed 97024K, reserved 1138688K
  class space    used 13261K, committed 13568K, reserved 1048576K
}
Event: 19.134 GC heap before
{Heap before GC invocations=48 (full 0):
 garbage-first heap   total 188416K, used 151096K [0x0000000080000000, 0x0000000100000000)
  region size 1024K, 63 young (64512K), 6 survivors (6144K)
 Metaspace       used 100270K, committed 101056K, reserved 1138688K
  class space    used 13693K, committed 14080K, reserved 1048576K
}
Event: 19.145 GC heap after
{Heap after GC invocations=49 (full 0):
 garbage-first heap   total 188416K, used 108291K [0x0000000080000000, 0x0000000100000000)
  region size 1024K, 8 young (8192K), 8 survivors (8192K)
 Metaspace       used 100270K, committed 101056K, reserved 1138688K
  class space    used 13693K, committed 14080K, reserved 1048576K
}
Event: 19.158 GC heap before
{Heap before GC invocations=49 (full 0):
 garbage-first heap   total 188416K, used 109315K [0x0000000080000000, 0x0000000100000000)
  region size 1024K, 9 young (9216K), 8 survivors (8192K)
 Metaspace       used 100327K, committed 101120K, reserved 1138688K
  class space    used 13700K, committed 14080K, reserved 1048576K
}
Event: 19.164 GC heap after
{Heap after GC invocations=50 (full 0):
 garbage-first heap   total 188416K, used 110495K [0x0000000080000000, 0x0000000100000000)
  region size 1024K, 2 young (2048K), 2 survivors (2048K)
 Metaspace       used 100327K, committed 101120K, reserved 1138688K
  class space    used 13700K, committed 14080K, reserved 1048576K
}
Event: 19.666 GC heap before
{Heap before GC invocations=50 (full 0):
 garbage-first heap   total 188416K, used 143263K [0x0000000080000000, 0x0000000100000000)
  region size 1024K, 34 young (34816K), 2 survivors (2048K)
 Metaspace       used 100629K, committed 101376K, reserved 1138688K
  class space    used 13724K, committed 14080K, reserved 1048576K
}
Event: 19.673 GC heap after
{Heap after GC invocations=51 (full 0):
 garbage-first heap   total 188416K, used 117187K [0x0000000080000000, 0x0000000100000000)
  region size 1024K, 5 young (5120K), 5 survivors (5120K)
 Metaspace       used 100629K, committed 101376K, reserved 1138688K
  class space    used 13724K, committed 14080K, reserved 1048576K
}
Event: 20.075 GC heap before
{Heap before GC invocations=51 (full 0):
 garbage-first heap   total 188416K, used 160195K [0x0000000080000000, 0x0000000100000000)
  region size 1024K, 31 young (31744K), 5 survivors (5120K)
 Metaspace       used 102521K, committed 103296K, reserved 1138688K
  class space    used 13943K, committed 14336K, reserved 1048576K
}
Event: 20.084 GC heap after
{Heap after GC invocations=52 (full 0):
 garbage-first heap   total 188416K, used 121494K [0x0000000080000000, 0x0000000100000000)
  region size 1024K, 4 young (4096K), 4 survivors (4096K)
 Metaspace       used 102521K, committed 103296K, reserved 1138688K
  class space    used 13943K, committed 14336K, reserved 1048576K
}
Event: 20.367 GC heap before
{Heap before GC invocations=52 (full 0):
 garbage-first heap   total 188416K, used 146070K [0x0000000080000000, 0x0000000100000000)
  region size 1024K, 29 young (29696K), 4 survivors (4096K)
 Metaspace       used 102975K, committed 103680K, reserved 1146880K
  class space    used 13982K, committed 14336K, reserved 1048576K
}

